/www/django_www/app01/utils/form.py changed, reloading.
Performing system checks...

System check identified no issues (0 silenced).
February 15, 2023 - 12:20:47
Django version 3.2, using settings 'django_www.settings'
Starting development server at http://0.0.0.0:80/
Quit the server with CONTROL-C.
Watching for file changes with StatReloader
Exception in thread django-main-thread:
Traceback (most recent call last):
  File "/usr/local/lib/python3.8/dist-packages/django/utils/module_loading.py", line 20, in import_string
    return getattr(module, class_name)
AttributeError: module 'app01.middleware.auth' has no attribute 'Auth'

The above exception was the direct cause of the following exception:

Traceback (most recent call last):
  File "/usr/local/lib/python3.8/dist-packages/django/core/servers/basehttp.py", line 45, in get_internal_wsgi_application
    return import_string(app_path)
  File "/usr/local/lib/python3.8/dist-packages/django/utils/module_loading.py", line 17, in import_string
    module = import_module(module_path)
  File "/usr/lib/python3.8/importlib/__init__.py", line 127, in import_module
    return _bootstrap._gcd_import(name[level:], package, level)
  File "<frozen importlib._bootstrap>", line 1014, in _gcd_import
  File "<frozen importlib._bootstrap>", line 991, in _find_and_load
  File "<frozen importlib._bootstrap>", line 975, in _find_and_load_unlocked
  File "<frozen importlib._bootstrap>", line 671, in _load_unlocked
  File "<frozen importlib._bootstrap_external>", line 848, in exec_module
  File "<frozen importlib._bootstrap>", line 219, in _call_with_frames_removed
  File "/www/django_www/django_www/wsgi.py", line 16, in <module>
    application = get_wsgi_application()
  File "/usr/local/lib/python3.8/dist-packages/django/core/wsgi.py", line 13, in get_wsgi_application
    return WSGIHandler()
  File "/usr/local/lib/python3.8/dist-packages/django/core/handlers/wsgi.py", line 127, in __init__
    self.load_middleware()
  File "/usr/local/lib/python3.8/dist-packages/django/core/handlers/base.py", line 40, in load_middleware
    middleware = import_string(middleware_path)
  File "/usr/local/lib/python3.8/dist-packages/django/utils/module_loading.py", line 22, in import_string
    raise ImportError('Module "%s" does not define a "%s" attribute/class' % (
ImportError: Module "app01.middleware.auth" does not define a "Auth" attribute/class

The above exception was the direct cause of the following exception:

Traceback (most recent call last):
  File "/usr/lib/python3.8/threading.py", line 932, in _bootstrap_inner
    self.run()
  File "/usr/lib/python3.8/threading.py", line 870, in run
    self._target(*self._args, **self._kwargs)
  File "/usr/local/lib/python3.8/dist-packages/django/utils/autoreload.py", line 64, in wrapper
    fn(*args, **kwargs)
  File "/usr/local/lib/python3.8/dist-packages/django/core/management/commands/runserver.py", line 138, in inner_run
    handler = self.get_handler(*args, **options)
  File "/usr/local/lib/python3.8/dist-packages/django/contrib/staticfiles/management/commands/runserver.py", line 27, in get_handler
    handler = super().get_handler(*args, **options)
  File "/usr/local/lib/python3.8/dist-packages/django/core/management/commands/runserver.py", line 65, in get_handler
    return get_internal_wsgi_application()
  File "/usr/local/lib/python3.8/dist-packages/django/core/servers/basehttp.py", line 47, in get_internal_wsgi_application
    raise ImproperlyConfigured(
django.core.exceptions.ImproperlyConfigured: WSGI application 'django_www.wsgi.application' could not be loaded; Error importing module.
/www/django_www/app01/utils/bootstrap_form.py changed, reloading.
Performing system checks...

System check identified no issues (0 silenced).
February 15, 2023 - 12:21:21
Django version 3.2, using settings 'django_www.settings'
Starting development server at http://0.0.0.0:80/
Quit the server with CONTROL-C.
Watching for file changes with StatReloader
Exception in thread django-main-thread:
Traceback (most recent call last):
  File "/usr/local/lib/python3.8/dist-packages/django/utils/module_loading.py", line 20, in import_string
    return getattr(module, class_name)
AttributeError: module 'app01.middleware.auth' has no attribute 'Auth'

The above exception was the direct cause of the following exception:

Traceback (most recent call last):
  File "/usr/local/lib/python3.8/dist-packages/django/core/servers/basehttp.py", line 45, in get_internal_wsgi_application
    return import_string(app_path)
  File "/usr/local/lib/python3.8/dist-packages/django/utils/module_loading.py", line 17, in import_string
    module = import_module(module_path)
  File "/usr/lib/python3.8/importlib/__init__.py", line 127, in import_module
    return _bootstrap._gcd_import(name[level:], package, level)
  File "<frozen importlib._bootstrap>", line 1014, in _gcd_import
  File "<frozen importlib._bootstrap>", line 991, in _find_and_load
  File "<frozen importlib._bootstrap>", line 975, in _find_and_load_unlocked
  File "<frozen importlib._bootstrap>", line 671, in _load_unlocked
  File "<frozen importlib._bootstrap_external>", line 848, in exec_module
  File "<frozen importlib._bootstrap>", line 219, in _call_with_frames_removed
  File "/www/django_www/django_www/wsgi.py", line 16, in <module>
    application = get_wsgi_application()
  File "/usr/local/lib/python3.8/dist-packages/django/core/wsgi.py", line 13, in get_wsgi_application
    return WSGIHandler()
  File "/usr/local/lib/python3.8/dist-packages/django/core/handlers/wsgi.py", line 127, in __init__
    self.load_middleware()
  File "/usr/local/lib/python3.8/dist-packages/django/core/handlers/base.py", line 40, in load_middleware
    middleware = import_string(middleware_path)
  File "/usr/local/lib/python3.8/dist-packages/django/utils/module_loading.py", line 22, in import_string
    raise ImportError('Module "%s" does not define a "%s" attribute/class' % (
ImportError: Module "app01.middleware.auth" does not define a "Auth" attribute/class

The above exception was the direct cause of the following exception:

Traceback (most recent call last):
  File "/usr/lib/python3.8/threading.py", line 932, in _bootstrap_inner
    self.run()
  File "/usr/lib/python3.8/threading.py", line 870, in run
    self._target(*self._args, **self._kwargs)
  File "/usr/local/lib/python3.8/dist-packages/django/utils/autoreload.py", line 64, in wrapper
    fn(*args, **kwargs)
  File "/usr/local/lib/python3.8/dist-packages/django/core/management/commands/runserver.py", line 138, in inner_run
    handler = self.get_handler(*args, **options)
  File "/usr/local/lib/python3.8/dist-packages/django/contrib/staticfiles/management/commands/runserver.py", line 27, in get_handler
    handler = super().get_handler(*args, **options)
  File "/usr/local/lib/python3.8/dist-packages/django/core/management/commands/runserver.py", line 65, in get_handler
    return get_internal_wsgi_application()
  File "/usr/local/lib/python3.8/dist-packages/django/core/servers/basehttp.py", line 47, in get_internal_wsgi_application
    raise ImproperlyConfigured(
django.core.exceptions.ImproperlyConfigured: WSGI application 'django_www.wsgi.application' could not be loaded; Error importing module.
/www/django_www/app01/utils/form.py changed, reloading.
Performing system checks...

System check identified no issues (0 silenced).
February 15, 2023 - 12:22:08
Django version 3.2, using settings 'django_www.settings'
Starting development server at http://0.0.0.0:80/
Quit the server with CONTROL-C.
Watching for file changes with StatReloader
Exception in thread django-main-thread:
Traceback (most recent call last):
  File "/usr/local/lib/python3.8/dist-packages/django/utils/module_loading.py", line 20, in import_string
    return getattr(module, class_name)
AttributeError: module 'app01.middleware.auth' has no attribute 'Auth'

The above exception was the direct cause of the following exception:

Traceback (most recent call last):
  File "/usr/local/lib/python3.8/dist-packages/django/core/servers/basehttp.py", line 45, in get_internal_wsgi_application
    return import_string(app_path)
  File "/usr/local/lib/python3.8/dist-packages/django/utils/module_loading.py", line 17, in import_string
    module = import_module(module_path)
  File "/usr/lib/python3.8/importlib/__init__.py", line 127, in import_module
    return _bootstrap._gcd_import(name[level:], package, level)
  File "<frozen importlib._bootstrap>", line 1014, in _gcd_import
  File "<frozen importlib._bootstrap>", line 991, in _find_and_load
  File "<frozen importlib._bootstrap>", line 975, in _find_and_load_unlocked
  File "<frozen importlib._bootstrap>", line 671, in _load_unlocked
  File "<frozen importlib._bootstrap_external>", line 848, in exec_module
  File "<frozen importlib._bootstrap>", line 219, in _call_with_frames_removed
  File "/www/django_www/django_www/wsgi.py", line 16, in <module>
    application = get_wsgi_application()
  File "/usr/local/lib/python3.8/dist-packages/django/core/wsgi.py", line 13, in get_wsgi_application
    return WSGIHandler()
  File "/usr/local/lib/python3.8/dist-packages/django/core/handlers/wsgi.py", line 127, in __init__
    self.load_middleware()
  File "/usr/local/lib/python3.8/dist-packages/django/core/handlers/base.py", line 40, in load_middleware
    middleware = import_string(middleware_path)
  File "/usr/local/lib/python3.8/dist-packages/django/utils/module_loading.py", line 22, in import_string
    raise ImportError('Module "%s" does not define a "%s" attribute/class' % (
ImportError: Module "app01.middleware.auth" does not define a "Auth" attribute/class

The above exception was the direct cause of the following exception:

Traceback (most recent call last):
  File "/usr/lib/python3.8/threading.py", line 932, in _bootstrap_inner
    self.run()
  File "/usr/lib/python3.8/threading.py", line 870, in run
    self._target(*self._args, **self._kwargs)
  File "/usr/local/lib/python3.8/dist-packages/django/utils/autoreload.py", line 64, in wrapper
    fn(*args, **kwargs)
  File "/usr/local/lib/python3.8/dist-packages/django/core/management/commands/runserver.py", line 138, in inner_run
    handler = self.get_handler(*args, **options)
  File "/usr/local/lib/python3.8/dist-packages/django/contrib/staticfiles/management/commands/runserver.py", line 27, in get_handler
    handler = super().get_handler(*args, **options)
  File "/usr/local/lib/python3.8/dist-packages/django/core/management/commands/runserver.py", line 65, in get_handler
    return get_internal_wsgi_application()
  File "/usr/local/lib/python3.8/dist-packages/django/core/servers/basehttp.py", line 47, in get_internal_wsgi_application
    raise ImproperlyConfigured(
django.core.exceptions.ImproperlyConfigured: WSGI application 'django_www.wsgi.application' could not be loaded; Error importing module.
/www/django_www/app01/middleware/auth.py changed, reloading.
Performing system checks...

System check identified no issues (0 silenced).
February 15, 2023 - 12:23:17
Django version 3.2, using settings 'django_www.settings'
Starting development server at http://0.0.0.0:80/
Quit the server with CONTROL-C.
Watching for file changes with StatReloader
/www/django_www/app01/middleware/auth.py changed, reloading.
Performing system checks...

System check identified no issues (0 silenced).
February 15, 2023 - 12:23:30
Django version 3.2, using settings 'django_www.settings'
Starting development server at http://0.0.0.0:80/
Quit the server with CONTROL-C.
Watching for file changes with StatReloader
[15/Feb/2023 12:24:01] "GET /index/ HTTP/1.1" 200 7227
[15/Feb/2023 12:24:03] "GET /index/ HTTP/1.1" 200 7227
[15/Feb/2023 12:24:03] "GET /admin/ HTTP/1.1" 200 8500
[15/Feb/2023 12:24:04] "GET /lifelog/ HTTP/1.1" 200 12883
[15/Feb/2023 12:24:05] "GET /music/list/ HTTP/1.1" 200 13074
[15/Feb/2023 12:24:06] "GET /logout/ HTTP/1.1" 302 0
[15/Feb/2023 12:24:06] "GET /login/ HTTP/1.1" 200 4684
[15/Feb/2023 12:24:06] "GET /auth/code/ HTTP/1.1" 200 3902
[15/Feb/2023 12:24:08] "GET /index/ HTTP/1.1" 200 7226
[15/Feb/2023 12:24:09] "GET /lifelog/ HTTP/1.1" 302 0
[15/Feb/2023 12:24:09] "GET /login/ HTTP/1.1" 200 4684
[15/Feb/2023 12:24:09] "GET /auth/code/ HTTP/1.1" 200 4964
[15/Feb/2023 12:24:10] "GET /admin/ HTTP/1.1" 302 0
[15/Feb/2023 12:24:10] "GET /login/ HTTP/1.1" 200 4684
[15/Feb/2023 12:24:10] "GET /auth/code/ HTTP/1.1" 200 3774
[15/Feb/2023 12:24:11] "GET /music/list/ HTTP/1.1" 302 0
[15/Feb/2023 12:24:11] "GET /login/ HTTP/1.1" 200 4684
[15/Feb/2023 12:24:11] "GET /auth/code/ HTTP/1.1" 200 4741
[15/Feb/2023 12:24:12] "GET /index/ HTTP/1.1" 200 7226
[15/Feb/2023 12:32:22] "GET /login/ HTTP/1.1" 200 4684
[15/Feb/2023 12:32:22] "GET /auth/code/ HTTP/1.1" 200 3505
[15/Feb/2023 12:32:22] "GET /login/ HTTP/1.1" 200 4684
[15/Feb/2023 12:32:22] "GET /auth/code/ HTTP/1.1" 200 4451
[15/Feb/2023 12:32:23] "GET /login/ HTTP/1.1" 200 4684
[15/Feb/2023 12:32:23] "GET /auth/code/ HTTP/1.1" 200 4551
[15/Feb/2023 12:32:23] "GET /login/ HTTP/1.1" 200 4684
[15/Feb/2023 12:32:23] "GET /auth/code/ HTTP/1.1" 200 4430
[15/Feb/2023 12:32:23] "GET /login/ HTTP/1.1" 200 4684
[15/Feb/2023 12:32:23] "GET /auth/code/ HTTP/1.1" 200 3935
[15/Feb/2023 12:32:23] "GET /login/ HTTP/1.1" 200 4684
[15/Feb/2023 12:32:23] "GET /auth/code/ HTTP/1.1" 200 3366
[15/Feb/2023 12:32:23] "GET /login/ HTTP/1.1" 200 4684
[15/Feb/2023 12:32:23] "GET /auth/code/ HTTP/1.1" 200 4522
[15/Feb/2023 12:32:23] "GET /login/ HTTP/1.1" 200 4684
[15/Feb/2023 12:32:23] "GET /auth/code/ HTTP/1.1" 200 4078
[15/Feb/2023 12:33:01] "GET /login/ HTTP/1.1" 200 4671
[15/Feb/2023 12:33:01] "GET /auth/code/ HTTP/1.1" 200 4168
[15/Feb/2023 12:33:05] "GET /login/ HTTP/1.1" 200 4684
[15/Feb/2023 12:33:05] "GET /auth/code/ HTTP/1.1" 200 4726
[15/Feb/2023 12:38:18] "GET /login/ HTTP/1.1" 200 4716
[15/Feb/2023 12:38:18] "GET /auth/code/ HTTP/1.1" 200 3899
[15/Feb/2023 12:40:32] "GET /login/ HTTP/1.1" 200 4715
[15/Feb/2023 12:40:32] "GET /auth/code/ HTTP/1.1" 200 4126
[15/Feb/2023 12:40:42] "GET /login/ HTTP/1.1" 200 4685
[15/Feb/2023 12:40:42] "GET /auth/code/ HTTP/1.1" 200 5109
[15/Feb/2023 12:41:54] "GET /login/ HTTP/1.1" 200 4689
[15/Feb/2023 12:41:54] "GET /auth/code/ HTTP/1.1" 200 4212
[15/Feb/2023 12:41:56] "GET /login/ HTTP/1.1" 200 4689
[15/Feb/2023 12:41:56] "GET /auth/code/ HTTP/1.1" 200 3989
[15/Feb/2023 12:41:56] "GET /login/ HTTP/1.1" 200 4689
[15/Feb/2023 12:41:57] "GET /auth/code/ HTTP/1.1" 200 3866
[15/Feb/2023 12:41:57] "GET /login/ HTTP/1.1" 200 4689
[15/Feb/2023 12:41:57] "GET /auth/code/ HTTP/1.1" 200 4343
[15/Feb/2023 12:41:57] "GET /login/ HTTP/1.1" 200 4689
[15/Feb/2023 12:41:57] "GET /auth/code/ HTTP/1.1" 200 3522
[15/Feb/2023 12:41:57] "GET /login/ HTTP/1.1" 200 4689
[15/Feb/2023 12:41:57] "GET /auth/code/ HTTP/1.1" 200 4600
[15/Feb/2023 12:42:13] "GET /login/ HTTP/1.1" 200 4689
[15/Feb/2023 12:42:13] "GET /auth/code/ HTTP/1.1" 200 4227
[15/Feb/2023 12:42:14] "GET /login/ HTTP/1.1" 200 4689
[15/Feb/2023 12:42:14] "GET /auth/code/ HTTP/1.1" 200 3936
[15/Feb/2023 12:42:14] "GET /login/ HTTP/1.1" 200 4689
[15/Feb/2023 12:42:14] "GET /auth/code/ HTTP/1.1" 200 4021
[15/Feb/2023 12:42:19] "GET /login/ HTTP/1.1" 200 4685
[15/Feb/2023 12:42:19] "GET /auth/code/ HTTP/1.1" 200 4520
[15/Feb/2023 12:43:01] "GET /login/ HTTP/1.1" 200 4699
[15/Feb/2023 12:43:01] "GET /auth/code/ HTTP/1.1" 200 3963
[15/Feb/2023 12:43:09] "GET /login/ HTTP/1.1" 200 4685
[15/Feb/2023 12:43:09] "GET /auth/code/ HTTP/1.1" 200 4660
[15/Feb/2023 12:44:16] "GET /login/ HTTP/1.1" 200 4700
[15/Feb/2023 12:44:16] "GET /auth/code/ HTTP/1.1" 200 4382
[15/Feb/2023 12:44:38] "GET /login/ HTTP/1.1" 200 4687
[15/Feb/2023 12:44:38] "GET /auth/code/ HTTP/1.1" 200 4240
[15/Feb/2023 12:45:24] "GET /login/ HTTP/1.1" 200 4709
[15/Feb/2023 12:45:24] "GET /auth/code/ HTTP/1.1" 200 3734
[15/Feb/2023 12:45:31] "GET /login/ HTTP/1.1" 200 4709
[15/Feb/2023 12:45:31] "GET /auth/code/ HTTP/1.1" 200 4166
[15/Feb/2023 12:45:45] "GET /login/ HTTP/1.1" 200 4709
[15/Feb/2023 12:45:45] "GET /auth/code/ HTTP/1.1" 200 4198
[15/Feb/2023 12:45:51] "GET /login/ HTTP/1.1" 200 4709
[15/Feb/2023 12:45:51] "GET /auth/code/ HTTP/1.1" 200 4466
[15/Feb/2023 12:46:16] "GET /static/bootstrap/css/bootstrap.min.css.map HTTP/1.1" 200 522639
[15/Feb/2023 12:46:16] "GET /static/bootstrap/js/bootstrap.min.js.map HTTP/1.1" 200 216913
[15/Feb/2023 12:46:33] "GET /login/ HTTP/1.1" 200 4713
[15/Feb/2023 12:46:33] "GET /auth/code/ HTTP/1.1" 200 4811
[15/Feb/2023 12:46:38] "GET /login/ HTTP/1.1" 200 4714
[15/Feb/2023 12:46:38] "GET /auth/code/ HTTP/1.1" 200 4180
[15/Feb/2023 12:46:43] "GET /login/ HTTP/1.1" 200 4714
[15/Feb/2023 12:46:43] "GET /auth/code/ HTTP/1.1" 200 4365
[15/Feb/2023 12:46:44] "GET /login/ HTTP/1.1" 200 4714
[15/Feb/2023 12:46:44] "GET /auth/code/ HTTP/1.1" 200 4449
[15/Feb/2023 12:46:44] "GET /login/ HTTP/1.1" 200 4714
[15/Feb/2023 12:46:44] "GET /auth/code/ HTTP/1.1" 200 4593
[15/Feb/2023 12:46:44] "GET /login/ HTTP/1.1" 200 4714
[15/Feb/2023 12:46:44] "GET /auth/code/ HTTP/1.1" 200 3680
[15/Feb/2023 12:46:46] "GET /login/ HTTP/1.1" 200 4714
[15/Feb/2023 12:46:46] "GET /auth/code/ HTTP/1.1" 200 4253
[15/Feb/2023 12:46:49] "GET /static/bootstrap/js/bootstrap.min.js.map HTTP/1.1" 200 216913
[15/Feb/2023 12:46:49] "GET /static/bootstrap/css/bootstrap.min.css.map HTTP/1.1" 200 522639
[15/Feb/2023 12:47:09] "GET /login/ HTTP/1.1" 200 4714
[15/Feb/2023 12:47:09] "GET /auth/code/ HTTP/1.1" 200 4173
[15/Feb/2023 12:47:12] "GET /static/bootstrap/js/bootstrap.min.js.map HTTP/1.1" 200 216913
[15/Feb/2023 12:47:12] "GET /static/bootstrap/css/bootstrap.min.css.map HTTP/1.1" 200 522639
[15/Feb/2023 12:47:26] "GET /login/ HTTP/1.1" 200 4714
[15/Feb/2023 12:47:26] "GET /static/jquery-3.5.1/jquery.min.js HTTP/1.1" 200 89476
[15/Feb/2023 12:47:26] "GET /static/bootstrap/css/bootstrap.min.css HTTP/1.1" 200 194901
[15/Feb/2023 12:47:26] "GET /auth/code/ HTTP/1.1" 200 4326
[15/Feb/2023 12:47:26] "GET /static/bootstrap/js/bootstrap.min.js HTTP/1.1" 200 60404
[15/Feb/2023 12:47:26] "GET /static/bootstrap/css/bootstrap.min.css.map HTTP/1.1" 200 522639
[15/Feb/2023 12:47:26] "GET /static/bootstrap/js/bootstrap.min.js.map HTTP/1.1" 200 216913
[15/Feb/2023 12:47:42] "GET /login/ HTTP/1.1" 200 4708
[15/Feb/2023 12:47:42] "GET /auth/code/ HTTP/1.1" 200 4516
[15/Feb/2023 12:47:48] "GET /login/ HTTP/1.1" 200 4708
[15/Feb/2023 12:47:48] "GET /auth/code/ HTTP/1.1" 200 4113
[15/Feb/2023 12:47:57] "GET /login/ HTTP/1.1" 200 4708
[15/Feb/2023 12:47:57] "GET /auth/code/ HTTP/1.1" 200 5310
[15/Feb/2023 12:48:10] "GET /login/ HTTP/1.1" 200 4708
[15/Feb/2023 12:48:10] "GET /auth/code/ HTTP/1.1" 200 3740
[15/Feb/2023 12:48:15] "GET /login/ HTTP/1.1" 200 4708
[15/Feb/2023 12:48:15] "GET /auth/code/ HTTP/1.1" 200 4346
[15/Feb/2023 12:48:28] "GET /login/ HTTP/1.1" 200 4708
[15/Feb/2023 12:48:28] "GET /auth/code/ HTTP/1.1" 200 4220
[15/Feb/2023 12:48:53] "GET /login/ HTTP/1.1" 200 4708
[15/Feb/2023 12:48:53] "GET /auth/code/ HTTP/1.1" 200 3703
/www/django_www/app01/views/login.py changed, reloading.
Performing system checks...

System check identified no issues (0 silenced).
February 15, 2023 - 12:24:01
Django version 3.2, using settings 'django_www.settings'
Starting development server at http://0.0.0.0:80/
Quit the server with CONTROL-C.
request <WSGIRequest: GET '/admin/'>
request.session <django.contrib.sessions.backends.db.SessionStore object at 0x7fa042b8a130>
Watching for file changes with StatReloader
/www/django_www/app01/views/login.py changed, reloading.
Performing system checks...

System check identified no issues (0 silenced).
February 15, 2023 - 12:53:58
Django version 3.2, using settings 'django_www.settings'
Starting development server at http://0.0.0.0:80/
Quit the server with CONTROL-C.
Watching for file changes with StatReloader
/www/django_www/app01/views/login.py changed, reloading.
Performing system checks...

System check identified no issues (0 silenced).
February 15, 2023 - 12:54:42
Django version 3.2, using settings 'django_www.settings'
Starting development server at http://0.0.0.0:80/
Quit the server with CONTROL-C.
Watching for file changes with StatReloader
[15/Feb/2023 12:55:31] "GET /login/ HTTP/1.1" 200 4816
[15/Feb/2023 12:55:31] "GET /auth/code/ HTTP/1.1" 200 4467
[15/Feb/2023 12:55:32] "GET /login/ HTTP/1.1" 200 4816
[15/Feb/2023 12:55:32] "GET /auth/code/ HTTP/1.1" 200 3645
/www/django_www/app01/views/login.py changed, reloading.
Performing system checks...

System check identified no issues (0 silenced).
February 15, 2023 - 12:54:55
Django version 3.2, using settings 'django_www.settings'
Starting development server at http://0.0.0.0:80/
Quit the server with CONTROL-C.
Watching for file changes with StatReloader
Exception in thread django-main-thread:
Traceback (most recent call last):
  File "/usr/lib/python3.8/threading.py", line 932, in _bootstrap_inner
    self.run()
  File "/usr/lib/python3.8/threading.py", line 870, in run
    self._target(*self._args, **self._kwargs)
  File "/usr/local/lib/python3.8/dist-packages/django/utils/autoreload.py", line 64, in wrapper
    fn(*args, **kwargs)
  File "/usr/local/lib/python3.8/dist-packages/django/core/management/commands/runserver.py", line 118, in inner_run
    self.check(display_num_errors=True)
  File "/usr/local/lib/python3.8/dist-packages/django/core/management/base.py", line 419, in check
    all_issues = checks.run_checks(
  File "/usr/local/lib/python3.8/dist-packages/django/core/checks/registry.py", line 76, in run_checks
    new_errors = check(app_configs=app_configs, databases=databases)
  File "/usr/local/lib/python3.8/dist-packages/django/core/checks/urls.py", line 13, in check_url_config
    return check_resolver(resolver)
  File "/usr/local/lib/python3.8/dist-packages/django/core/checks/urls.py", line 23, in check_resolver
    return check_method()
  File "/usr/local/lib/python3.8/dist-packages/django/urls/resolvers.py", line 412, in check
    for pattern in self.url_patterns:
  File "/usr/local/lib/python3.8/dist-packages/django/utils/functional.py", line 48, in __get__
    res = instance.__dict__[self.name] = self.func(instance)
  File "/usr/local/lib/python3.8/dist-packages/django/urls/resolvers.py", line 598, in url_patterns
    patterns = getattr(self.urlconf_module, "urlpatterns", self.urlconf_module)
  File "/usr/local/lib/python3.8/dist-packages/django/utils/functional.py", line 48, in __get__
    res = instance.__dict__[self.name] = self.func(instance)
  File "/usr/local/lib/python3.8/dist-packages/django/urls/resolvers.py", line 591, in urlconf_module
    return import_module(self.urlconf_name)
  File "/usr/lib/python3.8/importlib/__init__.py", line 127, in import_module
    return _bootstrap._gcd_import(name[level:], package, level)
  File "<frozen importlib._bootstrap>", line 1014, in _gcd_import
  File "<frozen importlib._bootstrap>", line 991, in _find_and_load
  File "<frozen importlib._bootstrap>", line 975, in _find_and_load_unlocked
  File "<frozen importlib._bootstrap>", line 671, in _load_unlocked
  File "<frozen importlib._bootstrap_external>", line 848, in exec_module
  File "<frozen importlib._bootstrap>", line 219, in _call_with_frames_removed
  File "/www/django_www/django_www/urls.py", line 4, in <module>
    from app01.views import login
  File "/www/django_www/app01/views/login.py", line 11, in <module>
    class LoginForm(forms.Form):
  File "/www/django_www/app01/views/login.py", line 18, in LoginForm
    widget=forms.PasswordInput(attrs={'class': 'form-control','placeholder':Password})  
NameError: name 'Password' is not defined
/www/django_www/app01/views/login.py changed, reloading.
Performing system checks...

Watching for file changes with StatReloader
[15/Feb/2023 12:56:22] "GET /login/ HTTP/1.1" 200 4839
[15/Feb/2023 12:56:22] "GET /auth/code/ HTTP/1.1" 200 5356
[15/Feb/2023 12:56:23] "GET /login/ HTTP/1.1" 200 4839
[15/Feb/2023 12:56:23] "GET /auth/code/ HTTP/1.1" 200 3931
[15/Feb/2023 12:56:42] "GET /login/ HTTP/1.1" 200 4840
[15/Feb/2023 12:56:42] "GET /auth/code/ HTTP/1.1" 200 4434
/www/django_www/app01/views/login.py changed, reloading.
Performing system checks...

System check identified no issues (0 silenced).
February 15, 2023 - 12:56:22
Django version 3.2, using settings 'django_www.settings'
Starting development server at http://0.0.0.0:80/
Quit the server with CONTROL-C.
Watching for file changes with StatReloader
[15/Feb/2023 12:57:31] "GET /login/ HTTP/1.1" 200 4884
[15/Feb/2023 12:57:31] "GET /auth/code/ HTTP/1.1" 200 4183
[15/Feb/2023 13:00:10] "GET /login/ HTTP/1.1" 200 4889
[15/Feb/2023 13:00:10] "GET /auth/code/ HTTP/1.1" 200 3879
[15/Feb/2023 13:00:10] "GET /login/ HTTP/1.1" 200 4889
[15/Feb/2023 13:00:10] "GET /auth/code/ HTTP/1.1" 200 4109
[15/Feb/2023 13:00:11] "GET /login/ HTTP/1.1" 200 4889
[15/Feb/2023 13:00:11] "GET /auth/code/ HTTP/1.1" 200 4484
[15/Feb/2023 13:00:11] "GET /login/ HTTP/1.1" 200 4889
[15/Feb/2023 13:00:11] "GET /auth/code/ HTTP/1.1" 200 4884
[15/Feb/2023 13:00:21] "GET /static/bootstrap/js/bootstrap.min.js.map HTTP/1.1" 200 216913
[15/Feb/2023 13:00:21] "GET /static/bootstrap/css/bootstrap.min.css.map HTTP/1.1" 200 522639
[15/Feb/2023 13:00:38] "GET /login/ HTTP/1.1" 200 4879
[15/Feb/2023 13:00:38] "GET /auth/code/ HTTP/1.1" 200 4857
[15/Feb/2023 13:00:42] "GET /login/ HTTP/1.1" 200 4885
[15/Feb/2023 13:00:42] "GET /auth/code/ HTTP/1.1" 200 3671
[15/Feb/2023 13:00:52] "GET /login/ HTTP/1.1" 200 4890
[15/Feb/2023 13:00:52] "GET /auth/code/ HTTP/1.1" 200 4503
[15/Feb/2023 13:00:53] "GET /login/ HTTP/1.1" 200 4890
[15/Feb/2023 13:00:53] "GET /auth/code/ HTTP/1.1" 200 3858
[15/Feb/2023 13:00:53] "GET /login/ HTTP/1.1" 200 4890
[15/Feb/2023 13:00:53] "GET /auth/code/ HTTP/1.1" 200 3505
[15/Feb/2023 13:01:09] "GET /static/bootstrap/js/bootstrap.min.js.map HTTP/1.1" 200 216913
[15/Feb/2023 13:01:09] "GET /static/bootstrap/css/bootstrap.min.css.map HTTP/1.1" 200 522639
[15/Feb/2023 13:01:46] "POST /login/ HTTP/1.1" 200 4901
[15/Feb/2023 13:01:46] "GET /static/jquery-3.5.1/jquery.min.js HTTP/1.1" 200 89476
[15/Feb/2023 13:01:46] "GET /static/bootstrap/css/bootstrap.min.css HTTP/1.1" 200 194901
[15/Feb/2023 13:01:46] "GET /static/bootstrap/js/bootstrap.min.js HTTP/1.1" 200 60404
[15/Feb/2023 13:01:46] "GET /auth/code/ HTTP/1.1" 200 3931
[15/Feb/2023 13:01:46] "GET /static/bootstrap/js/bootstrap.min.js.map HTTP/1.1" 200 216913
[15/Feb/2023 13:01:46] "GET /static/bootstrap/css/bootstrap.min.css.map HTTP/1.1" 200 522639
[15/Feb/2023 13:02:59] "GET /login/?username=11&password=11 HTTP/1.1" 200 4890
[15/Feb/2023 13:02:59] "GET /auth/code/ HTTP/1.1" 200 3814
[15/Feb/2023 13:03:01] "GET /login/?username=1&password=1 HTTP/1.1" 200 4890
[15/Feb/2023 13:03:01] "GET /auth/code/ HTTP/1.1" 200 3960
[15/Feb/2023 13:03:22] "GET /login/?username=1&password=1 HTTP/1.1" 200 4904
[15/Feb/2023 13:03:22] "GET /auth/code/ HTTP/1.1" 200 4246
Forbidden (CSRF token missing or incorrect.): /login/
[15/Feb/2023 13:03:24] "POST /login/?username=1&password=1 HTTP/1.1" 403 2514
[15/Feb/2023 13:03:40] "GET /login/?username=1&password=1 HTTP/1.1" 200 5034
[15/Feb/2023 13:03:40] "GET /auth/code/ HTTP/1.1" 200 4359
[15/Feb/2023 13:03:42] "POST /login/?username=1&password=1 HTTP/1.1" 302 0
[15/Feb/2023 13:03:42] "GET /admin/ HTTP/1.1" 200 8500
[15/Feb/2023 13:03:46] "GET /admin/ HTTP/1.1" 200 8500
[15/Feb/2023 13:03:47] "GET /lifelog/ HTTP/1.1" 200 12883
[15/Feb/2023 13:03:47] "GET /music/list/ HTTP/1.1" 200 13074
[15/Feb/2023 13:03:48] "GET /lifelog/ HTTP/1.1" 200 12883
[15/Feb/2023 13:03:48] "GET /admin/ HTTP/1.1" 200 8500
[15/Feb/2023 13:03:49] "GET /lifelog/ HTTP/1.1" 200 12883
[15/Feb/2023 13:03:50] "GET /lifelog/log/ HTTP/1.1" 200 5523
[15/Feb/2023 13:04:22] "POST /lifelog/log/ HTTP/1.1" 302 0
[15/Feb/2023 13:04:22] "GET /lifelog/ HTTP/1.1" 200 12903
[15/Feb/2023 13:04:28] "GET /logout/ HTTP/1.1" 302 0
[15/Feb/2023 13:04:29] "GET /login/ HTTP/1.1" 200 5034
[15/Feb/2023 13:04:29] "GET /auth/code/ HTTP/1.1" 200 4262
[15/Feb/2023 13:04:48] "GET /login/ HTTP/1.1" 200 5025
[15/Feb/2023 13:04:48] "GET /auth/code/ HTTP/1.1" 200 4089
/www/django_www/app01/views/login.py changed, reloading.
Performing system checks...

System check identified no issues (0 silenced).
February 15, 2023 - 12:57:31
Django version 3.2, using settings 'django_www.settings'
Starting development server at http://0.0.0.0:80/
Quit the server with CONTROL-C.
request <WSGIRequest: GET '/admin/'>
request.session <django.contrib.sessions.backends.db.SessionStore object at 0x7f99c82be250>
request <WSGIRequest: GET '/admin/'>
request.session <django.contrib.sessions.backends.db.SessionStore object at 0x7f99c844e370>
request <WSGIRequest: GET '/admin/'>
request.session <django.contrib.sessions.backends.db.SessionStore object at 0x7f99c82dd1c0>
Watching for file changes with StatReloader
[15/Feb/2023 13:05:49] "GET /login/ HTTP/1.1" 200 5015
[15/Feb/2023 13:05:49] "GET /auth/code/ HTTP/1.1" 200 3796
[15/Feb/2023 13:05:50] "GET /login/ HTTP/1.1" 200 5015
[15/Feb/2023 13:05:50] "GET /auth/code/ HTTP/1.1" 200 3469
[15/Feb/2023 13:05:50] "GET /login/ HTTP/1.1" 200 5015
[15/Feb/2023 13:05:50] "GET /auth/code/ HTTP/1.1" 200 3512
[15/Feb/2023 13:05:50] "GET /login/ HTTP/1.1" 200 5015
[15/Feb/2023 13:05:50] "GET /auth/code/ HTTP/1.1" 200 3889
/www/django_www/app01/views/login.py changed, reloading.
Performing system checks...

System check identified no issues (0 silenced).
February 15, 2023 - 13:05:38
Django version 3.2, using settings 'django_www.settings'
Starting development server at http://0.0.0.0:80/
Quit the server with CONTROL-C.
Watching for file changes with StatReloader
[15/Feb/2023 13:06:17] "GET /login/ HTTP/1.1" 200 5020
[15/Feb/2023 13:06:17] "GET /auth/code/ HTTP/1.1" 200 4091
Internal Server Error: /login/
Traceback (most recent call last):
  File "/usr/local/lib/python3.8/dist-packages/django/template/base.py", line 470, in parse
    compile_func = self.tags[command]
KeyError: 'title'

During handling of the above exception, another exception occurred:

Traceback (most recent call last):
  File "/usr/local/lib/python3.8/dist-packages/django/core/handlers/exception.py", line 47, in inner
    response = get_response(request)
  File "/usr/local/lib/python3.8/dist-packages/django/core/handlers/base.py", line 181, in _get_response
    response = wrapped_callback(request, *callback_args, **callback_kwargs)
  File "/www/django_www/app01/views/login.py", line 28, in login
    return render(request, 'login.html', {'form':form})
  File "/usr/local/lib/python3.8/dist-packages/django/shortcuts.py", line 19, in render
    content = loader.render_to_string(template_name, context, request, using=using)
  File "/usr/local/lib/python3.8/dist-packages/django/template/loader.py", line 61, in render_to_string
    template = get_template(template_name, using=using)
  File "/usr/local/lib/python3.8/dist-packages/django/template/loader.py", line 15, in get_template
    return engine.get_template(template_name)
  File "/usr/local/lib/python3.8/dist-packages/django/template/backends/django.py", line 34, in get_template
    return Template(self.engine.get_template(template_name), self)
  File "/usr/local/lib/python3.8/dist-packages/django/template/engine.py", line 143, in get_template
    template, origin = self.find_template(template_name)
  File "/usr/local/lib/python3.8/dist-packages/django/template/engine.py", line 125, in find_template
    template = loader.get_template(name, skip=skip)
  File "/usr/local/lib/python3.8/dist-packages/django/template/loaders/base.py", line 29, in get_template
    return Template(
  File "/usr/local/lib/python3.8/dist-packages/django/template/base.py", line 155, in __init__
    self.nodelist = self.compile_nodelist()
  File "/usr/local/lib/python3.8/dist-packages/django/template/base.py", line 193, in compile_nodelist
    return parser.parse()
  File "/usr/local/lib/python3.8/dist-packages/django/template/base.py", line 478, in parse
    raise self.error(token, e)
  File "/usr/local/lib/python3.8/dist-packages/django/template/base.py", line 476, in parse
    compiled_result = compile_func(self, token)
  File "/usr/local/lib/python3.8/dist-packages/django/template/loader_tags.py", line 278, in do_extends
    nodelist = parser.parse()
  File "/usr/local/lib/python3.8/dist-packages/django/template/base.py", line 478, in parse
    raise self.error(token, e)
  File "/usr/local/lib/python3.8/dist-packages/django/template/base.py", line 476, in parse
    compiled_result = compile_func(self, token)
  File "/usr/local/lib/python3.8/dist-packages/django/template/loader_tags.py", line 216, in do_block
    nodelist = parser.parse(('endblock',))
  File "/usr/local/lib/python3.8/dist-packages/django/template/base.py", line 472, in parse
    self.invalid_block_tag(token, command, parse_until)
  File "/usr/local/lib/python3.8/dist-packages/django/template/base.py", line 522, in invalid_block_tag
    raise self.error(
django.template.exceptions.TemplateSyntaxError: Invalid block tag on line 105: 'title', expected 'endblock'. Did you forget to register or load this tag?
[15/Feb/2023 13:06:27] "GET /login/ HTTP/1.1" 500 159138
[15/Feb/2023 13:06:36] "GET /login/ HTTP/1.1" 200 5015
[15/Feb/2023 13:06:36] "GET /auth/code/ HTTP/1.1" 200 4343
[15/Feb/2023 13:06:37] "GET /login/ HTTP/1.1" 200 5015
[15/Feb/2023 13:06:37] "GET /auth/code/ HTTP/1.1" 200 3410
[15/Feb/2023 13:06:37] "GET /login/ HTTP/1.1" 200 5015
[15/Feb/2023 13:06:37] "GET /auth/code/ HTTP/1.1" 200 4286
[15/Feb/2023 13:06:38] "GET /login/ HTTP/1.1" 200 5015
[15/Feb/2023 13:06:38] "GET /auth/code/ HTTP/1.1" 200 4224
/www/django_www/app01/views/login.py changed, reloading.
Performing system checks...

System check identified no issues (0 silenced).
February 15, 2023 - 13:06:06
Django version 3.2, using settings 'django_www.settings'
Starting development server at http://0.0.0.0:80/
Quit the server with CONTROL-C.
Watching for file changes with StatReloader
/www/django_www/app01/views/login.py changed, reloading.
Performing system checks...

System check identified no issues (0 silenced).
February 15, 2023 - 13:07:16
Django version 3.2, using settings 'django_www.settings'
Starting development server at http://0.0.0.0:80/
Quit the server with CONTROL-C.
Watching for file changes with StatReloader
[15/Feb/2023 13:07:19] "GET /login/ HTTP/1.1" 200 5025
[15/Feb/2023 13:07:19] "GET /login/ HTTP/1.1" 200 5025
[15/Feb/2023 13:07:19] "GET /auth/code/ HTTP/1.1" 200 4128
[15/Feb/2023 13:07:20] "GET /login/ HTTP/1.1" 200 5025
[15/Feb/2023 13:07:20] "GET /auth/code/ HTTP/1.1" 200 3835
[15/Feb/2023 13:07:21] "GET /login/ HTTP/1.1" 200 5025
[15/Feb/2023 13:07:21] "GET /auth/code/ HTTP/1.1" 200 4015
[15/Feb/2023 13:07:21] "GET /login/ HTTP/1.1" 200 5025
[15/Feb/2023 13:07:21] "GET /auth/code/ HTTP/1.1" 200 4254
[15/Feb/2023 13:07:40] "GET /static/bootstrap/js/bootstrap.min.js.map HTTP/1.1" 200 216913
[15/Feb/2023 13:07:40] "GET /static/bootstrap/css/bootstrap.min.css.map HTTP/1.1" 200 522639
/www/django_www/app01/views/login.py changed, reloading.
Performing system checks...

System check identified no issues (0 silenced).
February 15, 2023 - 13:07:19
Django version 3.2, using settings 'django_www.settings'
Starting development server at http://0.0.0.0:80/
Quit the server with CONTROL-C.
Watching for file changes with StatReloader
[15/Feb/2023 13:08:31] "GET /login/ HTTP/1.1" 200 5025
[15/Feb/2023 13:08:31] "GET /login/ HTTP/1.1" 200 5025
[15/Feb/2023 13:08:31] "GET /auth/code/ HTTP/1.1" 200 3987
[15/Feb/2023 13:08:41] "POST /login/ HTTP/1.1" 302 0
[15/Feb/2023 13:08:41] "GET /admin/ HTTP/1.1" 200 8500
[15/Feb/2023 13:08:43] "GET /index/ HTTP/1.1" 200 7227
[15/Feb/2023 13:08:46] "GET /admin/ HTTP/1.1" 200 8500
[15/Feb/2023 13:08:47] "GET /lifelog/ HTTP/1.1" 200 12903
[15/Feb/2023 13:08:47] "GET /music/list/ HTTP/1.1" 200 13074
[15/Feb/2023 13:14:27] "GET /logout/ HTTP/1.1" 302 0
[15/Feb/2023 13:14:27] "GET /login/ HTTP/1.1" 200 5050
[15/Feb/2023 13:14:28] "GET /auth/code/ HTTP/1.1" 200 3953
[15/Feb/2023 13:14:31] "POST /login/ HTTP/1.1" 200 5052
[15/Feb/2023 13:14:31] "GET /auth/code/ HTTP/1.1" 200 4097
[15/Feb/2023 13:14:40] "POST /login/ HTTP/1.1" 200 5052
[15/Feb/2023 13:14:40] "GET /auth/code/ HTTP/1.1" 200 4604
[15/Feb/2023 13:15:29] "POST /login/ HTTP/1.1" 200 5052
[15/Feb/2023 13:15:30] "GET /auth/code/ HTTP/1.1" 200 4420
[15/Feb/2023 13:15:32] "POST /login/ HTTP/1.1" 200 5052
[15/Feb/2023 13:15:32] "GET /auth/code/ HTTP/1.1" 200 4153
[15/Feb/2023 13:15:33] "POST /login/ HTTP/1.1" 200 5052
[15/Feb/2023 13:15:33] "GET /auth/code/ HTTP/1.1" 200 3939
[15/Feb/2023 13:15:59] "GET /login/ HTTP/1.1" 200 5050
[15/Feb/2023 13:15:59] "GET /auth/code/ HTTP/1.1" 200 3933
[15/Feb/2023 13:16:02] "POST /login/ HTTP/1.1" 200 5050
[15/Feb/2023 13:16:02] "GET /auth/code/ HTTP/1.1" 200 4361
[15/Feb/2023 13:16:28] "POST /login/ HTTP/1.1" 200 5114
[15/Feb/2023 13:16:28] "GET /auth/code/ HTTP/1.1" 200 4894
[15/Feb/2023 13:16:30] "POST /login/ HTTP/1.1" 200 5114
[15/Feb/2023 13:16:30] "GET /auth/code/ HTTP/1.1" 200 4751
[15/Feb/2023 13:16:39] "POST /login/ HTTP/1.1" 200 5229
[15/Feb/2023 13:16:39] "GET /auth/code/ HTTP/1.1" 200 4014
[15/Feb/2023 13:16:41] "POST /login/ HTTP/1.1" 200 5229
[15/Feb/2023 13:16:41] "GET /auth/code/ HTTP/1.1" 200 4313
[15/Feb/2023 13:16:44] "POST /login/ HTTP/1.1" 200 5229
[15/Feb/2023 13:16:44] "GET /auth/code/ HTTP/1.1" 200 3486
[15/Feb/2023 13:16:55] "POST /login/ HTTP/1.1" 200 5225
[15/Feb/2023 13:16:55] "GET /auth/code/ HTTP/1.1" 200 4351
[15/Feb/2023 13:17:24] "POST /login/ HTTP/1.1" 200 5225
[15/Feb/2023 13:17:24] "GET /auth/code/ HTTP/1.1" 200 4387
[15/Feb/2023 13:17:25] "POST /login/ HTTP/1.1" 200 5225
[15/Feb/2023 13:17:25] "GET /auth/code/ HTTP/1.1" 200 3932
[15/Feb/2023 13:17:33] "POST /login/ HTTP/1.1" 200 5225
[15/Feb/2023 13:17:33] "GET /auth/code/ HTTP/1.1" 200 5021
[15/Feb/2023 13:21:47] "POST /login/ HTTP/1.1" 200 5225
[15/Feb/2023 13:21:47] "GET /auth/code/ HTTP/1.1" 200 4037
[15/Feb/2023 13:21:49] "POST /login/ HTTP/1.1" 200 5225
[15/Feb/2023 13:21:49] "GET /auth/code/ HTTP/1.1" 200 3826
[15/Feb/2023 13:22:05] "POST /login/ HTTP/1.1" 200 5226
[15/Feb/2023 13:22:05] "GET /auth/code/ HTTP/1.1" 200 3902
[15/Feb/2023 13:22:12] "POST /login/ HTTP/1.1" 200 5111
[15/Feb/2023 13:22:12] "GET /auth/code/ HTTP/1.1" 200 4135
[15/Feb/2023 13:22:14] "POST /login/ HTTP/1.1" 200 5111
[15/Feb/2023 13:22:14] "GET /auth/code/ HTTP/1.1" 200 4372
[15/Feb/2023 13:29:54] "POST /login/ HTTP/1.1" 200 5111
[15/Feb/2023 13:29:54] "GET /auth/code/ HTTP/1.1" 200 4379
[15/Feb/2023 13:29:58] "POST /login/ HTTP/1.1" 200 5111
[15/Feb/2023 13:29:58] "GET /auth/code/ HTTP/1.1" 200 4033
[15/Feb/2023 13:29:59] "GET /login/ HTTP/1.1" 200 5111
[15/Feb/2023 13:29:59] "GET /auth/code/ HTTP/1.1" 200 3745
[15/Feb/2023 13:30:03] "POST /login/ HTTP/1.1" 200 5111
[15/Feb/2023 13:30:03] "GET /auth/code/ HTTP/1.1" 200 4203
[15/Feb/2023 13:30:13] "POST /login/ HTTP/1.1" 200 5111
[15/Feb/2023 13:30:13] "GET /auth/code/ HTTP/1.1" 200 3963
[15/Feb/2023 13:30:17] "GET /login/ HTTP/1.1" 200 5111
[15/Feb/2023 13:30:17] "GET /auth/code/ HTTP/1.1" 200 4240
[15/Feb/2023 13:30:46] "GET /login/ HTTP/1.1" 200 5111
[15/Feb/2023 13:30:46] "GET /auth/code/ HTTP/1.1" 200 3755
[15/Feb/2023 13:30:46] "GET /login/ HTTP/1.1" 200 5111
[15/Feb/2023 13:30:46] "GET /auth/code/ HTTP/1.1" 200 4347
[15/Feb/2023 13:30:46] "GET /login/ HTTP/1.1" 200 5111
[15/Feb/2023 13:30:46] "GET /auth/code/ HTTP/1.1" 200 3809
[15/Feb/2023 13:30:47] "GET /login/ HTTP/1.1" 200 5111
[15/Feb/2023 13:30:47] "GET /auth/code/ HTTP/1.1" 200 4173
[15/Feb/2023 13:30:47] "GET /login/ HTTP/1.1" 200 5111
[15/Feb/2023 13:30:47] "GET /auth/code/ HTTP/1.1" 200 4038
[15/Feb/2023 13:30:49] "POST /login/ HTTP/1.1" 200 5113
[15/Feb/2023 13:30:49] "GET /auth/code/ HTTP/1.1" 200 3589
[15/Feb/2023 13:30:51] "POST /login/ HTTP/1.1" 200 5113
[15/Feb/2023 13:30:51] "GET /auth/code/ HTTP/1.1" 200 4260
[15/Feb/2023 13:42:07] "POST /login/ HTTP/1.1" 200 5126
[15/Feb/2023 13:42:07] "GET /auth/code/ HTTP/1.1" 200 4093
[15/Feb/2023 13:42:18] "POST /login/ HTTP/1.1" 200 5139
[15/Feb/2023 13:42:18] "GET /auth/code/ HTTP/1.1" 200 3834
[15/Feb/2023 13:42:19] "POST /login/ HTTP/1.1" 200 5139
[15/Feb/2023 13:42:19] "GET /auth/code/ HTTP/1.1" 200 4595
[15/Feb/2023 13:42:26] "GET /static/bootstrap/js/bootstrap.min.js.map HTTP/1.1" 200 216913
[15/Feb/2023 13:42:26] "GET /static/bootstrap/css/bootstrap.min.css.map HTTP/1.1" 200 522639
[15/Feb/2023 13:42:37] "POST /login/ HTTP/1.1" 200 5139
[15/Feb/2023 13:42:37] "GET /auth/code/ HTTP/1.1" 200 4347
[15/Feb/2023 13:45:15] "POST /login/ HTTP/1.1" 200 5189
[15/Feb/2023 13:45:15] "GET /auth/code/ HTTP/1.1" 200 3506
[15/Feb/2023 13:45:24] "POST /login/ HTTP/1.1" 200 5190
[15/Feb/2023 13:45:24] "GET /auth/code/ HTTP/1.1" 200 4136
[15/Feb/2023 13:45:42] "GET /login/ HTTP/1.1" 200 5163
[15/Feb/2023 13:45:42] "GET /auth/code/ HTTP/1.1" 200 3785
[15/Feb/2023 13:45:44] "POST /login/ HTTP/1.1" 200 5211
[15/Feb/2023 13:45:44] "GET /auth/code/ HTTP/1.1" 200 4146
[15/Feb/2023 13:45:59] "POST /login/ HTTP/1.1" 200 5272
[15/Feb/2023 13:45:59] "GET /auth/code/ HTTP/1.1" 200 4558
[15/Feb/2023 13:46:19] "POST /login/ HTTP/1.1" 200 5290
[15/Feb/2023 13:46:19] "GET /auth/code/ HTTP/1.1" 200 4060
[15/Feb/2023 13:46:32] "POST /login/ HTTP/1.1" 200 5272
[15/Feb/2023 13:46:32] "GET /auth/code/ HTTP/1.1" 200 4077
[15/Feb/2023 13:46:34] "POST /login/ HTTP/1.1" 200 5272
[15/Feb/2023 13:46:34] "GET /auth/code/ HTTP/1.1" 200 4119
[15/Feb/2023 13:46:49] "POST /login/ HTTP/1.1" 200 5295
[15/Feb/2023 13:46:49] "GET /auth/code/ HTTP/1.1" 200 4262
[15/Feb/2023 13:46:51] "POST /login/ HTTP/1.1" 200 5295
[15/Feb/2023 13:46:51] "GET /auth/code/ HTTP/1.1" 200 5109
[15/Feb/2023 13:48:05] "POST /login/ HTTP/1.1" 200 5127
[15/Feb/2023 13:48:05] "GET /auth/code/ HTTP/1.1" 200 4140
[15/Feb/2023 13:48:07] "POST /login/ HTTP/1.1" 200 5127
[15/Feb/2023 13:48:07] "GET /auth/code/ HTTP/1.1" 200 4928
[15/Feb/2023 13:48:22] "POST /login/ HTTP/1.1" 302 0
[15/Feb/2023 13:48:22] "GET /admin/ HTTP/1.1" 200 8500
[15/Feb/2023 13:48:23] "GET /logout/ HTTP/1.1" 302 0
[15/Feb/2023 13:48:23] "GET /login/ HTTP/1.1" 200 5103
[15/Feb/2023 13:48:23] "GET /auth/code/ HTTP/1.1" 200 4188
[15/Feb/2023 13:48:26] "POST /login/ HTTP/1.1" 200 5128
[15/Feb/2023 13:48:26] "GET /auth/code/ HTTP/1.1" 200 4273
[15/Feb/2023 13:49:17] "POST /login/ HTTP/1.1" 200 5102
[15/Feb/2023 13:49:17] "GET /auth/code/ HTTP/1.1" 200 3780
[15/Feb/2023 13:49:19] "POST /login/ HTTP/1.1" 200 5102
[15/Feb/2023 13:49:19] "GET /auth/code/ HTTP/1.1" 200 4310
[15/Feb/2023 13:49:36] "POST /login/ HTTP/1.1" 200 5152
[15/Feb/2023 13:49:36] "GET /auth/code/ HTTP/1.1" 200 4271
[15/Feb/2023 13:49:38] "POST /login/ HTTP/1.1" 200 5152
[15/Feb/2023 13:49:38] "GET /auth/code/ HTTP/1.1" 200 3921
[15/Feb/2023 13:57:08] "GET /lifelog/ HTTP/1.1" 302 0
[15/Feb/2023 13:57:08] "GET /login/ HTTP/1.1" 200 5103
[15/Feb/2023 13:57:08] "GET /auth/code/ HTTP/1.1" 200 4433
[15/Feb/2023 13:57:11] "POST /login/ HTTP/1.1" 302 0
[15/Feb/2023 13:57:11] "GET /admin/ HTTP/1.1" 200 8500
[15/Feb/2023 13:57:13] "GET /lifelog/ HTTP/1.1" 200 12903
[15/Feb/2023 13:57:17] "GET /lifelog/?page=2 HTTP/1.1" 200 13097
[15/Feb/2023 13:57:22] "GET /lifelog/?s=%E6%B5%87%E6%B0%B4 HTTP/1.1" 200 8426
[15/Feb/2023 14:01:05] "GET /lifelog/log/ HTTP/1.1" 200 5523
[15/Feb/2023 14:01:08] "POST /lifelog/log/ HTTP/1.1" 302 0
[15/Feb/2023 14:01:08] "GET /lifelog/ HTTP/1.1" 200 12801
[15/Feb/2023 14:01:13] "GET /lifelog/?s=%E6%B5%87%E6%B0%B4 HTTP/1.1" 200 9349
[15/Feb/2023 14:01:25] "GET /login/ HTTP/1.1" 200 5103
[15/Feb/2023 14:01:25] "GET /auth/code/ HTTP/1.1" 200 4116
[15/Feb/2023 14:01:28] "POST /login/ HTTP/1.1" 200 5152
[15/Feb/2023 14:01:28] "GET /auth/code/ HTTP/1.1" 200 4518
[15/Feb/2023 14:01:44] "POST /login/ HTTP/1.1" 200 5076
[15/Feb/2023 14:01:44] "GET /auth/code/ HTTP/1.1" 200 3949
[15/Feb/2023 14:02:06] "POST /login/ HTTP/1.1" 200 5089
[15/Feb/2023 14:02:06] "GET /auth/code/ HTTP/1.1" 200 4976
[15/Feb/2023 14:02:08] "POST /login/ HTTP/1.1" 200 5089
[15/Feb/2023 14:02:08] "GET /auth/code/ HTTP/1.1" 200 4372
[15/Feb/2023 14:02:15] "GET /static/bootstrap/css/bootstrap.min.css.map HTTP/1.1" 200 522639
[15/Feb/2023 14:02:15] "GET /static/bootstrap/js/bootstrap.min.js.map HTTP/1.1" 200 216913
[15/Feb/2023 14:02:46] "POST /login/ HTTP/1.1" 200 5076
[15/Feb/2023 14:02:46] "GET /auth/code/ HTTP/1.1" 200 3822
[15/Feb/2023 14:06:08] "POST /login/ HTTP/1.1" 200 5067
[15/Feb/2023 14:06:08] "GET /static/img/%E6%9D%BE%E6%A0%91.svg HTTP/1.1" 200 4799
[15/Feb/2023 14:06:08] "GET /auth/code/ HTTP/1.1" 200 3773
[15/Feb/2023 14:06:39] "GET /login/ HTTP/1.1" 200 5044
[15/Feb/2023 14:06:39] "GET /static/img/%E6%9D%BE%E6%A0%91.svg HTTP/1.1" 304 0
[15/Feb/2023 14:06:39] "GET /auth/code/ HTTP/1.1" 200 3930
[15/Feb/2023 14:06:47] "GET /login/ HTTP/1.1" 200 5043
[15/Feb/2023 14:06:47] "GET /static/img/%E6%9D%BE%E6%A0%91.svg HTTP/1.1" 304 0
[15/Feb/2023 14:06:47] "GET /auth/code/ HTTP/1.1" 200 4221
[15/Feb/2023 14:06:59] "GET /login/ HTTP/1.1" 200 5043
[15/Feb/2023 14:06:59] "GET /static/img/%E6%9D%BE%E6%A0%91.svg HTTP/1.1" 304 0
[15/Feb/2023 14:06:59] "GET /auth/code/ HTTP/1.1" 200 3925
[15/Feb/2023 14:07:02] "GET /static/bootstrap/js/bootstrap.min.js.map HTTP/1.1" 200 216913
[15/Feb/2023 14:07:02] "GET /static/bootstrap/css/bootstrap.min.css.map HTTP/1.1" 200 522639
[15/Feb/2023 14:08:09] "GET /login/ HTTP/1.1" 200 5043
[15/Feb/2023 14:08:09] "GET /static/jquery-3.5.1/jquery.min.js HTTP/1.1" 200 89476
[15/Feb/2023 14:08:09] "GET /static/bootstrap/css/bootstrap.min.css HTTP/1.1" 200 194901
[15/Feb/2023 14:08:09] "GET /static/bootstrap/js/bootstrap.min.js HTTP/1.1" 200 60404
[15/Feb/2023 14:08:09] "GET /static/img/%E6%9D%BE%E6%A0%91.svg HTTP/1.1" 200 4799
[15/Feb/2023 14:08:09] "GET /auth/code/ HTTP/1.1" 200 4004
[15/Feb/2023 14:08:09] "GET /static/bootstrap/js/bootstrap.min.js.map HTTP/1.1" 200 216913
[15/Feb/2023 14:08:09] "GET /static/bootstrap/css/bootstrap.min.css.map HTTP/1.1" 200 522639
[15/Feb/2023 14:09:49] "GET /login/ HTTP/1.1" 200 5043
[15/Feb/2023 14:09:49] "GET /static/bootstrap/css/bootstrap.min.css HTTP/1.1" 200 194901
[15/Feb/2023 14:09:49] "GET /static/jquery-3.5.1/jquery.min.js HTTP/1.1" 200 89476
[15/Feb/2023 14:09:49] "GET /static/bootstrap/js/bootstrap.min.js HTTP/1.1" 200 60404
[15/Feb/2023 14:09:50] "GET /static/img/%E6%9D%BE%E6%A0%91.svg HTTP/1.1" 200 4799
[15/Feb/2023 14:09:50] "GET /auth/code/ HTTP/1.1" 200 5161
[15/Feb/2023 14:09:50] "GET /static/bootstrap/js/bootstrap.min.js.map HTTP/1.1" 200 216913
[15/Feb/2023 14:09:50] "GET /static/bootstrap/css/bootstrap.min.css.map HTTP/1.1" 200 522639
[15/Feb/2023 14:09:59] "GET /login/ HTTP/1.1" 200 5042
[15/Feb/2023 14:09:59] "GET /static/bootstrap/css/bootstrap.min.css HTTP/1.1" 200 194901
[15/Feb/2023 14:09:59] "GET /static/jquery-3.5.1/jquery.min.js HTTP/1.1" 200 89476
[15/Feb/2023 14:09:59] "GET /static/bootstrap/js/bootstrap.min.js HTTP/1.1" 200 60404
[15/Feb/2023 14:09:59] "GET /auth/code/ HTTP/1.1" 200 4140
[15/Feb/2023 14:09:59] "GET /static/bootstrap/css/bootstrap.min.css.map HTTP/1.1" 200 522639
[15/Feb/2023 14:09:59] "GET /static/img/%E6%9D%BE%E6%A0%91.svg HTTP/1.1" 200 4799
[15/Feb/2023 14:09:59] "GET /static/bootstrap/js/bootstrap.min.js.map HTTP/1.1" 200 216913
/www/django_www/app01/views/login.py changed, reloading.
Performing system checks...

System check identified no issues (0 silenced).
February 15, 2023 - 13:08:30
Django version 3.2, using settings 'django_www.settings'
Starting development server at http://0.0.0.0:80/
Quit the server with CONTROL-C.
request <WSGIRequest: GET '/admin/'>
request.session <django.contrib.sessions.backends.db.SessionStore object at 0x7f8f8eb24a30>
request <WSGIRequest: GET '/admin/'>
request.session <django.contrib.sessions.backends.db.SessionStore object at 0x7f8f8eb10340>
request <WSGIRequest: GET '/admin/'>
request.session <django.contrib.sessions.backends.db.SessionStore object at 0x7f8f8eb10be0>
request <WSGIRequest: GET '/admin/'>
request.session <django.contrib.sessions.backends.db.SessionStore object at 0x7f8f8ea917f0>
Watching for file changes with StatReloader
/www/django_www/app01/views/login.py changed, reloading.
Performing system checks...

System check identified no issues (0 silenced).
February 15, 2023 - 14:19:03
Django version 3.2, using settings 'django_www.settings'
Starting development server at http://0.0.0.0:80/
Quit the server with CONTROL-C.
Watching for file changes with StatReloader
[15/Feb/2023 14:19:33] "POST /login/ HTTP/1.1" 200 5070
[15/Feb/2023 14:19:33] "GET /static/jquery-3.5.1/jquery.min.js HTTP/1.1" 200 89476
[15/Feb/2023 14:19:33] "GET /static/bootstrap/css/bootstrap.min.css HTTP/1.1" 200 194901
[15/Feb/2023 14:19:33] "GET /static/bootstrap/js/bootstrap.min.js HTTP/1.1" 200 60404
[15/Feb/2023 14:19:33] "GET /static/img/%E6%9D%BE%E6%A0%91.svg HTTP/1.1" 200 4799
[15/Feb/2023 14:19:33] "GET /static/bootstrap/css/bootstrap.min.css.map HTTP/1.1" 200 522639
[15/Feb/2023 14:19:33] "GET /static/bootstrap/js/bootstrap.min.js.map HTTP/1.1" 200 216913
[15/Feb/2023 14:19:33] "GET /auth/code/ HTTP/1.1" 200 4213
/www/django_www/app01/views/login.py changed, reloading.
Performing system checks...

System check identified no issues (0 silenced).
February 15, 2023 - 14:19:29
Django version 3.2, using settings 'django_www.settings'
Starting development server at http://0.0.0.0:80/
Quit the server with CONTROL-C.
<QueryDict: {'csrfmiddlewaretoken': ['H0ZnKtdBGZC9tKq4CvXaShugMfzx4rXwfb0h3mT21pmBTzKo7BnPRoe6yMfGkRCT'], 'username': ['admin'], 'password': ['123']}>
Watching for file changes with StatReloader
/www/django_www/app01/views/login.py changed, reloading.
Performing system checks...

System check identified no issues (0 silenced).
February 15, 2023 - 14:19:42
Django version 3.2, using settings 'django_www.settings'
Starting development server at http://0.0.0.0:80/
Quit the server with CONTROL-C.
Watching for file changes with StatReloader
Exception in thread django-main-thread:
Traceback (most recent call last):
  File "/usr/lib/python3.8/threading.py", line 932, in _bootstrap_inner
    self.run()
  File "/usr/lib/python3.8/threading.py", line 870, in run
    self._target(*self._args, **self._kwargs)
  File "/usr/local/lib/python3.8/dist-packages/django/utils/autoreload.py", line 64, in wrapper
    fn(*args, **kwargs)
  File "/usr/local/lib/python3.8/dist-packages/django/core/management/commands/runserver.py", line 118, in inner_run
    self.check(display_num_errors=True)
  File "/usr/local/lib/python3.8/dist-packages/django/core/management/base.py", line 419, in check
    all_issues = checks.run_checks(
  File "/usr/local/lib/python3.8/dist-packages/django/core/checks/registry.py", line 76, in run_checks
    new_errors = check(app_configs=app_configs, databases=databases)
  File "/usr/local/lib/python3.8/dist-packages/django/core/checks/urls.py", line 13, in check_url_config
    return check_resolver(resolver)
  File "/usr/local/lib/python3.8/dist-packages/django/core/checks/urls.py", line 23, in check_resolver
    return check_method()
  File "/usr/local/lib/python3.8/dist-packages/django/urls/resolvers.py", line 412, in check
    for pattern in self.url_patterns:
  File "/usr/local/lib/python3.8/dist-packages/django/utils/functional.py", line 48, in __get__
    res = instance.__dict__[self.name] = self.func(instance)
  File "/usr/local/lib/python3.8/dist-packages/django/urls/resolvers.py", line 598, in url_patterns
    patterns = getattr(self.urlconf_module, "urlpatterns", self.urlconf_module)
  File "/usr/local/lib/python3.8/dist-packages/django/utils/functional.py", line 48, in __get__
    res = instance.__dict__[self.name] = self.func(instance)
  File "/usr/local/lib/python3.8/dist-packages/django/urls/resolvers.py", line 591, in urlconf_module
    return import_module(self.urlconf_name)
  File "/usr/lib/python3.8/importlib/__init__.py", line 127, in import_module
    return _bootstrap._gcd_import(name[level:], package, level)
  File "<frozen importlib._bootstrap>", line 1014, in _gcd_import
  File "<frozen importlib._bootstrap>", line 991, in _find_and_load
  File "<frozen importlib._bootstrap>", line 975, in _find_and_load_unlocked
  File "<frozen importlib._bootstrap>", line 671, in _load_unlocked
  File "<frozen importlib._bootstrap_external>", line 848, in exec_module
  File "<frozen importlib._bootstrap>", line 219, in _call_with_frames_removed
  File "/www/django_www/django_www/urls.py", line 4, in <module>
    from app01.views import login
  File "/www/django_www/app01/views/login.py", line 24
    )
    ^
SyntaxError: unmatched ')'
/www/django_www/app01/views/login.py changed, reloading.
Performing system checks...

Watching for file changes with StatReloader
[15/Feb/2023 14:24:24] "POST /login/ HTTP/1.1" 200 5187
[15/Feb/2023 14:24:24] "GET /static/jquery-3.5.1/jquery.min.js HTTP/1.1" 200 89476
[15/Feb/2023 14:24:24] "GET /static/bootstrap/css/bootstrap.min.css HTTP/1.1" 200 194901
[15/Feb/2023 14:24:24] "GET /static/bootstrap/js/bootstrap.min.js HTTP/1.1" 200 60404
[15/Feb/2023 14:24:24] "GET /static/img/%E6%9D%BE%E6%A0%91.svg HTTP/1.1" 200 4799
[15/Feb/2023 14:24:24] "GET /auth/code/ HTTP/1.1" 200 4302
[15/Feb/2023 14:24:24] "GET /static/bootstrap/js/bootstrap.min.js.map HTTP/1.1" 200 216913
[15/Feb/2023 14:24:24] "GET /static/bootstrap/css/bootstrap.min.css.map HTTP/1.1" 200 522639
[15/Feb/2023 14:24:25] "POST /login/ HTTP/1.1" 200 5187
[15/Feb/2023 14:24:25] "GET /static/jquery-3.5.1/jquery.min.js HTTP/1.1" 200 89476
[15/Feb/2023 14:24:25] "GET /static/bootstrap/css/bootstrap.min.css HTTP/1.1" 200 194901
[15/Feb/2023 14:24:25] "GET /static/bootstrap/js/bootstrap.min.js HTTP/1.1" 200 60404
[15/Feb/2023 14:24:25] "GET /static/img/%E6%9D%BE%E6%A0%91.svg HTTP/1.1" 200 4799
[15/Feb/2023 14:24:25] "GET /auth/code/ HTTP/1.1" 200 4178
[15/Feb/2023 14:24:25] "GET /static/bootstrap/js/bootstrap.min.js.map HTTP/1.1" 200 216913
[15/Feb/2023 14:24:25] "GET /static/bootstrap/css/bootstrap.min.css.map HTTP/1.1" 200 522639
[15/Feb/2023 14:24:26] "POST /login/ HTTP/1.1" 200 5187
[15/Feb/2023 14:24:26] "GET /static/jquery-3.5.1/jquery.min.js HTTP/1.1" 200 89476
[15/Feb/2023 14:24:26] "GET /static/bootstrap/css/bootstrap.min.css HTTP/1.1" 200 194901
[15/Feb/2023 14:24:26] "GET /static/bootstrap/js/bootstrap.min.js HTTP/1.1" 200 60404
[15/Feb/2023 14:24:26] "GET /static/img/%E6%9D%BE%E6%A0%91.svg HTTP/1.1" 200 4799
[15/Feb/2023 14:24:26] "GET /auth/code/ HTTP/1.1" 200 3953
[15/Feb/2023 14:24:26] "GET /static/bootstrap/js/bootstrap.min.js.map HTTP/1.1" 200 216913
[15/Feb/2023 14:24:26] "GET /static/bootstrap/css/bootstrap.min.css.map HTTP/1.1" 200 522639
[15/Feb/2023 14:24:26] "POST /login/ HTTP/1.1" 200 5187
[15/Feb/2023 14:24:26] "GET /static/jquery-3.5.1/jquery.min.js HTTP/1.1" 200 89476
[15/Feb/2023 14:24:26] "GET /static/bootstrap/css/bootstrap.min.css HTTP/1.1" 200 194901
[15/Feb/2023 14:24:26] "GET /static/bootstrap/js/bootstrap.min.js HTTP/1.1" 200 60404
[15/Feb/2023 14:24:26] "GET /auth/code/ HTTP/1.1" 200 4199
[15/Feb/2023 14:24:26] "GET /static/img/%E6%9D%BE%E6%A0%91.svg HTTP/1.1" 200 4799
[15/Feb/2023 14:24:26] "GET /static/bootstrap/js/bootstrap.min.js.map HTTP/1.1" 200 216913
[15/Feb/2023 14:24:26] "GET /static/bootstrap/css/bootstrap.min.css.map HTTP/1.1" 200 522639
[15/Feb/2023 14:24:26] "POST /login/ HTTP/1.1" 200 5187
[15/Feb/2023 14:24:26] "GET /static/jquery-3.5.1/jquery.min.js HTTP/1.1" 200 89476
[15/Feb/2023 14:24:26] "GET /static/bootstrap/css/bootstrap.min.css HTTP/1.1" 200 194901
[15/Feb/2023 14:24:26] "GET /static/bootstrap/js/bootstrap.min.js HTTP/1.1" 200 60404
[15/Feb/2023 14:24:26] "GET /static/img/%E6%9D%BE%E6%A0%91.svg HTTP/1.1" 200 4799
[15/Feb/2023 14:24:26] "GET /auth/code/ HTTP/1.1" 200 4003
[15/Feb/2023 14:24:26] "GET /static/bootstrap/js/bootstrap.min.js.map HTTP/1.1" 200 216913
[15/Feb/2023 14:24:26] "GET /static/bootstrap/css/bootstrap.min.css.map HTTP/1.1" 200 522639
[15/Feb/2023 14:24:26] "POST /login/ HTTP/1.1" 200 5187
[15/Feb/2023 14:24:27] "GET /static/jquery-3.5.1/jquery.min.js HTTP/1.1" 200 89476
[15/Feb/2023 14:24:27] "GET /static/bootstrap/css/bootstrap.min.css HTTP/1.1" 200 194901
[15/Feb/2023 14:24:27] "GET /static/bootstrap/js/bootstrap.min.js HTTP/1.1" 200 60404
[15/Feb/2023 14:24:27] "GET /auth/code/ HTTP/1.1" 200 4619
[15/Feb/2023 14:24:27] "GET /static/img/%E6%9D%BE%E6%A0%91.svg HTTP/1.1" 200 4799
[15/Feb/2023 14:24:27] "GET /static/bootstrap/js/bootstrap.min.js.map HTTP/1.1" 200 216913
[15/Feb/2023 14:24:27] "GET /static/bootstrap/css/bootstrap.min.css.map HTTP/1.1" 200 522639
[15/Feb/2023 14:24:27] "POST /login/ HTTP/1.1" 200 5187
[15/Feb/2023 14:24:27] "GET /static/jquery-3.5.1/jquery.min.js HTTP/1.1" 200 89476
[15/Feb/2023 14:24:27] "GET /static/bootstrap/css/bootstrap.min.css HTTP/1.1" 200 194901
[15/Feb/2023 14:24:27] "GET /static/bootstrap/js/bootstrap.min.js HTTP/1.1" 200 60404
[15/Feb/2023 14:24:27] "GET /static/img/%E6%9D%BE%E6%A0%91.svg HTTP/1.1" 200 4799
[15/Feb/2023 14:24:27] "GET /static/bootstrap/css/bootstrap.min.css.map HTTP/1.1" 200 522639
[15/Feb/2023 14:24:27] "GET /auth/code/ HTTP/1.1" 200 3889
[15/Feb/2023 14:24:27] "GET /static/bootstrap/js/bootstrap.min.js.map HTTP/1.1" 200 216913
[15/Feb/2023 14:24:27] "POST /login/ HTTP/1.1" 200 5187
[15/Feb/2023 14:24:27] "GET /static/jquery-3.5.1/jquery.min.js HTTP/1.1" 200 89476
[15/Feb/2023 14:24:27] "GET /static/bootstrap/css/bootstrap.min.css HTTP/1.1" 200 194901
[15/Feb/2023 14:24:27] "GET /static/bootstrap/js/bootstrap.min.js HTTP/1.1" 200 60404
[15/Feb/2023 14:24:27] "GET /auth/code/ HTTP/1.1" 200 3918
[15/Feb/2023 14:24:27] "GET /static/img/%E6%9D%BE%E6%A0%91.svg HTTP/1.1" 200 4799
[15/Feb/2023 14:24:27] "GET /static/bootstrap/css/bootstrap.min.css.map HTTP/1.1" 200 522639
[15/Feb/2023 14:24:27] "GET /static/bootstrap/js/bootstrap.min.js.map HTTP/1.1" 200 216913
[15/Feb/2023 14:24:31] "POST /login/ HTTP/1.1" 200 5196
[15/Feb/2023 14:24:31] "GET /static/bootstrap/css/bootstrap.min.css HTTP/1.1" 200 194901
[15/Feb/2023 14:24:31] "GET /static/jquery-3.5.1/jquery.min.js HTTP/1.1" 200 89476
[15/Feb/2023 14:24:31] "GET /static/bootstrap/js/bootstrap.min.js HTTP/1.1" 200 60404
[15/Feb/2023 14:24:31] "GET /auth/code/ HTTP/1.1" 200 4033
[15/Feb/2023 14:24:31] "GET /static/img/%E6%9D%BE%E6%A0%91.svg HTTP/1.1" 200 4799
[15/Feb/2023 14:24:31] "GET /static/bootstrap/js/bootstrap.min.js.map HTTP/1.1" 200 216913
[15/Feb/2023 14:24:31] "GET /static/bootstrap/css/bootstrap.min.css.map HTTP/1.1" 200 522639
[15/Feb/2023 14:24:32] "POST /login/ HTTP/1.1" 200 5196
[15/Feb/2023 14:24:32] "GET /static/bootstrap/css/bootstrap.min.css HTTP/1.1" 200 194901
[15/Feb/2023 14:24:32] "GET /static/jquery-3.5.1/jquery.min.js HTTP/1.1" 200 89476
[15/Feb/2023 14:24:32] "GET /static/bootstrap/js/bootstrap.min.js HTTP/1.1" 200 60404
[15/Feb/2023 14:24:32] "GET /static/img/%E6%9D%BE%E6%A0%91.svg HTTP/1.1" 200 4799
[15/Feb/2023 14:24:32] "GET /auth/code/ HTTP/1.1" 200 3974
[15/Feb/2023 14:24:32] "GET /static/bootstrap/css/bootstrap.min.css.map HTTP/1.1" 200 522639
[15/Feb/2023 14:24:32] "GET /static/bootstrap/js/bootstrap.min.js.map HTTP/1.1" 200 216913
[15/Feb/2023 14:24:33] "POST /login/ HTTP/1.1" 200 5196
[15/Feb/2023 14:24:33] "GET /static/jquery-3.5.1/jquery.min.js HTTP/1.1" 200 89476
[15/Feb/2023 14:24:33] "GET /static/bootstrap/css/bootstrap.min.css HTTP/1.1" 200 194901
[15/Feb/2023 14:24:33] "GET /static/bootstrap/js/bootstrap.min.js HTTP/1.1" 200 60404
[15/Feb/2023 14:24:33] "GET /static/img/%E6%9D%BE%E6%A0%91.svg HTTP/1.1" 200 4799
[15/Feb/2023 14:24:33] "GET /auth/code/ HTTP/1.1" 200 4465
[15/Feb/2023 14:24:33] "GET /static/bootstrap/js/bootstrap.min.js.map HTTP/1.1" 200 216913
[15/Feb/2023 14:24:33] "GET /static/bootstrap/css/bootstrap.min.css.map HTTP/1.1" 200 522639
[15/Feb/2023 14:24:36] "POST /login/ HTTP/1.1" 200 5187
[15/Feb/2023 14:24:36] "GET /static/jquery-3.5.1/jquery.min.js HTTP/1.1" 200 89476
[15/Feb/2023 14:24:36] "GET /static/bootstrap/css/bootstrap.min.css HTTP/1.1" 200 194901
[15/Feb/2023 14:24:36] "GET /static/bootstrap/js/bootstrap.min.js HTTP/1.1" 200 60404
[15/Feb/2023 14:24:36] "GET /static/img/%E6%9D%BE%E6%A0%91.svg HTTP/1.1" 200 4799
[15/Feb/2023 14:24:36] "GET /auth/code/ HTTP/1.1" 200 5167
[15/Feb/2023 14:24:36] "GET /static/bootstrap/css/bootstrap.min.css.map HTTP/1.1" 200 522639
[15/Feb/2023 14:24:36] "GET /static/bootstrap/js/bootstrap.min.js.map HTTP/1.1" 200 216913
[15/Feb/2023 14:24:36] "POST /login/ HTTP/1.1" 200 5187
[15/Feb/2023 14:24:36] "GET /static/bootstrap/css/bootstrap.min.css HTTP/1.1" 200 194901
[15/Feb/2023 14:24:36] "GET /static/jquery-3.5.1/jquery.min.js HTTP/1.1" 200 89476
[15/Feb/2023 14:24:36] "GET /static/bootstrap/js/bootstrap.min.js HTTP/1.1" 200 60404
[15/Feb/2023 14:24:36] "GET /static/img/%E6%9D%BE%E6%A0%91.svg HTTP/1.1" 200 4799
[15/Feb/2023 14:24:36] "GET /auth/code/ HTTP/1.1" 200 4512
[15/Feb/2023 14:24:36] "GET /static/bootstrap/js/bootstrap.min.js.map HTTP/1.1" 200 216913
[15/Feb/2023 14:24:36] "GET /static/bootstrap/css/bootstrap.min.css.map HTTP/1.1" 200 522639
[15/Feb/2023 14:24:36] "POST /login/ HTTP/1.1" 200 5187
[15/Feb/2023 14:24:36] "GET /static/bootstrap/css/bootstrap.min.css HTTP/1.1" 200 194901
[15/Feb/2023 14:24:36] "GET /static/jquery-3.5.1/jquery.min.js HTTP/1.1" 200 89476
[15/Feb/2023 14:24:36] "GET /static/bootstrap/js/bootstrap.min.js HTTP/1.1" 200 60404
[15/Feb/2023 14:24:36] "GET /static/img/%E6%9D%BE%E6%A0%91.svg HTTP/1.1" 200 4799
[15/Feb/2023 14:24:36] "GET /auth/code/ HTTP/1.1" 200 4443
[15/Feb/2023 14:24:36] "GET /static/bootstrap/js/bootstrap.min.js.map HTTP/1.1" 200 216913
[15/Feb/2023 14:24:36] "GET /static/bootstrap/css/bootstrap.min.css.map HTTP/1.1" 200 522639
Internal Server Error: /login/
Traceback (most recent call last):
  File "/usr/local/lib/python3.8/dist-packages/django/core/handlers/exception.py", line 47, in inner
    response = get_response(request)
  File "/usr/local/lib/python3.8/dist-packages/django/core/handlers/base.py", line 181, in _get_response
    response = wrapped_callback(request, *callback_args, **callback_kwargs)
  File "/www/django_www/app01/views/login.py", line 43, in login
    admin_object = models.Admin.objects.filter(**form.cleaned_data).first()
  File "/usr/local/lib/python3.8/dist-packages/django/db/models/manager.py", line 85, in manager_method
    return getattr(self.get_queryset(), name)(*args, **kwargs)
  File "/usr/local/lib/python3.8/dist-packages/django/db/models/query.py", line 941, in filter
    return self._filter_or_exclude(False, args, kwargs)
  File "/usr/local/lib/python3.8/dist-packages/django/db/models/query.py", line 961, in _filter_or_exclude
    clone._filter_or_exclude_inplace(negate, args, kwargs)
  File "/usr/local/lib/python3.8/dist-packages/django/db/models/query.py", line 968, in _filter_or_exclude_inplace
    self._query.add_q(Q(*args, **kwargs))
  File "/usr/local/lib/python3.8/dist-packages/django/db/models/sql/query.py", line 1396, in add_q
    clause, _ = self._add_q(q_object, self.used_aliases)
  File "/usr/local/lib/python3.8/dist-packages/django/db/models/sql/query.py", line 1415, in _add_q
    child_clause, needed_inner = self.build_filter(
  File "/usr/local/lib/python3.8/dist-packages/django/db/models/sql/query.py", line 1289, in build_filter
    lookups, parts, reffed_expression = self.solve_lookup_type(arg)
  File "/usr/local/lib/python3.8/dist-packages/django/db/models/sql/query.py", line 1115, in solve_lookup_type
    _, field, _, lookup_parts = self.names_to_path(lookup_splitted, self.get_meta())
  File "/usr/local/lib/python3.8/dist-packages/django/db/models/sql/query.py", line 1542, in names_to_path
    raise FieldError("Cannot resolve keyword '%s' into field. "
django.core.exceptions.FieldError: Cannot resolve keyword 'auth_code' into field. Choices are: id, password, username
[15/Feb/2023 14:24:45] "POST /login/ HTTP/1.1" 500 102046
[15/Feb/2023 14:24:55] "POST /login/ HTTP/1.1" 200 5187
[15/Feb/2023 14:24:55] "GET /static/jquery-3.5.1/jquery.min.js HTTP/1.1" 200 89476
[15/Feb/2023 14:24:55] "GET /static/bootstrap/css/bootstrap.min.css HTTP/1.1" 200 194901
[15/Feb/2023 14:24:55] "GET /static/bootstrap/js/bootstrap.min.js HTTP/1.1" 200 60404
[15/Feb/2023 14:24:55] "GET /auth/code/ HTTP/1.1" 200 4556
[15/Feb/2023 14:24:55] "GET /static/img/%E6%9D%BE%E6%A0%91.svg HTTP/1.1" 200 4799
[15/Feb/2023 14:24:55] "GET /static/bootstrap/js/bootstrap.min.js.map HTTP/1.1" 200 216913
[15/Feb/2023 14:24:55] "GET /static/bootstrap/css/bootstrap.min.css.map HTTP/1.1" 200 522639
/www/django_www/app01/views/login.py changed, reloading.
Performing system checks...

System check identified no issues (0 silenced).
February 15, 2023 - 14:23:52
Django version 3.2, using settings 'django_www.settings'
Starting development server at http://0.0.0.0:80/
Quit the server with CONTROL-C.
<QueryDict: {'csrfmiddlewaretoken': ['H0ZnKtdBGZC9tKq4CvXaShugMfzx4rXwfb0h3mT21pmBTzKo7BnPRoe6yMfGkRCT'], 'username': ['admin'], 'password': ['123']}>
<QueryDict: {'csrfmiddlewaretoken': ['H0ZnKtdBGZC9tKq4CvXaShugMfzx4rXwfb0h3mT21pmBTzKo7BnPRoe6yMfGkRCT'], 'username': ['admin'], 'password': ['123']}>
<QueryDict: {'csrfmiddlewaretoken': ['H0ZnKtdBGZC9tKq4CvXaShugMfzx4rXwfb0h3mT21pmBTzKo7BnPRoe6yMfGkRCT'], 'username': ['admin'], 'password': ['123']}>
<QueryDict: {'csrfmiddlewaretoken': ['H0ZnKtdBGZC9tKq4CvXaShugMfzx4rXwfb0h3mT21pmBTzKo7BnPRoe6yMfGkRCT'], 'username': ['admin'], 'password': ['123']}>
<QueryDict: {'csrfmiddlewaretoken': ['H0ZnKtdBGZC9tKq4CvXaShugMfzx4rXwfb0h3mT21pmBTzKo7BnPRoe6yMfGkRCT'], 'username': ['admin'], 'password': ['123']}>
<QueryDict: {'csrfmiddlewaretoken': ['H0ZnKtdBGZC9tKq4CvXaShugMfzx4rXwfb0h3mT21pmBTzKo7BnPRoe6yMfGkRCT'], 'username': ['admin'], 'password': ['123']}>
<QueryDict: {'csrfmiddlewaretoken': ['H0ZnKtdBGZC9tKq4CvXaShugMfzx4rXwfb0h3mT21pmBTzKo7BnPRoe6yMfGkRCT'], 'username': ['admin'], 'password': ['123']}>
<QueryDict: {'csrfmiddlewaretoken': ['H0ZnKtdBGZC9tKq4CvXaShugMfzx4rXwfb0h3mT21pmBTzKo7BnPRoe6yMfGkRCT'], 'username': ['admin'], 'password': ['123']}>
<QueryDict: {'csrfmiddlewaretoken': ['H0ZnKtdBGZC9tKq4CvXaShugMfzx4rXwfb0h3mT21pmBTzKo7BnPRoe6yMfGkRCT'], 'username': ['admin'], 'password': ['123']}>
<QueryDict: {'csrfmiddlewaretoken': ['H0ZnKtdBGZC9tKq4CvXaShugMfzx4rXwfb0h3mT21pmBTzKo7BnPRoe6yMfGkRCT'], 'username': ['admin'], 'password': ['123']}>
<QueryDict: {'csrfmiddlewaretoken': ['H0ZnKtdBGZC9tKq4CvXaShugMfzx4rXwfb0h3mT21pmBTzKo7BnPRoe6yMfGkRCT'], 'username': ['admin'], 'password': ['123']}>
<QueryDict: {'csrfmiddlewaretoken': ['H0ZnKtdBGZC9tKq4CvXaShugMfzx4rXwfb0h3mT21pmBTzKo7BnPRoe6yMfGkRCT'], 'username': ['admin'], 'password': ['123']}>
<QueryDict: {'csrfmiddlewaretoken': ['H0ZnKtdBGZC9tKq4CvXaShugMfzx4rXwfb0h3mT21pmBTzKo7BnPRoe6yMfGkRCT'], 'username': ['admin'], 'password': ['123']}>
<QueryDict: {'csrfmiddlewaretoken': ['H0ZnKtdBGZC9tKq4CvXaShugMfzx4rXwfb0h3mT21pmBTzKo7BnPRoe6yMfGkRCT'], 'username': ['admin'], 'password': ['123']}>
<QueryDict: {'csrfmiddlewaretoken': ['1H57fLsfubYvPYtHnwK5d1xMw9mcd5wxzS61yE8GPBIXfNN1SCaKc8hCiG2ltvbU'], 'username': ['admin1'], 'password': ['1'], 'auth_code': ['1']}>
<QueryDict: {'csrfmiddlewaretoken': ['H0ZnKtdBGZC9tKq4CvXaShugMfzx4rXwfb0h3mT21pmBTzKo7BnPRoe6yMfGkRCT'], 'username': ['admin'], 'password': ['123']}>
Watching for file changes with StatReloader
/www/django_www/app01/views/login.py changed, reloading.
Performing system checks...

System check identified no issues (0 silenced).
February 15, 2023 - 14:36:15
Django version 3.2, using settings 'django_www.settings'
Starting development server at http://0.0.0.0:80/
Quit the server with CONTROL-C.
Watching for file changes with StatReloader
/www/django_www/app01/views/login.py changed, reloading.
Performing system checks...

System check identified no issues (0 silenced).
February 15, 2023 - 14:43:24
Django version 3.2, using settings 'django_www.settings'
Starting development server at http://0.0.0.0:80/
Quit the server with CONTROL-C.
Watching for file changes with StatReloader
/www/django_www/app01/views/login.py changed, reloading.
Performing system checks...

System check identified no issues (0 silenced).
February 15, 2023 - 14:43:33
Django version 3.2, using settings 'django_www.settings'
Starting development server at http://0.0.0.0:80/
Quit the server with CONTROL-C.
Watching for file changes with StatReloader
/www/django_www/app01/views/login.py changed, reloading.
Performing system checks...

System check identified no issues (0 silenced).
February 15, 2023 - 14:48:40
Django version 3.2, using settings 'django_www.settings'
Starting development server at http://0.0.0.0:80/
Quit the server with CONTROL-C.
Watching for file changes with StatReloader
[15/Feb/2023 14:53:18] "POST /login/ HTTP/1.1" 200 5187
[15/Feb/2023 14:53:18] "GET /static/jquery-3.5.1/jquery.min.js HTTP/1.1" 200 89476
[15/Feb/2023 14:53:18] "GET /static/bootstrap/css/bootstrap.min.css HTTP/1.1" 200 194901
[15/Feb/2023 14:53:18] "GET /static/bootstrap/js/bootstrap.min.js HTTP/1.1" 200 60404
[15/Feb/2023 14:53:18] "GET /static/img/%E6%9D%BE%E6%A0%91.svg HTTP/1.1" 200 4799
[15/Feb/2023 14:53:18] "GET /static/bootstrap/js/bootstrap.min.js.map HTTP/1.1" 200 216913
[15/Feb/2023 14:53:18] "GET /static/bootstrap/css/bootstrap.min.css.map HTTP/1.1" 200 522639
[15/Feb/2023 14:53:18] "GET /auth/code/ HTTP/1.1" 200 4129
[15/Feb/2023 14:53:25] "POST /login/ HTTP/1.1" 200 5194
[15/Feb/2023 14:53:25] "GET /static/jquery-3.5.1/jquery.min.js HTTP/1.1" 200 89476
[15/Feb/2023 14:53:25] "GET /static/bootstrap/css/bootstrap.min.css HTTP/1.1" 200 194901
[15/Feb/2023 14:53:25] "GET /static/bootstrap/js/bootstrap.min.js HTTP/1.1" 200 60404
[15/Feb/2023 14:53:25] "GET /static/img/%E6%9D%BE%E6%A0%91.svg HTTP/1.1" 200 4799
[15/Feb/2023 14:53:25] "GET /static/bootstrap/js/bootstrap.min.js.map HTTP/1.1" 200 216913
[15/Feb/2023 14:53:25] "GET /static/bootstrap/css/bootstrap.min.css.map HTTP/1.1" 200 522639
[15/Feb/2023 14:53:25] "GET /auth/code/ HTTP/1.1" 200 4320
[15/Feb/2023 14:53:55] "POST /login/ HTTP/1.1" 200 5232
[15/Feb/2023 14:53:55] "GET /static/jquery-3.5.1/jquery.min.js HTTP/1.1" 200 89476
[15/Feb/2023 14:53:55] "GET /static/bootstrap/css/bootstrap.min.css HTTP/1.1" 200 194901
[15/Feb/2023 14:53:55] "GET /static/bootstrap/js/bootstrap.min.js HTTP/1.1" 200 60404
[15/Feb/2023 14:53:55] "GET /static/img/%E6%9D%BE%E6%A0%91.svg HTTP/1.1" 200 4799
[15/Feb/2023 14:53:55] "GET /static/bootstrap/js/bootstrap.min.js.map HTTP/1.1" 200 216913
[15/Feb/2023 14:53:55] "GET /static/bootstrap/css/bootstrap.min.css.map HTTP/1.1" 200 522639
[15/Feb/2023 14:53:56] "GET /auth/code/ HTTP/1.1" 200 3390
[15/Feb/2023 14:54:04] "POST /login/ HTTP/1.1" 200 5247
[15/Feb/2023 14:54:04] "GET /static/bootstrap/css/bootstrap.min.css HTTP/1.1" 200 194901
[15/Feb/2023 14:54:04] "GET /static/jquery-3.5.1/jquery.min.js HTTP/1.1" 200 89476
[15/Feb/2023 14:54:04] "GET /static/bootstrap/js/bootstrap.min.js HTTP/1.1" 200 60404
[15/Feb/2023 14:54:04] "GET /static/img/%E6%9D%BE%E6%A0%91.svg HTTP/1.1" 200 4799
[15/Feb/2023 14:54:05] "GET /static/bootstrap/js/bootstrap.min.js.map HTTP/1.1" 200 216913
[15/Feb/2023 14:54:05] "GET /static/bootstrap/css/bootstrap.min.css.map HTTP/1.1" 200 522639
[15/Feb/2023 14:54:05] "GET /auth/code/ HTTP/1.1" 200 4281
[15/Feb/2023 14:54:07] "POST /login/ HTTP/1.1" 200 5247
[15/Feb/2023 14:54:07] "GET /static/jquery-3.5.1/jquery.min.js HTTP/1.1" 200 89476
[15/Feb/2023 14:54:07] "GET /static/bootstrap/css/bootstrap.min.css HTTP/1.1" 200 194901
[15/Feb/2023 14:54:08] "GET /static/bootstrap/js/bootstrap.min.js HTTP/1.1" 200 60404
[15/Feb/2023 14:54:08] "GET /static/img/%E6%9D%BE%E6%A0%91.svg HTTP/1.1" 200 4799
[15/Feb/2023 14:54:08] "GET /static/bootstrap/js/bootstrap.min.js.map HTTP/1.1" 200 216913
[15/Feb/2023 14:54:08] "GET /static/bootstrap/css/bootstrap.min.css.map HTTP/1.1" 200 522639
[15/Feb/2023 14:54:08] "GET /auth/code/ HTTP/1.1" 200 3691
[15/Feb/2023 14:54:11] "POST /login/ HTTP/1.1" 200 5247
[15/Feb/2023 14:54:11] "GET /static/jquery-3.5.1/jquery.min.js HTTP/1.1" 200 89476
[15/Feb/2023 14:54:11] "GET /static/bootstrap/css/bootstrap.min.css HTTP/1.1" 200 194901
[15/Feb/2023 14:54:11] "GET /static/bootstrap/js/bootstrap.min.js HTTP/1.1" 200 60404
[15/Feb/2023 14:54:11] "GET /static/img/%E6%9D%BE%E6%A0%91.svg HTTP/1.1" 200 4799
[15/Feb/2023 14:54:11] "GET /static/bootstrap/css/bootstrap.min.css.map HTTP/1.1" 200 522639
[15/Feb/2023 14:54:11] "GET /static/bootstrap/js/bootstrap.min.js.map HTTP/1.1" 200 216913
[15/Feb/2023 14:54:11] "GET /auth/code/ HTTP/1.1" 200 4169
[15/Feb/2023 14:54:16] "POST /login/ HTTP/1.1" 200 5247
[15/Feb/2023 14:54:16] "GET /static/jquery-3.5.1/jquery.min.js HTTP/1.1" 200 89476
[15/Feb/2023 14:54:16] "GET /static/bootstrap/css/bootstrap.min.css HTTP/1.1" 200 194901
[15/Feb/2023 14:54:16] "GET /static/bootstrap/js/bootstrap.min.js HTTP/1.1" 200 60404
[15/Feb/2023 14:54:16] "GET /static/img/%E6%9D%BE%E6%A0%91.svg HTTP/1.1" 200 4799
[15/Feb/2023 14:54:16] "GET /static/bootstrap/css/bootstrap.min.css.map HTTP/1.1" 200 522639
[15/Feb/2023 14:54:16] "GET /static/bootstrap/js/bootstrap.min.js.map HTTP/1.1" 200 216913
[15/Feb/2023 14:54:16] "GET /auth/code/ HTTP/1.1" 200 3700
[15/Feb/2023 14:54:52] "POST /login/ HTTP/1.1" 200 5308
[15/Feb/2023 14:54:52] "GET /static/jquery-3.5.1/jquery.min.js HTTP/1.1" 200 89476
[15/Feb/2023 14:54:52] "GET /static/bootstrap/css/bootstrap.min.css HTTP/1.1" 200 194901
[15/Feb/2023 14:54:52] "GET /static/bootstrap/js/bootstrap.min.js HTTP/1.1" 200 60404
[15/Feb/2023 14:54:52] "GET /static/img/%E6%9D%BE%E6%A0%91.svg HTTP/1.1" 200 4799
[15/Feb/2023 14:54:52] "GET /static/bootstrap/js/bootstrap.min.js.map HTTP/1.1" 200 216913
[15/Feb/2023 14:54:52] "GET /static/bootstrap/css/bootstrap.min.css.map HTTP/1.1" 200 522639
[15/Feb/2023 14:54:52] "GET /auth/code/ HTTP/1.1" 200 4280
[15/Feb/2023 14:54:53] "GET /login/ HTTP/1.1" 200 5282
[15/Feb/2023 14:54:53] "GET /static/jquery-3.5.1/jquery.min.js HTTP/1.1" 200 89476
[15/Feb/2023 14:54:53] "GET /static/bootstrap/css/bootstrap.min.css HTTP/1.1" 200 194901
[15/Feb/2023 14:54:53] "GET /static/bootstrap/js/bootstrap.min.js HTTP/1.1" 200 60404
[15/Feb/2023 14:54:53] "GET /static/img/%E6%9D%BE%E6%A0%91.svg HTTP/1.1" 200 4799
[15/Feb/2023 14:54:53] "GET /static/bootstrap/js/bootstrap.min.js.map HTTP/1.1" 200 216913
[15/Feb/2023 14:54:53] "GET /static/bootstrap/css/bootstrap.min.css.map HTTP/1.1" 200 522639
[15/Feb/2023 14:54:53] "GET /auth/code/ HTTP/1.1" 200 4141
[15/Feb/2023 14:54:54] "GET /login/ HTTP/1.1" 200 5282
[15/Feb/2023 14:54:54] "GET /static/jquery-3.5.1/jquery.min.js HTTP/1.1" 200 89476
[15/Feb/2023 14:54:54] "GET /static/bootstrap/css/bootstrap.min.css HTTP/1.1" 200 194901
[15/Feb/2023 14:54:54] "GET /static/bootstrap/js/bootstrap.min.js HTTP/1.1" 200 60404
[15/Feb/2023 14:54:54] "GET /static/img/%E6%9D%BE%E6%A0%91.svg HTTP/1.1" 200 4799
[15/Feb/2023 14:54:54] "GET /static/bootstrap/js/bootstrap.min.js.map HTTP/1.1" 200 216913
[15/Feb/2023 14:54:54] "GET /static/bootstrap/css/bootstrap.min.css.map HTTP/1.1" 200 522639
[15/Feb/2023 14:54:54] "GET /auth/code/ HTTP/1.1" 200 4679
[15/Feb/2023 14:54:54] "GET /login/ HTTP/1.1" 200 5282
[15/Feb/2023 14:54:54] "GET /static/bootstrap/css/bootstrap.min.css HTTP/1.1" 200 194901
[15/Feb/2023 14:54:54] "GET /static/jquery-3.5.1/jquery.min.js HTTP/1.1" 200 89476
[15/Feb/2023 14:54:54] "GET /static/bootstrap/js/bootstrap.min.js HTTP/1.1" 200 60404
[15/Feb/2023 14:54:54] "GET /static/img/%E6%9D%BE%E6%A0%91.svg HTTP/1.1" 200 4799
[15/Feb/2023 14:54:54] "GET /static/bootstrap/js/bootstrap.min.js.map HTTP/1.1" 200 216913
[15/Feb/2023 14:54:54] "GET /static/bootstrap/css/bootstrap.min.css.map HTTP/1.1" 200 522639
[15/Feb/2023 14:54:54] "GET /auth/code/ HTTP/1.1" 200 4749
[15/Feb/2023 14:54:55] "GET /login/ HTTP/1.1" 200 5282
[15/Feb/2023 14:54:55] "GET /static/jquery-3.5.1/jquery.min.js HTTP/1.1" 200 89476
[15/Feb/2023 14:54:55] "GET /static/bootstrap/css/bootstrap.min.css HTTP/1.1" 200 194901
[15/Feb/2023 14:54:55] "GET /static/bootstrap/js/bootstrap.min.js HTTP/1.1" 200 60404
[15/Feb/2023 14:54:55] "GET /static/img/%E6%9D%BE%E6%A0%91.svg HTTP/1.1" 200 4799
[15/Feb/2023 14:54:55] "GET /static/bootstrap/js/bootstrap.min.js.map HTTP/1.1" 200 216913
[15/Feb/2023 14:54:55] "GET /static/bootstrap/css/bootstrap.min.css.map HTTP/1.1" 200 522639
[15/Feb/2023 14:54:55] "GET /auth/code/ HTTP/1.1" 200 4169
[15/Feb/2023 14:54:55] "GET /login/ HTTP/1.1" 200 5282
[15/Feb/2023 14:54:55] "GET /static/jquery-3.5.1/jquery.min.js HTTP/1.1" 200 89476
[15/Feb/2023 14:54:55] "GET /static/bootstrap/css/bootstrap.min.css HTTP/1.1" 200 194901
[15/Feb/2023 14:54:55] "GET /static/bootstrap/js/bootstrap.min.js HTTP/1.1" 200 60404
[15/Feb/2023 14:54:55] "GET /static/img/%E6%9D%BE%E6%A0%91.svg HTTP/1.1" 200 4799
[15/Feb/2023 14:54:55] "GET /static/bootstrap/js/bootstrap.min.js.map HTTP/1.1" 200 216913
[15/Feb/2023 14:54:56] "GET /static/bootstrap/css/bootstrap.min.css.map HTTP/1.1" 200 522639
[15/Feb/2023 14:54:56] "GET /auth/code/ HTTP/1.1" 200 4132
[15/Feb/2023 14:54:56] "GET /login/ HTTP/1.1" 200 5282
[15/Feb/2023 14:54:56] "GET /static/jquery-3.5.1/jquery.min.js HTTP/1.1" 200 89476
[15/Feb/2023 14:54:56] "GET /static/bootstrap/css/bootstrap.min.css HTTP/1.1" 200 194901
[15/Feb/2023 14:54:56] "GET /static/bootstrap/js/bootstrap.min.js HTTP/1.1" 200 60404
[15/Feb/2023 14:54:56] "GET /static/img/%E6%9D%BE%E6%A0%91.svg HTTP/1.1" 200 4799
[15/Feb/2023 14:54:56] "GET /static/bootstrap/css/bootstrap.min.css.map HTTP/1.1" 200 522639
[15/Feb/2023 14:54:56] "GET /static/bootstrap/js/bootstrap.min.js.map HTTP/1.1" 200 216913
[15/Feb/2023 14:54:56] "GET /auth/code/ HTTP/1.1" 200 4329
[15/Feb/2023 14:54:57] "GET /login/ HTTP/1.1" 200 5282
[15/Feb/2023 14:54:57] "GET /static/jquery-3.5.1/jquery.min.js HTTP/1.1" 200 89476
[15/Feb/2023 14:54:57] "GET /static/bootstrap/css/bootstrap.min.css HTTP/1.1" 200 194901
[15/Feb/2023 14:54:57] "GET /static/bootstrap/js/bootstrap.min.js HTTP/1.1" 200 60404
[15/Feb/2023 14:54:57] "GET /static/img/%E6%9D%BE%E6%A0%91.svg HTTP/1.1" 200 4799
[15/Feb/2023 14:54:57] "GET /static/bootstrap/js/bootstrap.min.js.map HTTP/1.1" 200 216913
[15/Feb/2023 14:54:57] "GET /static/bootstrap/css/bootstrap.min.css.map HTTP/1.1" 200 522639
[15/Feb/2023 14:54:57] "GET /auth/code/ HTTP/1.1" 200 4720
[15/Feb/2023 14:54:59] "GET /login/ HTTP/1.1" 200 5282
[15/Feb/2023 14:54:59] "GET /static/jquery-3.5.1/jquery.min.js HTTP/1.1" 200 89476
[15/Feb/2023 14:54:59] "GET /static/bootstrap/css/bootstrap.min.css HTTP/1.1" 200 194901
[15/Feb/2023 14:54:59] "GET /static/bootstrap/js/bootstrap.min.js HTTP/1.1" 200 60404
[15/Feb/2023 14:54:59] "GET /static/img/%E6%9D%BE%E6%A0%91.svg HTTP/1.1" 200 4799
[15/Feb/2023 14:54:59] "GET /static/bootstrap/js/bootstrap.min.js.map HTTP/1.1" 200 216913
[15/Feb/2023 14:54:59] "GET /static/bootstrap/css/bootstrap.min.css.map HTTP/1.1" 200 522639
[15/Feb/2023 14:54:59] "GET /auth/code/ HTTP/1.1" 200 4090
[15/Feb/2023 14:54:59] "GET /login/ HTTP/1.1" 200 5282
[15/Feb/2023 14:54:59] "GET /static/jquery-3.5.1/jquery.min.js HTTP/1.1" 200 89476
[15/Feb/2023 14:54:59] "GET /static/bootstrap/css/bootstrap.min.css HTTP/1.1" 200 194901
[15/Feb/2023 14:54:59] "GET /static/bootstrap/js/bootstrap.min.js HTTP/1.1" 200 60404
[15/Feb/2023 14:55:00] "GET /static/img/%E6%9D%BE%E6%A0%91.svg HTTP/1.1" 200 4799
[15/Feb/2023 14:55:00] "GET /static/bootstrap/css/bootstrap.min.css.map HTTP/1.1" 200 522639
[15/Feb/2023 14:55:00] "GET /static/bootstrap/js/bootstrap.min.js.map HTTP/1.1" 200 216913
[15/Feb/2023 14:55:00] "GET /auth/code/ HTTP/1.1" 200 3824
[15/Feb/2023 14:55:00] "GET /login/ HTTP/1.1" 200 5282
[15/Feb/2023 14:55:00] "GET /static/bootstrap/css/bootstrap.min.css HTTP/1.1" 200 194901
[15/Feb/2023 14:55:00] "GET /static/jquery-3.5.1/jquery.min.js HTTP/1.1" 200 89476
[15/Feb/2023 14:55:00] "GET /static/bootstrap/js/bootstrap.min.js HTTP/1.1" 200 60404
[15/Feb/2023 14:55:00] "GET /static/img/%E6%9D%BE%E6%A0%91.svg HTTP/1.1" 200 4799
[15/Feb/2023 14:55:00] "GET /static/bootstrap/css/bootstrap.min.css.map HTTP/1.1" 200 522639
[15/Feb/2023 14:55:00] "GET /static/bootstrap/js/bootstrap.min.js.map HTTP/1.1" 200 216913
[15/Feb/2023 14:55:00] "GET /auth/code/ HTTP/1.1" 200 4013
[15/Feb/2023 14:55:01] "GET /login/ HTTP/1.1" 200 5282
[15/Feb/2023 14:55:01] "GET /static/jquery-3.5.1/jquery.min.js HTTP/1.1" 200 89476
[15/Feb/2023 14:55:01] "GET /static/bootstrap/css/bootstrap.min.css HTTP/1.1" 200 194901
[15/Feb/2023 14:55:01] "GET /static/bootstrap/js/bootstrap.min.js HTTP/1.1" 200 60404
[15/Feb/2023 14:55:01] "GET /static/img/%E6%9D%BE%E6%A0%91.svg HTTP/1.1" 200 4799
[15/Feb/2023 14:55:01] "GET /static/bootstrap/js/bootstrap.min.js.map HTTP/1.1" 200 216913
[15/Feb/2023 14:55:01] "GET /static/bootstrap/css/bootstrap.min.css.map HTTP/1.1" 200 522639
[15/Feb/2023 14:55:01] "GET /auth/code/ HTTP/1.1" 200 4551
[15/Feb/2023 14:55:04] "GET /login/ HTTP/1.1" 200 5282
[15/Feb/2023 14:55:04] "GET /static/jquery-3.5.1/jquery.min.js HTTP/1.1" 200 89476
[15/Feb/2023 14:55:04] "GET /static/bootstrap/css/bootstrap.min.css HTTP/1.1" 200 194901
[15/Feb/2023 14:55:04] "GET /static/bootstrap/js/bootstrap.min.js HTTP/1.1" 200 60404
[15/Feb/2023 14:55:04] "GET /static/img/%E6%9D%BE%E6%A0%91.svg HTTP/1.1" 200 4799
[15/Feb/2023 14:55:04] "GET /static/bootstrap/js/bootstrap.min.js.map HTTP/1.1" 200 216913
[15/Feb/2023 14:55:04] "GET /static/bootstrap/css/bootstrap.min.css.map HTTP/1.1" 200 522639
[15/Feb/2023 14:55:04] "GET /auth/code/ HTTP/1.1" 200 3885
[15/Feb/2023 14:55:04] "GET /login/ HTTP/1.1" 200 5282
[15/Feb/2023 14:55:04] "GET /static/jquery-3.5.1/jquery.min.js HTTP/1.1" 200 89476
[15/Feb/2023 14:55:04] "GET /static/bootstrap/css/bootstrap.min.css HTTP/1.1" 200 194901
[15/Feb/2023 14:55:04] "GET /static/bootstrap/js/bootstrap.min.js HTTP/1.1" 200 60404
[15/Feb/2023 14:55:04] "GET /static/img/%E6%9D%BE%E6%A0%91.svg HTTP/1.1" 200 4799
[15/Feb/2023 14:55:04] "GET /static/bootstrap/js/bootstrap.min.js.map HTTP/1.1" 200 216913
[15/Feb/2023 14:55:04] "GET /static/bootstrap/css/bootstrap.min.css.map HTTP/1.1" 200 522639
[15/Feb/2023 14:55:05] "GET /auth/code/ HTTP/1.1" 200 4207
[15/Feb/2023 14:55:05] "GET /login/ HTTP/1.1" 200 5282
[15/Feb/2023 14:55:05] "GET /static/jquery-3.5.1/jquery.min.js HTTP/1.1" 200 89476
[15/Feb/2023 14:55:05] "GET /static/bootstrap/css/bootstrap.min.css HTTP/1.1" 200 194901
[15/Feb/2023 14:55:05] "GET /static/bootstrap/js/bootstrap.min.js HTTP/1.1" 200 60404
[15/Feb/2023 14:55:05] "GET /static/img/%E6%9D%BE%E6%A0%91.svg HTTP/1.1" 200 4799
[15/Feb/2023 14:55:05] "GET /static/bootstrap/css/bootstrap.min.css.map HTTP/1.1" 200 522639
[15/Feb/2023 14:55:05] "GET /static/bootstrap/js/bootstrap.min.js.map HTTP/1.1" 200 216913
[15/Feb/2023 14:55:05] "GET /auth/code/ HTTP/1.1" 200 3943
[15/Feb/2023 14:55:06] "GET /login/ HTTP/1.1" 200 5282
[15/Feb/2023 14:55:06] "GET /static/jquery-3.5.1/jquery.min.js HTTP/1.1" 200 89476
[15/Feb/2023 14:55:06] "GET /static/bootstrap/css/bootstrap.min.css HTTP/1.1" 200 194901
[15/Feb/2023 14:55:06] "GET /static/bootstrap/js/bootstrap.min.js HTTP/1.1" 200 60404
[15/Feb/2023 14:55:06] "GET /static/img/%E6%9D%BE%E6%A0%91.svg HTTP/1.1" 200 4799
[15/Feb/2023 14:55:06] "GET /static/bootstrap/js/bootstrap.min.js.map HTTP/1.1" 200 216913
[15/Feb/2023 14:55:06] "GET /static/bootstrap/css/bootstrap.min.css.map HTTP/1.1" 200 522639
[15/Feb/2023 14:55:06] "GET /auth/code/ HTTP/1.1" 200 4295
[15/Feb/2023 14:55:06] "GET /login/ HTTP/1.1" 200 5282
[15/Feb/2023 14:55:06] "GET /static/jquery-3.5.1/jquery.min.js HTTP/1.1" 200 89476
[15/Feb/2023 14:55:06] "GET /static/bootstrap/css/bootstrap.min.css HTTP/1.1" 200 194901
[15/Feb/2023 14:55:06] "GET /static/bootstrap/js/bootstrap.min.js HTTP/1.1" 200 60404
[15/Feb/2023 14:55:06] "GET /static/img/%E6%9D%BE%E6%A0%91.svg HTTP/1.1" 200 4799
[15/Feb/2023 14:55:06] "GET /static/bootstrap/css/bootstrap.min.css.map HTTP/1.1" 200 522639
[15/Feb/2023 14:55:06] "GET /static/bootstrap/js/bootstrap.min.js.map HTTP/1.1" 200 216913
[15/Feb/2023 14:55:06] "GET /auth/code/ HTTP/1.1" 200 4048
[15/Feb/2023 14:55:07] "GET /login/ HTTP/1.1" 200 5282
[15/Feb/2023 14:55:07] "GET /static/jquery-3.5.1/jquery.min.js HTTP/1.1" 200 89476
[15/Feb/2023 14:55:07] "GET /static/bootstrap/css/bootstrap.min.css HTTP/1.1" 200 194901
[15/Feb/2023 14:55:07] "GET /static/bootstrap/js/bootstrap.min.js HTTP/1.1" 200 60404
[15/Feb/2023 14:55:07] "GET /static/img/%E6%9D%BE%E6%A0%91.svg HTTP/1.1" 200 4799
[15/Feb/2023 14:55:07] "GET /static/bootstrap/css/bootstrap.min.css.map HTTP/1.1" 200 522639
[15/Feb/2023 14:55:07] "GET /static/bootstrap/js/bootstrap.min.js.map HTTP/1.1" 200 216913
[15/Feb/2023 14:55:07] "GET /auth/code/ HTTP/1.1" 200 3854
[15/Feb/2023 14:55:32] "GET /login/ HTTP/1.1" 200 5282
[15/Feb/2023 14:55:32] "GET /static/bootstrap/css/bootstrap.min.css HTTP/1.1" 200 194901
[15/Feb/2023 14:55:32] "GET /static/jquery-3.5.1/jquery.min.js HTTP/1.1" 200 89476
[15/Feb/2023 14:55:32] "GET /static/bootstrap/js/bootstrap.min.js HTTP/1.1" 200 60404
[15/Feb/2023 14:55:32] "GET /static/img/%E6%9D%BE%E6%A0%91.svg HTTP/1.1" 200 4799
[15/Feb/2023 14:55:32] "GET /static/bootstrap/js/bootstrap.min.js.map HTTP/1.1" 200 216913
[15/Feb/2023 14:55:32] "GET /static/bootstrap/css/bootstrap.min.css.map HTTP/1.1" 200 522639
[15/Feb/2023 14:55:32] "GET /auth/code/ HTTP/1.1" 200 4034
[15/Feb/2023 14:55:33] "GET /login/ HTTP/1.1" 200 5282
[15/Feb/2023 14:55:33] "GET /static/jquery-3.5.1/jquery.min.js HTTP/1.1" 200 89476
[15/Feb/2023 14:55:33] "GET /static/bootstrap/css/bootstrap.min.css HTTP/1.1" 200 194901
[15/Feb/2023 14:55:33] "GET /static/bootstrap/js/bootstrap.min.js HTTP/1.1" 200 60404
[15/Feb/2023 14:55:33] "GET /static/img/%E6%9D%BE%E6%A0%91.svg HTTP/1.1" 200 4799
[15/Feb/2023 14:55:33] "GET /static/bootstrap/js/bootstrap.min.js.map HTTP/1.1" 200 216913
[15/Feb/2023 14:55:33] "GET /static/bootstrap/css/bootstrap.min.css.map HTTP/1.1" 200 522639
[15/Feb/2023 14:55:33] "GET /auth/code/ HTTP/1.1" 200 3446
[15/Feb/2023 14:55:34] "GET /login/ HTTP/1.1" 200 5282
[15/Feb/2023 14:55:34] "GET /static/jquery-3.5.1/jquery.min.js HTTP/1.1" 200 89476
[15/Feb/2023 14:55:34] "GET /static/bootstrap/css/bootstrap.min.css HTTP/1.1" 200 194901
[15/Feb/2023 14:55:34] "GET /static/bootstrap/js/bootstrap.min.js HTTP/1.1" 200 60404
[15/Feb/2023 14:55:34] "GET /static/img/%E6%9D%BE%E6%A0%91.svg HTTP/1.1" 200 4799
[15/Feb/2023 14:55:34] "GET /static/bootstrap/css/bootstrap.min.css.map HTTP/1.1" 200 522639
[15/Feb/2023 14:55:34] "GET /static/bootstrap/js/bootstrap.min.js.map HTTP/1.1" 200 216913
[15/Feb/2023 14:55:34] "GET /auth/code/ HTTP/1.1" 200 3857
[15/Feb/2023 14:55:35] "GET /login/ HTTP/1.1" 200 5282
[15/Feb/2023 14:55:35] "GET /static/bootstrap/css/bootstrap.min.css HTTP/1.1" 200 194901
[15/Feb/2023 14:55:35] "GET /static/jquery-3.5.1/jquery.min.js HTTP/1.1" 200 89476
[15/Feb/2023 14:55:35] "GET /static/bootstrap/js/bootstrap.min.js HTTP/1.1" 200 60404
[15/Feb/2023 14:55:35] "GET /static/img/%E6%9D%BE%E6%A0%91.svg HTTP/1.1" 200 4799
[15/Feb/2023 14:55:35] "GET /static/bootstrap/js/bootstrap.min.js.map HTTP/1.1" 200 216913
[15/Feb/2023 14:55:35] "GET /static/bootstrap/css/bootstrap.min.css.map HTTP/1.1" 200 522639
[15/Feb/2023 14:55:35] "GET /auth/code/ HTTP/1.1" 200 4046
[15/Feb/2023 14:55:39] "POST /login/ HTTP/1.1" 200 5307
[15/Feb/2023 14:55:39] "GET /static/jquery-3.5.1/jquery.min.js HTTP/1.1" 200 89476
[15/Feb/2023 14:55:39] "GET /static/bootstrap/css/bootstrap.min.css HTTP/1.1" 200 194901
[15/Feb/2023 14:55:39] "GET /static/bootstrap/js/bootstrap.min.js HTTP/1.1" 200 60404
[15/Feb/2023 14:55:39] "GET /static/img/%E6%9D%BE%E6%A0%91.svg HTTP/1.1" 200 4799
[15/Feb/2023 14:55:39] "GET /static/bootstrap/js/bootstrap.min.js.map HTTP/1.1" 200 216913
[15/Feb/2023 14:55:39] "GET /static/bootstrap/css/bootstrap.min.css.map HTTP/1.1" 200 522639
[15/Feb/2023 14:55:39] "GET /auth/code/ HTTP/1.1" 200 4380
[15/Feb/2023 14:55:50] "POST /login/ HTTP/1.1" 200 5310
[15/Feb/2023 14:55:50] "GET /static/jquery-3.5.1/jquery.min.js HTTP/1.1" 200 89476
[15/Feb/2023 14:55:50] "GET /static/bootstrap/css/bootstrap.min.css HTTP/1.1" 200 194901
[15/Feb/2023 14:55:50] "GET /static/bootstrap/js/bootstrap.min.js HTTP/1.1" 200 60404
[15/Feb/2023 14:55:50] "GET /static/img/%E6%9D%BE%E6%A0%91.svg HTTP/1.1" 200 4799
[15/Feb/2023 14:55:50] "GET /static/bootstrap/css/bootstrap.min.css.map HTTP/1.1" 200 522639
[15/Feb/2023 14:55:50] "GET /static/bootstrap/js/bootstrap.min.js.map HTTP/1.1" 200 216913
[15/Feb/2023 14:55:50] "GET /auth/code/ HTTP/1.1" 200 3703
[15/Feb/2023 14:55:53] "GET /login/ HTTP/1.1" 200 5282
[15/Feb/2023 14:55:53] "GET /static/jquery-3.5.1/jquery.min.js HTTP/1.1" 200 89476
[15/Feb/2023 14:55:53] "GET /static/bootstrap/css/bootstrap.min.css HTTP/1.1" 200 194901
[15/Feb/2023 14:55:53] "GET /static/bootstrap/js/bootstrap.min.js HTTP/1.1" 200 60404
[15/Feb/2023 14:55:53] "GET /static/img/%E6%9D%BE%E6%A0%91.svg HTTP/1.1" 200 4799
[15/Feb/2023 14:55:53] "GET /static/bootstrap/js/bootstrap.min.js.map HTTP/1.1" 200 216913
[15/Feb/2023 14:55:53] "GET /static/bootstrap/css/bootstrap.min.css.map HTTP/1.1" 200 522639
[15/Feb/2023 14:55:53] "GET /auth/code/ HTTP/1.1" 200 4305
[15/Feb/2023 14:55:54] "GET /login/ HTTP/1.1" 200 5282
[15/Feb/2023 14:55:54] "GET /static/jquery-3.5.1/jquery.min.js HTTP/1.1" 200 89476
[15/Feb/2023 14:55:54] "GET /static/bootstrap/css/bootstrap.min.css HTTP/1.1" 200 194901
[15/Feb/2023 14:55:54] "GET /static/bootstrap/js/bootstrap.min.js HTTP/1.1" 200 60404
[15/Feb/2023 14:55:54] "GET /static/img/%E6%9D%BE%E6%A0%91.svg HTTP/1.1" 200 4799
[15/Feb/2023 14:55:54] "GET /static/bootstrap/js/bootstrap.min.js.map HTTP/1.1" 200 216913
[15/Feb/2023 14:55:54] "GET /static/bootstrap/css/bootstrap.min.css.map HTTP/1.1" 200 522639
[15/Feb/2023 14:55:54] "GET /auth/code/ HTTP/1.1" 200 4727
[15/Feb/2023 14:56:19] "GET /login/ HTTP/1.1" 200 5223
[15/Feb/2023 14:56:19] "GET /static/jquery-3.5.1/jquery.min.js HTTP/1.1" 200 89476
[15/Feb/2023 14:56:19] "GET /static/bootstrap/css/bootstrap.min.css HTTP/1.1" 200 194901
[15/Feb/2023 14:56:19] "GET /static/bootstrap/js/bootstrap.min.js HTTP/1.1" 200 60404
[15/Feb/2023 14:56:19] "GET /static/img/%E6%9D%BE%E6%A0%91.svg HTTP/1.1" 200 4799
[15/Feb/2023 14:56:19] "GET /static/bootstrap/js/bootstrap.min.js.map HTTP/1.1" 200 216913
[15/Feb/2023 14:56:19] "GET /static/bootstrap/css/bootstrap.min.css.map HTTP/1.1" 200 522639
[15/Feb/2023 14:56:19] "GET /auth/code/ HTTP/1.1" 200 4332
[15/Feb/2023 14:56:30] "POST /login/ HTTP/1.1" 200 5251
[15/Feb/2023 14:56:30] "GET /static/jquery-3.5.1/jquery.min.js HTTP/1.1" 200 89476
[15/Feb/2023 14:56:30] "GET /static/bootstrap/css/bootstrap.min.css HTTP/1.1" 200 194901
[15/Feb/2023 14:56:30] "GET /static/bootstrap/js/bootstrap.min.js HTTP/1.1" 200 60404
[15/Feb/2023 14:56:30] "GET /static/img/%E6%9D%BE%E6%A0%91.svg HTTP/1.1" 200 4799
[15/Feb/2023 14:56:30] "GET /static/bootstrap/js/bootstrap.min.js.map HTTP/1.1" 200 216913
[15/Feb/2023 14:56:30] "GET /static/bootstrap/css/bootstrap.min.css.map HTTP/1.1" 200 522639
[15/Feb/2023 14:56:31] "GET /auth/code/ HTTP/1.1" 200 3893
[15/Feb/2023 14:56:37] "POST /login/ HTTP/1.1" 200 5251
[15/Feb/2023 14:56:37] "GET /static/jquery-3.5.1/jquery.min.js HTTP/1.1" 200 89476
[15/Feb/2023 14:56:37] "GET /static/bootstrap/css/bootstrap.min.css HTTP/1.1" 200 194901
[15/Feb/2023 14:56:37] "GET /static/bootstrap/js/bootstrap.min.js HTTP/1.1" 200 60404
[15/Feb/2023 14:56:37] "GET /static/img/%E6%9D%BE%E6%A0%91.svg HTTP/1.1" 200 4799
[15/Feb/2023 14:56:37] "GET /static/bootstrap/js/bootstrap.min.js.map HTTP/1.1" 200 216913
[15/Feb/2023 14:56:37] "GET /static/bootstrap/css/bootstrap.min.css.map HTTP/1.1" 200 522639
[15/Feb/2023 14:56:37] "GET /auth/code/ HTTP/1.1" 200 5060
[15/Feb/2023 14:56:48] "POST /login/ HTTP/1.1" 200 5251
[15/Feb/2023 14:56:48] "GET /static/bootstrap/css/bootstrap.min.css HTTP/1.1" 200 194901
[15/Feb/2023 14:56:48] "GET /static/jquery-3.5.1/jquery.min.js HTTP/1.1" 200 89476
[15/Feb/2023 14:56:48] "GET /static/bootstrap/js/bootstrap.min.js HTTP/1.1" 200 60404
[15/Feb/2023 14:56:48] "GET /static/img/%E6%9D%BE%E6%A0%91.svg HTTP/1.1" 200 4799
[15/Feb/2023 14:56:48] "GET /static/bootstrap/js/bootstrap.min.js.map HTTP/1.1" 200 216913
[15/Feb/2023 14:56:48] "GET /static/bootstrap/css/bootstrap.min.css.map HTTP/1.1" 200 522639
[15/Feb/2023 14:56:49] "GET /auth/code/ HTTP/1.1" 200 3965
/www/django_www/app01/views/login.py changed, reloading.
Performing system checks...

System check identified no issues (0 silenced).
February 15, 2023 - 14:52:59
Django version 3.2, using settings 'django_www.settings'
Starting development server at http://0.0.0.0:80/
Quit the server with CONTROL-C.
<QueryDict: {'csrfmiddlewaretoken': ['H0ZnKtdBGZC9tKq4CvXaShugMfzx4rXwfb0h3mT21pmBTzKo7BnPRoe6yMfGkRCT'], 'username': ['admin'], 'password': ['123']}>
<QueryDict: {'csrfmiddlewaretoken': ['21kFhcok12XewlLWeB80i05FjmSkpMekAclzA54LmsHGWa5gJHyFh7Pv5TytFcTH'], 'username': ['11'], 'password': ['1'], 'auth_code': ['1']}>
<QueryDict: {'csrfmiddlewaretoken': ['UD9iEdviczHxEFSFRsposhHs8a8KJfTqsOacX6bJxZrZ4ucZmyP3roriUHOTZFyN'], 'username': ['11'], 'password': ['11'], 'auth_code': ['1']}>
<QueryDict: {'csrfmiddlewaretoken': ['UD9iEdviczHxEFSFRsposhHs8a8KJfTqsOacX6bJxZrZ4ucZmyP3roriUHOTZFyN'], 'username': ['11'], 'password': ['11'], 'auth_code': ['1']}>
<QueryDict: {'csrfmiddlewaretoken': ['GqQZgqYoNdOGT49s07hlFIF3DRmDFm1CeBRTzjEP8Dy8jTtMvdH0EPpTpo2MVMGZ'], 'username': ['11'], 'password': ['1111'], 'auth_code': ['1']}>
<QueryDict: {'csrfmiddlewaretoken': ['z5snK1WdclUXA5xCtfysWtfOcLwefX7m7gth3UCExLEp0URWYlY7VAZEYicnvnMJ'], 'username': ['11'], 'password': ['111'], 'auth_code': ['1']}>
<QueryDict: {'csrfmiddlewaretoken': ['z5snK1WdclUXA5xCtfysWtfOcLwefX7m7gth3UCExLEp0URWYlY7VAZEYicnvnMJ'], 'username': ['11'], 'password': ['111'], 'auth_code': ['1']}>
<QueryDict: {'csrfmiddlewaretoken': ['z5snK1WdclUXA5xCtfysWtfOcLwefX7m7gth3UCExLEp0URWYlY7VAZEYicnvnMJ'], 'username': ['11'], 'password': ['111'], 'auth_code': ['1']}>
<QueryDict: {'csrfmiddlewaretoken': ['Ts1fJFLFLcJNocFSzUNJidcIglDQjX0XrD292yr66CtfO1Zc40dohkWy2SjZznFk'], 'username': ['1'], 'password': ['1'], 'auth_code': ['1']}>
<QueryDict: {'csrfmiddlewaretoken': ['FsJnzmFJvx4RQd0Zp933Hk4S1hFPkjwKdDKhSflaQXOjg2kjUftIGrOINOlYAJb7'], 'username': ['1'], 'password': ['1'], 'auth_code': ['AOUD']}>
<QueryDict: {'csrfmiddlewaretoken': ['hpRN708RZrsMNyIw2fauZKqJdjdGEpcTPASHqTOikRcedn2QxlA9YRazZQTPUPRg'], 'username': ['1'], 'password': ['1'], 'auth_code': ['FPPM']}>
<QueryDict: {'csrfmiddlewaretoken': ['hpRN708RZrsMNyIw2fauZKqJdjdGEpcTPASHqTOikRcedn2QxlA9YRazZQTPUPRg'], 'username': ['1'], 'password': ['1'], 'auth_code': ['FPPM']}>
<QueryDict: {'csrfmiddlewaretoken': ['O79Y18Pc5YIF1bcm0vnaB7SjzjxBnxaUmiaSk1vDqos7r0wGvBNPAeC9lQdKDXPh'], 'username': ['1'], 'password': ['1'], 'auth_code': ['NWGN']}>
Watching for file changes with StatReloader
/www/django_www/app01/views/login.py changed, reloading.
Performing system checks...

System check identified no issues (0 silenced).
February 15, 2023 - 14:57:09
Django version 3.2, using settings 'django_www.settings'
Starting development server at http://0.0.0.0:80/
Quit the server with CONTROL-C.
Watching for file changes with StatReloader
[15/Feb/2023 14:57:21] "POST /login/ HTTP/1.1" 200 5251
[15/Feb/2023 14:57:21] "GET /static/jquery-3.5.1/jquery.min.js HTTP/1.1" 200 89476
[15/Feb/2023 14:57:21] "GET /static/bootstrap/css/bootstrap.min.css HTTP/1.1" 200 194901
[15/Feb/2023 14:57:21] "GET /static/bootstrap/js/bootstrap.min.js HTTP/1.1" 200 60404
[15/Feb/2023 14:57:21] "GET /static/img/%E6%9D%BE%E6%A0%91.svg HTTP/1.1" 200 4799
[15/Feb/2023 14:57:21] "GET /static/bootstrap/js/bootstrap.min.js.map HTTP/1.1" 200 216913
[15/Feb/2023 14:57:21] "GET /static/bootstrap/css/bootstrap.min.css.map HTTP/1.1" 200 522639
[15/Feb/2023 14:57:21] "GET /auth/code/ HTTP/1.1" 200 3354
[15/Feb/2023 14:57:23] "POST /login/ HTTP/1.1" 200 5251
[15/Feb/2023 14:57:23] "GET /static/bootstrap/css/bootstrap.min.css HTTP/1.1" 200 194901
[15/Feb/2023 14:57:23] "GET /static/jquery-3.5.1/jquery.min.js HTTP/1.1" 200 89476
[15/Feb/2023 14:57:23] "GET /static/bootstrap/js/bootstrap.min.js HTTP/1.1" 200 60404
[15/Feb/2023 14:57:23] "GET /static/img/%E6%9D%BE%E6%A0%91.svg HTTP/1.1" 200 4799
[15/Feb/2023 14:57:24] "GET /static/bootstrap/js/bootstrap.min.js.map HTTP/1.1" 200 216913
[15/Feb/2023 14:57:24] "GET /static/bootstrap/css/bootstrap.min.css.map HTTP/1.1" 200 522639
[15/Feb/2023 14:57:24] "GET /auth/code/ HTTP/1.1" 200 4232
[15/Feb/2023 14:57:25] "POST /login/ HTTP/1.1" 200 5251
[15/Feb/2023 14:57:25] "GET /static/jquery-3.5.1/jquery.min.js HTTP/1.1" 200 89476
[15/Feb/2023 14:57:25] "GET /static/bootstrap/css/bootstrap.min.css HTTP/1.1" 200 194901
[15/Feb/2023 14:57:25] "GET /static/bootstrap/js/bootstrap.min.js HTTP/1.1" 200 60404
[15/Feb/2023 14:57:25] "GET /static/img/%E6%9D%BE%E6%A0%91.svg HTTP/1.1" 200 4799
[15/Feb/2023 14:57:25] "GET /static/bootstrap/js/bootstrap.min.js.map HTTP/1.1" 200 216913
[15/Feb/2023 14:57:25] "GET /static/bootstrap/css/bootstrap.min.css.map HTTP/1.1" 200 522639
[15/Feb/2023 14:57:25] "GET /auth/code/ HTTP/1.1" 200 4426
[15/Feb/2023 14:57:26] "POST /login/ HTTP/1.1" 200 5251
[15/Feb/2023 14:57:26] "GET /static/jquery-3.5.1/jquery.min.js HTTP/1.1" 200 89476
[15/Feb/2023 14:57:26] "GET /static/bootstrap/css/bootstrap.min.css HTTP/1.1" 200 194901
[15/Feb/2023 14:57:26] "GET /static/bootstrap/js/bootstrap.min.js HTTP/1.1" 200 60404
[15/Feb/2023 14:57:26] "GET /static/img/%E6%9D%BE%E6%A0%91.svg HTTP/1.1" 200 4799
[15/Feb/2023 14:57:26] "GET /static/bootstrap/css/bootstrap.min.css.map HTTP/1.1" 200 522639
[15/Feb/2023 14:57:26] "GET /static/bootstrap/js/bootstrap.min.js.map HTTP/1.1" 200 216913
[15/Feb/2023 14:57:26] "GET /auth/code/ HTTP/1.1" 200 3946
[15/Feb/2023 14:57:28] "POST /login/ HTTP/1.1" 200 5251
[15/Feb/2023 14:57:28] "GET /static/jquery-3.5.1/jquery.min.js HTTP/1.1" 200 89476
[15/Feb/2023 14:57:28] "GET /static/bootstrap/css/bootstrap.min.css HTTP/1.1" 200 194901
[15/Feb/2023 14:57:28] "GET /static/bootstrap/js/bootstrap.min.js HTTP/1.1" 200 60404
[15/Feb/2023 14:57:28] "GET /static/img/%E6%9D%BE%E6%A0%91.svg HTTP/1.1" 200 4799
[15/Feb/2023 14:57:28] "GET /static/bootstrap/js/bootstrap.min.js.map HTTP/1.1" 200 216913
[15/Feb/2023 14:57:28] "GET /static/bootstrap/css/bootstrap.min.css.map HTTP/1.1" 200 522639
[15/Feb/2023 14:57:28] "GET /auth/code/ HTTP/1.1" 200 4506
[15/Feb/2023 14:57:30] "POST /login/ HTTP/1.1" 200 5251
[15/Feb/2023 14:57:30] "GET /static/jquery-3.5.1/jquery.min.js HTTP/1.1" 200 89476
[15/Feb/2023 14:57:30] "GET /static/bootstrap/css/bootstrap.min.css HTTP/1.1" 200 194901
[15/Feb/2023 14:57:30] "GET /static/bootstrap/js/bootstrap.min.js HTTP/1.1" 200 60404
[15/Feb/2023 14:57:30] "GET /static/img/%E6%9D%BE%E6%A0%91.svg HTTP/1.1" 200 4799
[15/Feb/2023 14:57:30] "GET /static/bootstrap/js/bootstrap.min.js.map HTTP/1.1" 200 216913
[15/Feb/2023 14:57:30] "GET /static/bootstrap/css/bootstrap.min.css.map HTTP/1.1" 200 522639
[15/Feb/2023 14:57:30] "GET /auth/code/ HTTP/1.1" 200 3951
[15/Feb/2023 14:57:31] "POST /login/ HTTP/1.1" 200 5251
[15/Feb/2023 14:57:31] "GET /static/bootstrap/css/bootstrap.min.css HTTP/1.1" 200 194901
[15/Feb/2023 14:57:31] "GET /static/jquery-3.5.1/jquery.min.js HTTP/1.1" 200 89476
[15/Feb/2023 14:57:31] "GET /static/bootstrap/js/bootstrap.min.js HTTP/1.1" 200 60404
[15/Feb/2023 14:57:31] "GET /static/img/%E6%9D%BE%E6%A0%91.svg HTTP/1.1" 200 4799
[15/Feb/2023 14:57:31] "GET /static/bootstrap/js/bootstrap.min.js.map HTTP/1.1" 200 216913
[15/Feb/2023 14:57:31] "GET /static/bootstrap/css/bootstrap.min.css.map HTTP/1.1" 200 522639
[15/Feb/2023 14:57:31] "GET /auth/code/ HTTP/1.1" 200 4500
[15/Feb/2023 14:57:48] "POST /login/ HTTP/1.1" 302 0
[15/Feb/2023 14:57:48] "GET /admin/ HTTP/1.1" 200 8500
[15/Feb/2023 14:57:48] "GET /static/jquery-3.5.1/jquery.min.js HTTP/1.1" 200 89476
[15/Feb/2023 14:57:48] "GET /static/bootstrap/css/bootstrap.min.css HTTP/1.1" 200 194901
[15/Feb/2023 14:57:48] "GET /static/bootstrap/js/bootstrap.min.js HTTP/1.1" 200 60404
[15/Feb/2023 14:57:48] "GET /static/bootstrap/js/bootstrap.min.js.map HTTP/1.1" 200 216913
[15/Feb/2023 14:57:48] "GET /static/bootstrap/css/bootstrap.min.css.map HTTP/1.1" 200 522639
/www/django_www/app01/views/login.py changed, reloading.
Performing system checks...

System check identified no issues (0 silenced).
February 15, 2023 - 14:57:17
Django version 3.2, using settings 'django_www.settings'
Starting development server at http://0.0.0.0:80/
Quit the server with CONTROL-C.
<QueryDict: {'csrfmiddlewaretoken': ['O79Y18Pc5YIF1bcm0vnaB7SjzjxBnxaUmiaSk1vDqos7r0wGvBNPAeC9lQdKDXPh'], 'username': ['1'], 'password': ['1'], 'auth_code': ['NWGN']}>
form.cleaned_data {'username': '1', 'password': 'aec495598b5ed93526fa794ddde1c873', 'auth_code': 'NWGN'}
<QueryDict: {'csrfmiddlewaretoken': ['O79Y18Pc5YIF1bcm0vnaB7SjzjxBnxaUmiaSk1vDqos7r0wGvBNPAeC9lQdKDXPh'], 'username': ['1'], 'password': ['1'], 'auth_code': ['NWGN']}>
form.cleaned_data {'username': '1', 'password': 'aec495598b5ed93526fa794ddde1c873', 'auth_code': 'NWGN'}
<QueryDict: {'csrfmiddlewaretoken': ['O79Y18Pc5YIF1bcm0vnaB7SjzjxBnxaUmiaSk1vDqos7r0wGvBNPAeC9lQdKDXPh'], 'username': ['1'], 'password': ['1'], 'auth_code': ['NWGN']}>
form.cleaned_data {'username': '1', 'password': 'aec495598b5ed93526fa794ddde1c873', 'auth_code': 'NWGN'}
<QueryDict: {'csrfmiddlewaretoken': ['O79Y18Pc5YIF1bcm0vnaB7SjzjxBnxaUmiaSk1vDqos7r0wGvBNPAeC9lQdKDXPh'], 'username': ['1'], 'password': ['1'], 'auth_code': ['NWGN']}>
form.cleaned_data {'username': '1', 'password': 'aec495598b5ed93526fa794ddde1c873', 'auth_code': 'NWGN'}
<QueryDict: {'csrfmiddlewaretoken': ['O79Y18Pc5YIF1bcm0vnaB7SjzjxBnxaUmiaSk1vDqos7r0wGvBNPAeC9lQdKDXPh'], 'username': ['1'], 'password': ['1'], 'auth_code': ['NWGN']}>
form.cleaned_data {'username': '1', 'password': 'aec495598b5ed93526fa794ddde1c873', 'auth_code': 'NWGN'}
<QueryDict: {'csrfmiddlewaretoken': ['O79Y18Pc5YIF1bcm0vnaB7SjzjxBnxaUmiaSk1vDqos7r0wGvBNPAeC9lQdKDXPh'], 'username': ['1'], 'password': ['1'], 'auth_code': ['NWGN']}>
form.cleaned_data {'username': '1', 'password': 'aec495598b5ed93526fa794ddde1c873', 'auth_code': 'NWGN'}
<QueryDict: {'csrfmiddlewaretoken': ['O79Y18Pc5YIF1bcm0vnaB7SjzjxBnxaUmiaSk1vDqos7r0wGvBNPAeC9lQdKDXPh'], 'username': ['1'], 'password': ['1'], 'auth_code': ['NWGN']}>
form.cleaned_data {'username': '1', 'password': 'aec495598b5ed93526fa794ddde1c873', 'auth_code': 'NWGN'}
<QueryDict: {'csrfmiddlewaretoken': ['WrLtfwO5zEg4La121Yybf5iyxipEYcjxuCMnypuwU40wbZlmw4YQec2ojP5NeCYU'], 'username': ['1'], 'password': ['1'], 'auth_code': ['M15G']}>
form.cleaned_data {'username': '1', 'password': 'aec495598b5ed93526fa794ddde1c873', 'auth_code': 'M15G'}
request <WSGIRequest: GET '/admin/'>
request.session <django.contrib.sessions.backends.db.SessionStore object at 0x7f546f196b20>
Watching for file changes with StatReloader
[15/Feb/2023 14:58:42] "GET /index/ HTTP/1.1" 200 7227
[15/Feb/2023 14:58:43] "GET /static/jquery-3.5.1/jquery.min.js HTTP/1.1" 200 89476
[15/Feb/2023 14:58:43] "GET /static/bootstrap/css/bootstrap.min.css HTTP/1.1" 200 194901
[15/Feb/2023 14:58:43] "GET /static/bootstrap/js/bootstrap.min.js HTTP/1.1" 200 60404
[15/Feb/2023 14:58:43] "GET /static/bootstrap/js/bootstrap.min.js.map HTTP/1.1" 200 216913
[15/Feb/2023 14:58:43] "GET /static/bootstrap/css/bootstrap.min.css.map HTTP/1.1" 200 522639
[15/Feb/2023 14:58:44] "GET /admin/ HTTP/1.1" 200 8500
[15/Feb/2023 14:58:44] "GET /static/jquery-3.5.1/jquery.min.js HTTP/1.1" 200 89476
[15/Feb/2023 14:58:44] "GET /static/bootstrap/css/bootstrap.min.css HTTP/1.1" 200 194901
[15/Feb/2023 14:58:44] "GET /static/bootstrap/js/bootstrap.min.js HTTP/1.1" 200 60404
[15/Feb/2023 14:58:44] "GET /static/bootstrap/js/bootstrap.min.js.map HTTP/1.1" 200 216913
[15/Feb/2023 14:58:44] "GET /static/bootstrap/css/bootstrap.min.css.map HTTP/1.1" 200 522639
[15/Feb/2023 14:58:44] "GET /logout/ HTTP/1.1" 302 0
[15/Feb/2023 14:58:44] "GET /login/ HTTP/1.1" 200 5223
[15/Feb/2023 14:58:44] "GET /static/jquery-3.5.1/jquery.min.js HTTP/1.1" 200 89476
[15/Feb/2023 14:58:44] "GET /static/bootstrap/css/bootstrap.min.css HTTP/1.1" 200 194901
[15/Feb/2023 14:58:44] "GET /static/bootstrap/js/bootstrap.min.js HTTP/1.1" 200 60404
[15/Feb/2023 14:58:44] "GET /static/img/%E6%9D%BE%E6%A0%91.svg HTTP/1.1" 200 4799
[15/Feb/2023 14:58:44] "GET /static/bootstrap/js/bootstrap.min.js.map HTTP/1.1" 200 216913
[15/Feb/2023 14:58:44] "GET /static/bootstrap/css/bootstrap.min.css.map HTTP/1.1" 200 522639
[15/Feb/2023 14:58:45] "GET /auth/code/ HTTP/1.1" 200 4276
/www/django_www/app01/utils/auth_code_image.py changed, reloading.
Performing system checks...

System check identified no issues (0 silenced).
February 15, 2023 - 14:58:12
Django version 3.2, using settings 'django_www.settings'
Starting development server at http://0.0.0.0:80/
Quit the server with CONTROL-C.
request <WSGIRequest: GET '/admin/'>
request.session <django.contrib.sessions.backends.db.SessionStore object at 0x7f33741fe970>
Watching for file changes with StatReloader
[15/Feb/2023 14:59:02] "GET /login/ HTTP/1.1" 200 5223
[15/Feb/2023 14:59:02] "GET /static/jquery-3.5.1/jquery.min.js HTTP/1.1" 200 89476
[15/Feb/2023 14:59:02] "GET /static/bootstrap/css/bootstrap.min.css HTTP/1.1" 200 194901
[15/Feb/2023 14:59:02] "GET /static/bootstrap/js/bootstrap.min.js HTTP/1.1" 200 60404
[15/Feb/2023 14:59:02] "GET /static/bootstrap/css/bootstrap.min.css.map HTTP/1.1" 200 522639
[15/Feb/2023 14:59:02] "GET /static/img/%E6%9D%BE%E6%A0%91.svg HTTP/1.1" 200 4799
[15/Feb/2023 14:59:02] "GET /static/bootstrap/js/bootstrap.min.js.map HTTP/1.1" 200 216913
[15/Feb/2023 14:59:03] "GET /auth/code/ HTTP/1.1" 200 4236
[15/Feb/2023 14:59:04] "GET /login/ HTTP/1.1" 200 5223
[15/Feb/2023 14:59:05] "GET /static/jquery-3.5.1/jquery.min.js HTTP/1.1" 200 89476
[15/Feb/2023 14:59:05] "GET /static/bootstrap/css/bootstrap.min.css HTTP/1.1" 200 194901
[15/Feb/2023 14:59:05] "GET /static/bootstrap/js/bootstrap.min.js HTTP/1.1" 200 60404
[15/Feb/2023 14:59:05] "GET /static/img/%E6%9D%BE%E6%A0%91.svg HTTP/1.1" 200 4799
[15/Feb/2023 14:59:05] "GET /static/bootstrap/js/bootstrap.min.js.map HTTP/1.1" 200 216913
[15/Feb/2023 14:59:05] "GET /static/bootstrap/css/bootstrap.min.css.map HTTP/1.1" 200 522639
[15/Feb/2023 14:59:05] "GET /auth/code/ HTTP/1.1" 200 5561
[15/Feb/2023 14:59:05] "GET /login/ HTTP/1.1" 200 5223
[15/Feb/2023 14:59:05] "GET /static/jquery-3.5.1/jquery.min.js HTTP/1.1" 200 89476
[15/Feb/2023 14:59:05] "GET /static/bootstrap/css/bootstrap.min.css HTTP/1.1" 200 194901
[15/Feb/2023 14:59:05] "GET /static/bootstrap/js/bootstrap.min.js HTTP/1.1" 200 60404
[15/Feb/2023 14:59:05] "GET /static/img/%E6%9D%BE%E6%A0%91.svg HTTP/1.1" 200 4799
[15/Feb/2023 14:59:05] "GET /static/bootstrap/js/bootstrap.min.js.map HTTP/1.1" 200 216913
[15/Feb/2023 14:59:05] "GET /static/bootstrap/css/bootstrap.min.css.map HTTP/1.1" 200 522639
[15/Feb/2023 14:59:05] "GET /auth/code/ HTTP/1.1" 200 3337
[15/Feb/2023 14:59:06] "GET /login/ HTTP/1.1" 200 5223
[15/Feb/2023 14:59:06] "GET /static/jquery-3.5.1/jquery.min.js HTTP/1.1" 200 89476
[15/Feb/2023 14:59:06] "GET /static/bootstrap/css/bootstrap.min.css HTTP/1.1" 200 194901
[15/Feb/2023 14:59:06] "GET /static/bootstrap/js/bootstrap.min.js HTTP/1.1" 200 60404
[15/Feb/2023 14:59:06] "GET /static/img/%E6%9D%BE%E6%A0%91.svg HTTP/1.1" 200 4799
[15/Feb/2023 14:59:06] "GET /static/bootstrap/css/bootstrap.min.css.map HTTP/1.1" 200 522639
[15/Feb/2023 14:59:06] "GET /static/bootstrap/js/bootstrap.min.js.map HTTP/1.1" 200 216913
[15/Feb/2023 14:59:06] "GET /auth/code/ HTTP/1.1" 200 4175
/www/django_www/app01/utils/auth_code_image.py changed, reloading.
Performing system checks...

System check identified no issues (0 silenced).
February 15, 2023 - 14:59:02
Django version 3.2, using settings 'django_www.settings'
Starting development server at http://0.0.0.0:80/
Quit the server with CONTROL-C.
Watching for file changes with StatReloader
[15/Feb/2023 15:00:54] "GET /login/ HTTP/1.1" 200 5223
[15/Feb/2023 15:00:54] "GET /static/jquery-3.5.1/jquery.min.js HTTP/1.1" 200 89476
[15/Feb/2023 15:00:54] "GET /static/bootstrap/css/bootstrap.min.css HTTP/1.1" 200 194901
[15/Feb/2023 15:00:54] "GET /static/bootstrap/js/bootstrap.min.js HTTP/1.1" 200 60404
[15/Feb/2023 15:00:54] "GET /static/img/%E6%9D%BE%E6%A0%91.svg HTTP/1.1" 200 4799
[15/Feb/2023 15:00:54] "GET /static/bootstrap/js/bootstrap.min.js.map HTTP/1.1" 200 216913
[15/Feb/2023 15:00:54] "GET /static/bootstrap/css/bootstrap.min.css.map HTTP/1.1" 200 522639
Internal Server Error: /auth/code/
Traceback (most recent call last):
  File "/usr/local/lib/python3.8/dist-packages/django/core/handlers/exception.py", line 47, in inner
    response = get_response(request)
  File "/usr/local/lib/python3.8/dist-packages/django/core/handlers/base.py", line 181, in _get_response
    response = wrapped_callback(request, *callback_args, **callback_kwargs)
  File "/www/django_www/app01/views/login.py", line 71, in auth_code
    code, image= generate_auth_code_image(size=(120, 30), position_offset_y=1, point_chance=15, line_num=(1, 3))
  File "/www/django_www/app01/utils/auth_code_image.py", line 34, in generate_auth_code_image
    font = ImageFont.truetype(font_type, font_size)
  File "/usr/local/lib/python3.8/dist-packages/PIL/ImageFont.py", line 1008, in truetype
    return freetype(font)
  File "/usr/local/lib/python3.8/dist-packages/PIL/ImageFont.py", line 1005, in freetype
    return FreeTypeFont(font, size, index, encoding, layout_engine)
  File "/usr/local/lib/python3.8/dist-packages/PIL/ImageFont.py", line 255, in __init__
    self.font = core.getfont(
OSError: cannot open resource
[15/Feb/2023 15:00:54] "GET /auth/code/ HTTP/1.1" 500 77656
[15/Feb/2023 15:00:57] "GET /login/ HTTP/1.1" 200 5223
[15/Feb/2023 15:00:57] "GET /static/jquery-3.5.1/jquery.min.js HTTP/1.1" 200 89476
[15/Feb/2023 15:00:57] "GET /static/bootstrap/css/bootstrap.min.css HTTP/1.1" 200 194901
[15/Feb/2023 15:00:57] "GET /static/bootstrap/js/bootstrap.min.js HTTP/1.1" 200 60404
[15/Feb/2023 15:00:57] "GET /static/img/%E6%9D%BE%E6%A0%91.svg HTTP/1.1" 200 4799
Internal Server Error: /auth/code/
Traceback (most recent call last):
  File "/usr/local/lib/python3.8/dist-packages/django/core/handlers/exception.py", line 47, in inner
    response = get_response(request)
  File "/usr/local/lib/python3.8/dist-packages/django/core/handlers/base.py", line 181, in _get_response
    response = wrapped_callback(request, *callback_args, **callback_kwargs)
  File "/www/django_www/app01/views/login.py", line 71, in auth_code
    code, image= generate_auth_code_image(size=(120, 30), position_offset_y=1, point_chance=15, line_num=(1, 3))
  File "/www/django_www/app01/utils/auth_code_image.py", line 34, in generate_auth_code_image
    font = ImageFont.truetype(font_type, font_size)
  File "/usr/local/lib/python3.8/dist-packages/PIL/ImageFont.py", line 1008, in truetype
    return freetype(font)
  File "/usr/local/lib/python3.8/dist-packages/PIL/ImageFont.py", line 1005, in freetype
    return FreeTypeFont(font, size, index, encoding, layout_engine)
  File "/usr/local/lib/python3.8/dist-packages/PIL/ImageFont.py", line 255, in __init__
    self.font = core.getfont(
OSError: cannot open resource
[15/Feb/2023 15:00:57] "GET /auth/code/ HTTP/1.1" 500 77656
[15/Feb/2023 15:00:57] "GET /static/bootstrap/js/bootstrap.min.js.map HTTP/1.1" 200 216913
[15/Feb/2023 15:00:57] "GET /static/bootstrap/css/bootstrap.min.css.map HTTP/1.1" 200 522639
[15/Feb/2023 15:00:57] "GET /login/ HTTP/1.1" 200 5223
[15/Feb/2023 15:00:57] "GET /static/jquery-3.5.1/jquery.min.js HTTP/1.1" 200 89476
[15/Feb/2023 15:00:57] "GET /static/bootstrap/css/bootstrap.min.css HTTP/1.1" 200 194901
[15/Feb/2023 15:00:57] "GET /static/bootstrap/js/bootstrap.min.js HTTP/1.1" 200 60404
[15/Feb/2023 15:00:57] "GET /static/img/%E6%9D%BE%E6%A0%91.svg HTTP/1.1" 200 4799
Internal Server Error: /auth/code/
Traceback (most recent call last):
  File "/usr/local/lib/python3.8/dist-packages/django/core/handlers/exception.py", line 47, in inner
    response = get_response(request)
  File "/usr/local/lib/python3.8/dist-packages/django/core/handlers/base.py", line 181, in _get_response
    response = wrapped_callback(request, *callback_args, **callback_kwargs)
  File "/www/django_www/app01/views/login.py", line 71, in auth_code
    code, image= generate_auth_code_image(size=(120, 30), position_offset_y=1, point_chance=15, line_num=(1, 3))
  File "/www/django_www/app01/utils/auth_code_image.py", line 34, in generate_auth_code_image
    font = ImageFont.truetype(font_type, font_size)
  File "/usr/local/lib/python3.8/dist-packages/PIL/ImageFont.py", line 1008, in truetype
    return freetype(font)
  File "/usr/local/lib/python3.8/dist-packages/PIL/ImageFont.py", line 1005, in freetype
    return FreeTypeFont(font, size, index, encoding, layout_engine)
  File "/usr/local/lib/python3.8/dist-packages/PIL/ImageFont.py", line 255, in __init__
    self.font = core.getfont(
OSError: cannot open resource
[15/Feb/2023 15:00:58] "GET /auth/code/ HTTP/1.1" 500 77656
[15/Feb/2023 15:00:58] "GET /static/bootstrap/js/bootstrap.min.js.map HTTP/1.1" 200 216913
[15/Feb/2023 15:00:58] "GET /static/bootstrap/css/bootstrap.min.css.map HTTP/1.1" 200 522639
[15/Feb/2023 15:00:58] "GET /login/ HTTP/1.1" 200 5223
[15/Feb/2023 15:00:58] "GET /static/jquery-3.5.1/jquery.min.js HTTP/1.1" 200 89476
[15/Feb/2023 15:00:58] "GET /static/bootstrap/css/bootstrap.min.css HTTP/1.1" 200 194901
[15/Feb/2023 15:00:58] "GET /static/bootstrap/js/bootstrap.min.js HTTP/1.1" 200 60404
[15/Feb/2023 15:00:58] "GET /static/img/%E6%9D%BE%E6%A0%91.svg HTTP/1.1" 200 4799
[15/Feb/2023 15:00:58] "GET /static/bootstrap/css/bootstrap.min.css.map HTTP/1.1" 200 522639
[15/Feb/2023 15:00:58] "GET /static/bootstrap/js/bootstrap.min.js.map HTTP/1.1" 200 216913
Internal Server Error: /auth/code/
Traceback (most recent call last):
  File "/usr/local/lib/python3.8/dist-packages/django/core/handlers/exception.py", line 47, in inner
    response = get_response(request)
  File "/usr/local/lib/python3.8/dist-packages/django/core/handlers/base.py", line 181, in _get_response
    response = wrapped_callback(request, *callback_args, **callback_kwargs)
  File "/www/django_www/app01/views/login.py", line 71, in auth_code
    code, image= generate_auth_code_image(size=(120, 30), position_offset_y=1, point_chance=15, line_num=(1, 3))
  File "/www/django_www/app01/utils/auth_code_image.py", line 34, in generate_auth_code_image
    font = ImageFont.truetype(font_type, font_size)
  File "/usr/local/lib/python3.8/dist-packages/PIL/ImageFont.py", line 1008, in truetype
    return freetype(font)
  File "/usr/local/lib/python3.8/dist-packages/PIL/ImageFont.py", line 1005, in freetype
    return FreeTypeFont(font, size, index, encoding, layout_engine)
  File "/usr/local/lib/python3.8/dist-packages/PIL/ImageFont.py", line 255, in __init__
    self.font = core.getfont(
OSError: cannot open resource
[15/Feb/2023 15:00:58] "GET /auth/code/ HTTP/1.1" 500 77656
/www/django_www/app01/utils/auth_code_image.py changed, reloading.
Performing system checks...

System check identified no issues (0 silenced).
February 15, 2023 - 15:00:53
Django version 3.2, using settings 'django_www.settings'
Starting development server at http://0.0.0.0:80/
Quit the server with CONTROL-C.
Watching for file changes with StatReloader
[15/Feb/2023 15:01:22] "GET /login/ HTTP/1.1" 200 5223
[15/Feb/2023 15:01:22] "GET /static/jquery-3.5.1/jquery.min.js HTTP/1.1" 200 89476
[15/Feb/2023 15:01:22] "GET /static/bootstrap/css/bootstrap.min.css HTTP/1.1" 200 194901
[15/Feb/2023 15:01:22] "GET /static/bootstrap/js/bootstrap.min.js HTTP/1.1" 200 60404
[15/Feb/2023 15:01:23] "GET /static/img/%E6%9D%BE%E6%A0%91.svg HTTP/1.1" 200 4799
[15/Feb/2023 15:01:23] "GET /static/bootstrap/js/bootstrap.min.js.map HTTP/1.1" 200 216913
[15/Feb/2023 15:01:23] "GET /static/bootstrap/css/bootstrap.min.css.map HTTP/1.1" 200 522639
[15/Feb/2023 15:01:23] "GET /auth/code/ HTTP/1.1" 200 4320
[15/Feb/2023 15:01:25] "GET /login/ HTTP/1.1" 200 5223
[15/Feb/2023 15:01:25] "GET /static/jquery-3.5.1/jquery.min.js HTTP/1.1" 200 89476
[15/Feb/2023 15:01:25] "GET /static/bootstrap/css/bootstrap.min.css HTTP/1.1" 200 194901
[15/Feb/2023 15:01:25] "GET /static/bootstrap/js/bootstrap.min.js HTTP/1.1" 200 60404
[15/Feb/2023 15:01:25] "GET /static/img/%E6%9D%BE%E6%A0%91.svg HTTP/1.1" 200 4799
[15/Feb/2023 15:01:25] "GET /static/bootstrap/js/bootstrap.min.js.map HTTP/1.1" 200 216913
[15/Feb/2023 15:01:25] "GET /static/bootstrap/css/bootstrap.min.css.map HTTP/1.1" 200 522639
[15/Feb/2023 15:01:25] "GET /auth/code/ HTTP/1.1" 200 4656
[15/Feb/2023 15:01:26] "GET /login/ HTTP/1.1" 200 5223
[15/Feb/2023 15:01:26] "GET /static/bootstrap/css/bootstrap.min.css HTTP/1.1" 200 194901
[15/Feb/2023 15:01:26] "GET /static/jquery-3.5.1/jquery.min.js HTTP/1.1" 200 89476
[15/Feb/2023 15:01:26] "GET /static/bootstrap/js/bootstrap.min.js HTTP/1.1" 200 60404
[15/Feb/2023 15:01:26] "GET /static/img/%E6%9D%BE%E6%A0%91.svg HTTP/1.1" 200 4799
[15/Feb/2023 15:01:26] "GET /static/bootstrap/css/bootstrap.min.css.map HTTP/1.1" 200 522639
[15/Feb/2023 15:01:26] "GET /static/bootstrap/js/bootstrap.min.js.map HTTP/1.1" 200 216913
[15/Feb/2023 15:01:26] "GET /auth/code/ HTTP/1.1" 200 5020
[15/Feb/2023 15:01:27] "GET /login/ HTTP/1.1" 200 5223
[15/Feb/2023 15:01:27] "GET /static/jquery-3.5.1/jquery.min.js HTTP/1.1" 200 89476
[15/Feb/2023 15:01:27] "GET /static/bootstrap/css/bootstrap.min.css HTTP/1.1" 200 194901
[15/Feb/2023 15:01:27] "GET /static/bootstrap/js/bootstrap.min.js HTTP/1.1" 200 60404
[15/Feb/2023 15:01:27] "GET /static/img/%E6%9D%BE%E6%A0%91.svg HTTP/1.1" 200 4799
[15/Feb/2023 15:01:27] "GET /static/bootstrap/js/bootstrap.min.js.map HTTP/1.1" 200 216913
[15/Feb/2023 15:01:27] "GET /static/bootstrap/css/bootstrap.min.css.map HTTP/1.1" 200 522639
[15/Feb/2023 15:01:27] "GET /auth/code/ HTTP/1.1" 200 5261
[15/Feb/2023 15:01:27] "GET /login/ HTTP/1.1" 200 5223
[15/Feb/2023 15:01:27] "GET /static/jquery-3.5.1/jquery.min.js HTTP/1.1" 200 89476
[15/Feb/2023 15:01:27] "GET /static/bootstrap/css/bootstrap.min.css HTTP/1.1" 200 194901
[15/Feb/2023 15:01:27] "GET /static/bootstrap/js/bootstrap.min.js HTTP/1.1" 200 60404
[15/Feb/2023 15:01:28] "GET /static/bootstrap/js/bootstrap.min.js.map HTTP/1.1" 200 216913
[15/Feb/2023 15:01:28] "GET /static/img/%E6%9D%BE%E6%A0%91.svg HTTP/1.1" 200 4799
[15/Feb/2023 15:01:28] "GET /static/bootstrap/css/bootstrap.min.css.map HTTP/1.1" 200 522639
[15/Feb/2023 15:01:28] "GET /auth/code/ HTTP/1.1" 200 4622
[15/Feb/2023 15:01:39] "POST /login/ HTTP/1.1" 200 5251
[15/Feb/2023 15:01:39] "GET /static/jquery-3.5.1/jquery.min.js HTTP/1.1" 200 89476
[15/Feb/2023 15:01:39] "GET /static/bootstrap/css/bootstrap.min.css HTTP/1.1" 200 194901
[15/Feb/2023 15:01:39] "GET /static/bootstrap/js/bootstrap.min.js HTTP/1.1" 200 60404
[15/Feb/2023 15:01:39] "GET /static/img/%E6%9D%BE%E6%A0%91.svg HTTP/1.1" 200 4799
[15/Feb/2023 15:01:39] "GET /static/bootstrap/js/bootstrap.min.js.map HTTP/1.1" 200 216913
[15/Feb/2023 15:01:39] "GET /static/bootstrap/css/bootstrap.min.css.map HTTP/1.1" 200 522639
[15/Feb/2023 15:01:39] "GET /auth/code/ HTTP/1.1" 200 5000
/www/django_www/app01/views/login.py changed, reloading.
Performing system checks...

System check identified no issues (0 silenced).
February 15, 2023 - 15:01:22
Django version 3.2, using settings 'django_www.settings'
Starting development server at http://0.0.0.0:80/
Quit the server with CONTROL-C.
<QueryDict: {'csrfmiddlewaretoken': ['FAwmkUnp6SprCB3wXZLYkzAmw2dWGqF5dLxgDN3Qri9T2qnQs5bDjGkcizT5WQks'], 'username': ['1'], 'password': ['1'], 'auth_code': ['oysy']}>
form.cleaned_data {'username': '1', 'password': 'aec495598b5ed93526fa794ddde1c873', 'auth_code': 'oysy'}
Watching for file changes with StatReloader
[15/Feb/2023 15:02:17] "POST /login/ HTTP/1.1" 200 5251
[15/Feb/2023 15:02:17] "GET /static/jquery-3.5.1/jquery.min.js HTTP/1.1" 200 89476
[15/Feb/2023 15:02:17] "GET /static/bootstrap/css/bootstrap.min.css HTTP/1.1" 200 194901
[15/Feb/2023 15:02:17] "GET /static/bootstrap/js/bootstrap.min.js HTTP/1.1" 200 60404
[15/Feb/2023 15:02:17] "GET /static/img/%E6%9D%BE%E6%A0%91.svg HTTP/1.1" 200 4799
[15/Feb/2023 15:02:17] "GET /static/bootstrap/js/bootstrap.min.js.map HTTP/1.1" 200 216913
[15/Feb/2023 15:02:17] "GET /static/bootstrap/css/bootstrap.min.css.map HTTP/1.1" 200 522639
[15/Feb/2023 15:02:18] "GET /auth/code/ HTTP/1.1" 200 5364
[15/Feb/2023 15:02:20] "POST /login/ HTTP/1.1" 200 5251
[15/Feb/2023 15:02:20] "GET /static/jquery-3.5.1/jquery.min.js HTTP/1.1" 200 89476
[15/Feb/2023 15:02:20] "GET /static/bootstrap/css/bootstrap.min.css HTTP/1.1" 200 194901
[15/Feb/2023 15:02:20] "GET /static/bootstrap/js/bootstrap.min.js HTTP/1.1" 200 60404
[15/Feb/2023 15:02:20] "GET /static/img/%E6%9D%BE%E6%A0%91.svg HTTP/1.1" 200 4799
[15/Feb/2023 15:02:20] "GET /static/bootstrap/js/bootstrap.min.js.map HTTP/1.1" 200 216913
[15/Feb/2023 15:02:20] "GET /static/bootstrap/css/bootstrap.min.css.map HTTP/1.1" 200 522639
[15/Feb/2023 15:02:20] "GET /auth/code/ HTTP/1.1" 200 5229
[15/Feb/2023 15:02:21] "POST /login/ HTTP/1.1" 200 5251
[15/Feb/2023 15:02:21] "GET /static/jquery-3.5.1/jquery.min.js HTTP/1.1" 200 89476
[15/Feb/2023 15:02:21] "GET /static/bootstrap/css/bootstrap.min.css HTTP/1.1" 200 194901
[15/Feb/2023 15:02:21] "GET /static/bootstrap/js/bootstrap.min.js HTTP/1.1" 200 60404
[15/Feb/2023 15:02:21] "GET /static/img/%E6%9D%BE%E6%A0%91.svg HTTP/1.1" 200 4799
[15/Feb/2023 15:02:21] "GET /static/bootstrap/css/bootstrap.min.css.map HTTP/1.1" 200 522639
[15/Feb/2023 15:02:21] "GET /static/bootstrap/js/bootstrap.min.js.map HTTP/1.1" 200 216913
[15/Feb/2023 15:02:21] "GET /auth/code/ HTTP/1.1" 200 5142
[15/Feb/2023 15:02:30] "POST /login/ HTTP/1.1" 302 0
[15/Feb/2023 15:02:30] "GET /admin/ HTTP/1.1" 200 8500
[15/Feb/2023 15:02:30] "GET /static/jquery-3.5.1/jquery.min.js HTTP/1.1" 200 89476
[15/Feb/2023 15:02:30] "GET /static/bootstrap/css/bootstrap.min.css HTTP/1.1" 200 194901
[15/Feb/2023 15:02:30] "GET /static/bootstrap/js/bootstrap.min.js HTTP/1.1" 200 60404
[15/Feb/2023 15:02:30] "GET /static/bootstrap/js/bootstrap.min.js.map HTTP/1.1" 200 216913
[15/Feb/2023 15:02:30] "GET /static/bootstrap/css/bootstrap.min.css.map HTTP/1.1" 200 522639
[15/Feb/2023 15:02:32] "GET /logout/ HTTP/1.1" 302 0
[15/Feb/2023 15:02:32] "GET /login/ HTTP/1.1" 200 5223
[15/Feb/2023 15:02:32] "GET /static/jquery-3.5.1/jquery.min.js HTTP/1.1" 200 89476
[15/Feb/2023 15:02:32] "GET /static/bootstrap/css/bootstrap.min.css HTTP/1.1" 200 194901
[15/Feb/2023 15:02:32] "GET /static/bootstrap/js/bootstrap.min.js HTTP/1.1" 200 60404
[15/Feb/2023 15:02:32] "GET /static/img/%E6%9D%BE%E6%A0%91.svg HTTP/1.1" 200 4799
[15/Feb/2023 15:02:32] "GET /static/bootstrap/css/bootstrap.min.css.map HTTP/1.1" 200 522639
[15/Feb/2023 15:02:32] "GET /static/bootstrap/js/bootstrap.min.js.map HTTP/1.1" 200 216913
[15/Feb/2023 15:02:32] "GET /auth/code/ HTTP/1.1" 200 5215
[15/Feb/2023 15:02:38] "POST /login/ HTTP/1.1" 200 5261
[15/Feb/2023 15:02:38] "GET /static/jquery-3.5.1/jquery.min.js HTTP/1.1" 200 89476
[15/Feb/2023 15:02:38] "GET /static/bootstrap/css/bootstrap.min.css HTTP/1.1" 200 194901
[15/Feb/2023 15:02:38] "GET /static/bootstrap/js/bootstrap.min.js HTTP/1.1" 200 60404
[15/Feb/2023 15:02:39] "GET /static/img/%E6%9D%BE%E6%A0%91.svg HTTP/1.1" 200 4799
[15/Feb/2023 15:02:39] "GET /static/bootstrap/js/bootstrap.min.js.map HTTP/1.1" 200 216913
[15/Feb/2023 15:02:39] "GET /static/bootstrap/css/bootstrap.min.css.map HTTP/1.1" 200 522639
[15/Feb/2023 15:02:39] "GET /auth/code/ HTTP/1.1" 200 4541
[15/Feb/2023 15:02:46] "POST /login/ HTTP/1.1" 200 5251
[15/Feb/2023 15:02:46] "GET /static/jquery-3.5.1/jquery.min.js HTTP/1.1" 200 89476
[15/Feb/2023 15:02:46] "GET /static/bootstrap/css/bootstrap.min.css HTTP/1.1" 200 194901
[15/Feb/2023 15:02:46] "GET /static/bootstrap/js/bootstrap.min.js HTTP/1.1" 200 60404
[15/Feb/2023 15:02:46] "GET /static/img/%E6%9D%BE%E6%A0%91.svg HTTP/1.1" 200 4799
[15/Feb/2023 15:02:46] "GET /static/bootstrap/js/bootstrap.min.js.map HTTP/1.1" 200 216913
[15/Feb/2023 15:02:46] "GET /static/bootstrap/css/bootstrap.min.css.map HTTP/1.1" 200 522639
[15/Feb/2023 15:02:46] "GET /auth/code/ HTTP/1.1" 200 5060
[15/Feb/2023 15:02:54] "POST /login/ HTTP/1.1" 200 5251
[15/Feb/2023 15:02:54] "GET /static/jquery-3.5.1/jquery.min.js HTTP/1.1" 200 89476
[15/Feb/2023 15:02:54] "GET /static/bootstrap/css/bootstrap.min.css HTTP/1.1" 200 194901
[15/Feb/2023 15:02:54] "GET /static/bootstrap/js/bootstrap.min.js HTTP/1.1" 200 60404
[15/Feb/2023 15:02:54] "GET /static/img/%E6%9D%BE%E6%A0%91.svg HTTP/1.1" 200 4799
[15/Feb/2023 15:02:54] "GET /static/bootstrap/js/bootstrap.min.js.map HTTP/1.1" 200 216913
[15/Feb/2023 15:02:54] "GET /static/bootstrap/css/bootstrap.min.css.map HTTP/1.1" 200 522639
[15/Feb/2023 15:02:55] "GET /auth/code/ HTTP/1.1" 200 5114
[15/Feb/2023 15:03:01] "POST /login/ HTTP/1.1" 302 0
[15/Feb/2023 15:03:01] "GET /admin/ HTTP/1.1" 200 8500
[15/Feb/2023 15:03:01] "GET /static/jquery-3.5.1/jquery.min.js HTTP/1.1" 200 89476
[15/Feb/2023 15:03:01] "GET /static/bootstrap/css/bootstrap.min.css HTTP/1.1" 200 194901
[15/Feb/2023 15:03:01] "GET /static/bootstrap/js/bootstrap.min.js HTTP/1.1" 200 60404
[15/Feb/2023 15:03:01] "GET /static/bootstrap/js/bootstrap.min.js.map HTTP/1.1" 200 216913
[15/Feb/2023 15:03:01] "GET /static/bootstrap/css/bootstrap.min.css.map HTTP/1.1" 200 522639
[15/Feb/2023 15:04:51] "GET /lifelog/ HTTP/1.1" 302 0
[15/Feb/2023 15:04:52] "GET /login/ HTTP/1.1" 200 5223
[15/Feb/2023 15:04:52] "GET /static/bootstrap/css/bootstrap.min.css HTTP/1.1" 200 194901
[15/Feb/2023 15:04:52] "GET /static/jquery-3.5.1/jquery.min.js HTTP/1.1" 304 0
[15/Feb/2023 15:04:52] "GET /static/img/%E6%9D%BE%E6%A0%91.svg HTTP/1.1" 200 4799
[15/Feb/2023 15:04:52] "GET /auth/code/ HTTP/1.1" 200 4504
[15/Feb/2023 15:05:08] "POST /login/ HTTP/1.1" 302 0
[15/Feb/2023 15:05:08] "GET /admin/ HTTP/1.1" 200 8500
[15/Feb/2023 15:05:44] "GET /admin/ HTTP/1.1" 200 8588
[15/Feb/2023 15:06:11] "GET /lifelog/log/ HTTP/1.1" 302 0
[15/Feb/2023 15:06:11] "GET /login/ HTTP/1.1" 200 5223
[15/Feb/2023 15:06:11] "GET /auth/code/ HTTP/1.1" 200 5059
[15/Feb/2023 15:06:20] "GET /lifelog/ HTTP/1.1" 302 0
[15/Feb/2023 15:06:20] "GET /login/ HTTP/1.1" 200 5223
[15/Feb/2023 15:06:20] "GET /auth/code/ HTTP/1.1" 200 4660
[15/Feb/2023 15:06:34] "POST /login/ HTTP/1.1" 302 0
[15/Feb/2023 15:06:34] "GET /admin/ HTTP/1.1" 200 8588
[15/Feb/2023 15:06:44] "GET /index/ HTTP/1.1" 200 7227
[15/Feb/2023 15:06:50] "GET /lifelog/ HTTP/1.1" 200 12801
/www/django_www/app01/views/login.py changed, reloading.
Performing system checks...

System check identified no issues (0 silenced).
February 15, 2023 - 15:02:17
Django version 3.2, using settings 'django_www.settings'
Starting development server at http://0.0.0.0:80/
Quit the server with CONTROL-C.
<QueryDict: {'csrfmiddlewaretoken': ['FAwmkUnp6SprCB3wXZLYkzAmw2dWGqF5dLxgDN3Qri9T2qnQs5bDjGkcizT5WQks'], 'username': ['1'], 'password': ['1'], 'auth_code': ['oysy']}>
form.cleaned_data {'username': '1', 'password': 'aec495598b5ed93526fa794ddde1c873', 'auth_code': 'oysy'}
<QueryDict: {'csrfmiddlewaretoken': ['FAwmkUnp6SprCB3wXZLYkzAmw2dWGqF5dLxgDN3Qri9T2qnQs5bDjGkcizT5WQks'], 'username': ['1'], 'password': ['1'], 'auth_code': ['oysy']}>
form.cleaned_data {'username': '1', 'password': 'aec495598b5ed93526fa794ddde1c873', 'auth_code': 'oysy'}
<QueryDict: {'csrfmiddlewaretoken': ['FAwmkUnp6SprCB3wXZLYkzAmw2dWGqF5dLxgDN3Qri9T2qnQs5bDjGkcizT5WQks'], 'username': ['1'], 'password': ['1'], 'auth_code': ['oysy']}>
form.cleaned_data {'username': '1', 'password': 'aec495598b5ed93526fa794ddde1c873', 'auth_code': 'oysy'}
<QueryDict: {'csrfmiddlewaretoken': ['ShR1fzTomSTsDx43Gci5csgzUFXIaCe0qsSVyszPHiDU3monbiIKbz0pGcDRq2Tn'], 'username': ['1'], 'password': ['1'], 'auth_code': ['olzu']}>
form.cleaned_data {'username': '1', 'password': 'aec495598b5ed93526fa794ddde1c873', 'auth_code': 'olzu'}
request <WSGIRequest: GET '/admin/'>
request.session <django.contrib.sessions.backends.db.SessionStore object at 0x7f9a88d136d0>
<QueryDict: {'csrfmiddlewaretoken': ['E4zlggU4LWnBjRZJAaA5ZIxH33eXjwr9cfAfz9Av6m73JGj35g0KYPhxPAU6zW6w'], 'username': ['11'], 'password': ['1'], 'auth_code': ['nskx']}>
form.cleaned_data {'username': '11', 'password': 'aec495598b5ed93526fa794ddde1c873', 'auth_code': 'nskx'}
<QueryDict: {'csrfmiddlewaretoken': ['k3IMVOrWcf8WfhSECZDNVNgEqdPZgpwBSeJGeH7nxFSoF6cY753sUU0ucKv8wPbY'], 'username': ['1'], 'password': ['1'], 'auth_code': ['nskx']}>
form.cleaned_data {'username': '1', 'password': 'aec495598b5ed93526fa794ddde1c873', 'auth_code': 'nskx'}
<QueryDict: {'csrfmiddlewaretoken': ['kgr65HWSRZ42tPFOfHYhYavLTiDNd2qJSrs0oACjcpOuTEZ8KNoWXhfBFPjWts56'], 'username': ['1'], 'password': ['1'], 'auth_code': ['uvn1']}>
form.cleaned_data {'username': '1', 'password': 'aec495598b5ed93526fa794ddde1c873', 'auth_code': 'uvn1'}
<QueryDict: {'csrfmiddlewaretoken': ['myu7wgf6WQtCOb6PnHlp4qDOHrUC5xZ0UJv1P9Vxhgd4e0q9SNL43xnEtYALlXEn'], 'username': ['1'], 'password': ['1'], 'auth_code': ['dtgn']}>
form.cleaned_data {'username': '1', 'password': 'aec495598b5ed93526fa794ddde1c873', 'auth_code': 'dtgn'}
request <WSGIRequest: GET '/admin/'>
request.session <django.contrib.sessions.backends.db.SessionStore object at 0x7f9a88d22310>
<QueryDict: {'csrfmiddlewaretoken': ['EWT1ZQoKmYSYho2KFWIsRNxNzuHRrPgKKtanPUxBwOkL1hqiJjq1tVzjqiuKnsuK'], 'username': ['1'], 'password': ['1'], 'auth_code': ['cepk']}>
form.cleaned_data {'username': '1', 'password': 'aec495598b5ed93526fa794ddde1c873', 'auth_code': 'cepk'}
request <WSGIRequest: GET '/admin/'>
request.session <django.contrib.sessions.backends.db.SessionStore object at 0x7f9a88cc2dc0>
request <WSGIRequest: GET '/admin/'>
request.session <django.contrib.sessions.backends.db.SessionStore object at 0x7f9a88cffbb0>
<QueryDict: {'csrfmiddlewaretoken': ['Tair3iv59LOEcgoL2FgcWhlnbAWwW4gDZHzNTmEWjBgrW9Mj62YLypnT2oJpSHuD'], 'username': ['1'], 'password': ['1'], 'auth_code': ['bzdw']}>
form.cleaned_data {'username': '1', 'password': 'aec495598b5ed93526fa794ddde1c873', 'auth_code': 'bzdw'}
request <WSGIRequest: GET '/admin/'>
request.session <django.contrib.sessions.backends.db.SessionStore object at 0x7f9a88d28910>
Watching for file changes with StatReloader
[15/Feb/2023 15:09:10] "GET /logout/ HTTP/1.1" 302 0
[15/Feb/2023 15:09:10] "GET /login/ HTTP/1.1" 200 5223
[15/Feb/2023 15:09:10] "GET /static/bootstrap/css/bootstrap.min.css HTTP/1.1" 200 194901
[15/Feb/2023 15:09:10] "GET /static/jquery-3.5.1/jquery.min.js HTTP/1.1" 200 89476
[15/Feb/2023 15:09:10] "GET /static/bootstrap/js/bootstrap.min.js HTTP/1.1" 200 60404
[15/Feb/2023 15:09:10] "GET /static/img/%E6%9D%BE%E6%A0%91.svg HTTP/1.1" 200 4799
[15/Feb/2023 15:09:10] "GET /static/bootstrap/js/bootstrap.min.js.map HTTP/1.1" 200 216913
[15/Feb/2023 15:09:10] "GET /static/bootstrap/css/bootstrap.min.css.map HTTP/1.1" 200 522639
[15/Feb/2023 15:09:10] "GET /auth/code/ HTTP/1.1" 200 5013
[15/Feb/2023 15:09:38] "GET /login/ HTTP/1.1" 200 5223
[15/Feb/2023 15:09:38] "GET /static/jquery-3.5.1/jquery.min.js HTTP/1.1" 200 89476
[15/Feb/2023 15:09:38] "GET /static/bootstrap/css/bootstrap.min.css HTTP/1.1" 200 194901
[15/Feb/2023 15:09:38] "GET /static/bootstrap/js/bootstrap.min.js HTTP/1.1" 200 60404
[15/Feb/2023 15:09:38] "GET /static/img/%E6%9D%BE%E6%A0%91.svg HTTP/1.1" 200 4799
[15/Feb/2023 15:09:38] "GET /static/bootstrap/css/bootstrap.min.css.map HTTP/1.1" 200 522639
[15/Feb/2023 15:09:38] "GET /static/bootstrap/js/bootstrap.min.js.map HTTP/1.1" 200 216913
[15/Feb/2023 15:09:38] "GET /auth/code/ HTTP/1.1" 200 4474
[15/Feb/2023 15:09:44] "POST /login/ HTTP/1.1" 302 0
[15/Feb/2023 15:09:44] "GET /admin/ HTTP/1.1" 200 8588
[15/Feb/2023 15:09:44] "GET /static/jquery-3.5.1/jquery.min.js HTTP/1.1" 200 89476
[15/Feb/2023 15:09:44] "GET /static/bootstrap/css/bootstrap.min.css HTTP/1.1" 200 194901
[15/Feb/2023 15:09:44] "GET /static/bootstrap/js/bootstrap.min.js HTTP/1.1" 200 60404
[15/Feb/2023 15:09:44] "GET /static/bootstrap/js/bootstrap.min.js.map HTTP/1.1" 200 216913
[15/Feb/2023 15:09:44] "GET /static/bootstrap/css/bootstrap.min.css.map HTTP/1.1" 200 522639
/www/django_www/app01/views/login.py changed, reloading.
Performing system checks...

System check identified no issues (0 silenced).
February 15, 2023 - 15:08:53
Django version 3.2, using settings 'django_www.settings'
Starting development server at http://0.0.0.0:80/
Quit the server with CONTROL-C.
<QueryDict: {'csrfmiddlewaretoken': ['tVOAaLaPB7vQwk4zoCFYHAJOTXmXMykl16PutEQgWxfiW9oTTI5DGHtEFu262YZI'], 'username': ['1'], 'password': ['1'], 'auth_code': ['r2lz']}>
form.cleaned_data {'username': '1', 'password': 'aec495598b5ed93526fa794ddde1c873', 'auth_code': 'r2lz'}
request <WSGIRequest: GET '/admin/'>
request.session <django.contrib.sessions.backends.db.SessionStore object at 0x7fb7c9dd72b0>
Watching for file changes with StatReloader
[15/Feb/2023 15:12:30] "GET /logout/ HTTP/1.1" 302 0
[15/Feb/2023 15:12:30] "GET /login/ HTTP/1.1" 200 5223
[15/Feb/2023 15:12:30] "GET /static/jquery-3.5.1/jquery.min.js HTTP/1.1" 200 89476
[15/Feb/2023 15:12:30] "GET /static/bootstrap/css/bootstrap.min.css HTTP/1.1" 200 194901
[15/Feb/2023 15:12:30] "GET /static/bootstrap/js/bootstrap.min.js HTTP/1.1" 200 60404
[15/Feb/2023 15:12:30] "GET /static/img/%E6%9D%BE%E6%A0%91.svg HTTP/1.1" 200 4799
[15/Feb/2023 15:12:30] "GET /static/bootstrap/js/bootstrap.min.js.map HTTP/1.1" 200 216913
[15/Feb/2023 15:12:30] "GET /static/bootstrap/css/bootstrap.min.css.map HTTP/1.1" 200 522639
[15/Feb/2023 15:12:30] "GET /auth/code/ HTTP/1.1" 200 5396
[15/Feb/2023 15:12:36] "POST /login/ HTTP/1.1" 200 5251
[15/Feb/2023 15:12:36] "GET /static/jquery-3.5.1/jquery.min.js HTTP/1.1" 200 89476
[15/Feb/2023 15:12:36] "GET /static/bootstrap/css/bootstrap.min.css HTTP/1.1" 200 194901
[15/Feb/2023 15:12:36] "GET /static/bootstrap/js/bootstrap.min.js HTTP/1.1" 200 60404
[15/Feb/2023 15:12:36] "GET /static/img/%E6%9D%BE%E6%A0%91.svg HTTP/1.1" 200 4799
[15/Feb/2023 15:12:36] "GET /static/bootstrap/css/bootstrap.min.css.map HTTP/1.1" 200 522639
[15/Feb/2023 15:12:36] "GET /static/bootstrap/js/bootstrap.min.js.map HTTP/1.1" 200 216913
[15/Feb/2023 15:12:36] "GET /auth/code/ HTTP/1.1" 200 5040
/www/django_www/app01/views/login.py changed, reloading.
Performing system checks...

System check identified no issues (0 silenced).
February 15, 2023 - 15:12:28
Django version 3.2, using settings 'django_www.settings'
Starting development server at http://0.0.0.0:80/
Quit the server with CONTROL-C.
<QueryDict: {'csrfmiddlewaretoken': ['lBqJ8AtJrjp4DlHDhd3ajO7YLhXTPibvTMrDrt9aMJ9w3a1XMjtPiVROxOD25IQS'], 'username': ['1'], 'password': ['1'], 'auth_code': ['ds3w']}>
form.cleaned_data {'username': '1', 'password': 'aec495598b5ed93526fa794ddde1c873', 'auth_code': 'ds3w'}
Watching for file changes with StatReloader
[15/Feb/2023 15:13:05] "POST /login/ HTTP/1.1" 200 5261
[15/Feb/2023 15:13:05] "GET /static/jquery-3.5.1/jquery.min.js HTTP/1.1" 200 89476
[15/Feb/2023 15:13:05] "GET /static/bootstrap/css/bootstrap.min.css HTTP/1.1" 200 194901
[15/Feb/2023 15:13:05] "GET /static/bootstrap/js/bootstrap.min.js HTTP/1.1" 200 60404
[15/Feb/2023 15:13:05] "GET /static/img/%E6%9D%BE%E6%A0%91.svg HTTP/1.1" 200 4799
[15/Feb/2023 15:13:05] "GET /static/bootstrap/js/bootstrap.min.js.map HTTP/1.1" 200 216913
[15/Feb/2023 15:13:05] "GET /static/bootstrap/css/bootstrap.min.css.map HTTP/1.1" 200 522639
[15/Feb/2023 15:13:05] "GET /auth/code/ HTTP/1.1" 200 5343
[15/Feb/2023 15:13:11] "POST /login/ HTTP/1.1" 302 0
[15/Feb/2023 15:13:11] "GET /admin/ HTTP/1.1" 200 8588
[15/Feb/2023 15:13:11] "GET /static/jquery-3.5.1/jquery.min.js HTTP/1.1" 200 89476
[15/Feb/2023 15:13:11] "GET /static/bootstrap/css/bootstrap.min.css HTTP/1.1" 200 194901
[15/Feb/2023 15:13:11] "GET /static/bootstrap/js/bootstrap.min.js HTTP/1.1" 200 60404
[15/Feb/2023 15:13:11] "GET /static/bootstrap/js/bootstrap.min.js.map HTTP/1.1" 200 216913
[15/Feb/2023 15:13:11] "GET /static/bootstrap/css/bootstrap.min.css.map HTTP/1.1" 200 522639
/www/django_www/app01/views/login.py changed, reloading.
Performing system checks...

System check identified no issues (0 silenced).
February 15, 2023 - 15:13:04
Django version 3.2, using settings 'django_www.settings'
Starting development server at http://0.0.0.0:80/
Quit the server with CONTROL-C.
<QueryDict: {'csrfmiddlewaretoken': ['bnCEMJsgoJrRHGWB9DyfBURPBhP6PgAJJyDy5C8HJ9bj7vgVEJYUA1BFnOvf5Gf6'], 'username': ['1'], 'password': ['1'], 'auth_code': ['ds3w']}>
form.cleaned_data {'username': '1', 'password': 'aec495598b5ed93526fa794ddde1c873', 'auth_code': 'ds3w'}
<QueryDict: {'csrfmiddlewaretoken': ['oLwGmfVQ6LdTn7wWeK1a2o3nkcTeMc1hWWxAF8BhrbXlNWQgJQrP1vNd6Jzn2CGE'], 'username': ['1'], 'password': ['1'], 'auth_code': ['4Gxw']}>
form.cleaned_data {'username': '1', 'password': 'aec495598b5ed93526fa794ddde1c873', 'auth_code': '4Gxw'}
request <WSGIRequest: GET '/admin/'>
request.session <django.contrib.sessions.backends.db.SessionStore object at 0x7f67eafd8490>
Watching for file changes with StatReloader
[15/Feb/2023 15:14:45] "GET /logout/ HTTP/1.1" 302 0
[15/Feb/2023 15:14:45] "GET /login/ HTTP/1.1" 200 5223
[15/Feb/2023 15:14:45] "GET /static/jquery-3.5.1/jquery.min.js HTTP/1.1" 200 89476
[15/Feb/2023 15:14:45] "GET /static/bootstrap/css/bootstrap.min.css HTTP/1.1" 200 194901
[15/Feb/2023 15:14:45] "GET /static/bootstrap/js/bootstrap.min.js HTTP/1.1" 200 60404
[15/Feb/2023 15:14:45] "GET /static/img/%E6%9D%BE%E6%A0%91.svg HTTP/1.1" 200 4799
[15/Feb/2023 15:14:45] "GET /static/bootstrap/js/bootstrap.min.js.map HTTP/1.1" 200 216913
[15/Feb/2023 15:14:45] "GET /static/bootstrap/css/bootstrap.min.css.map HTTP/1.1" 200 522639
[15/Feb/2023 15:14:45] "GET /auth/code/ HTTP/1.1" 200 4687
[15/Feb/2023 15:15:13] "GET /login/ HTTP/1.1" 200 5223
[15/Feb/2023 15:15:13] "GET /static/jquery-3.5.1/jquery.min.js HTTP/1.1" 200 89476
[15/Feb/2023 15:15:13] "GET /static/bootstrap/css/bootstrap.min.css HTTP/1.1" 200 194901
[15/Feb/2023 15:15:13] "GET /static/bootstrap/js/bootstrap.min.js HTTP/1.1" 200 60404
[15/Feb/2023 15:15:13] "GET /static/img/%E6%9D%BE%E6%A0%91.svg HTTP/1.1" 200 4799
[15/Feb/2023 15:15:13] "GET /static/bootstrap/js/bootstrap.min.js.map HTTP/1.1" 200 216913
[15/Feb/2023 15:15:13] "GET /static/bootstrap/css/bootstrap.min.css.map HTTP/1.1" 200 522639
[15/Feb/2023 15:15:13] "GET /auth/code/ HTTP/1.1" 200 4642
[15/Feb/2023 15:15:26] "POST /login/ HTTP/1.1" 200 5258
[15/Feb/2023 15:15:26] "GET /static/jquery-3.5.1/jquery.min.js HTTP/1.1" 200 89476
[15/Feb/2023 15:15:26] "GET /static/bootstrap/css/bootstrap.min.css HTTP/1.1" 200 194901
[15/Feb/2023 15:15:26] "GET /static/bootstrap/js/bootstrap.min.js HTTP/1.1" 200 60404
[15/Feb/2023 15:15:26] "GET /static/img/%E6%9D%BE%E6%A0%91.svg HTTP/1.1" 200 4799
[15/Feb/2023 15:15:26] "GET /static/bootstrap/js/bootstrap.min.js.map HTTP/1.1" 200 216913
[15/Feb/2023 15:15:26] "GET /static/bootstrap/css/bootstrap.min.css.map HTTP/1.1" 200 522639
[15/Feb/2023 15:15:26] "GET /auth/code/ HTTP/1.1" 200 5191
[15/Feb/2023 15:15:34] "POST /login/ HTTP/1.1" 200 5261
[15/Feb/2023 15:15:34] "GET /static/jquery-3.5.1/jquery.min.js HTTP/1.1" 200 89476
[15/Feb/2023 15:15:34] "GET /static/bootstrap/css/bootstrap.min.css HTTP/1.1" 200 194901
[15/Feb/2023 15:15:34] "GET /static/bootstrap/js/bootstrap.min.js HTTP/1.1" 200 60404
[15/Feb/2023 15:15:34] "GET /static/img/%E6%9D%BE%E6%A0%91.svg HTTP/1.1" 200 4799
[15/Feb/2023 15:15:34] "GET /static/bootstrap/css/bootstrap.min.css.map HTTP/1.1" 200 522639
[15/Feb/2023 15:15:34] "GET /static/bootstrap/js/bootstrap.min.js.map HTTP/1.1" 200 216913
[15/Feb/2023 15:15:34] "GET /auth/code/ HTTP/1.1" 200 4663
[15/Feb/2023 15:15:40] "POST /login/ HTTP/1.1" 200 5261
[15/Feb/2023 15:15:40] "GET /static/jquery-3.5.1/jquery.min.js HTTP/1.1" 200 89476
[15/Feb/2023 15:15:40] "GET /static/bootstrap/css/bootstrap.min.css HTTP/1.1" 200 194901
[15/Feb/2023 15:15:40] "GET /static/bootstrap/js/bootstrap.min.js HTTP/1.1" 200 60404
[15/Feb/2023 15:15:40] "GET /static/img/%E6%9D%BE%E6%A0%91.svg HTTP/1.1" 200 4799
[15/Feb/2023 15:15:40] "GET /static/bootstrap/js/bootstrap.min.js.map HTTP/1.1" 200 216913
[15/Feb/2023 15:15:40] "GET /static/bootstrap/css/bootstrap.min.css.map HTTP/1.1" 200 522639
[15/Feb/2023 15:15:40] "GET /auth/code/ HTTP/1.1" 200 5027
[15/Feb/2023 15:15:46] "POST /login/ HTTP/1.1" 302 0
[15/Feb/2023 15:15:47] "GET /admin/ HTTP/1.1" 200 8588
[15/Feb/2023 15:15:47] "GET /static/jquery-3.5.1/jquery.min.js HTTP/1.1" 200 89476
[15/Feb/2023 15:15:47] "GET /static/bootstrap/css/bootstrap.min.css HTTP/1.1" 200 194901
[15/Feb/2023 15:15:47] "GET /static/bootstrap/js/bootstrap.min.js HTTP/1.1" 200 60404
[15/Feb/2023 15:15:47] "GET /static/bootstrap/css/bootstrap.min.css.map HTTP/1.1" 200 522639
[15/Feb/2023 15:15:47] "GET /static/bootstrap/js/bootstrap.min.js.map HTTP/1.1" 200 216913
/www/django_www/app01/views/login.py changed, reloading.
Performing system checks...

System check identified no issues (0 silenced).
February 15, 2023 - 15:14:39
Django version 3.2, using settings 'django_www.settings'
Starting development server at http://0.0.0.0:80/
Quit the server with CONTROL-C.
<QueryDict: {'csrfmiddlewaretoken': ['xD5Gjuc5VxGRR929YCb86BZokCWm6hBx5O6ACnSwgXqjhYmttIBN5IJe69CvmHgU'], 'username': ['1'], 'password': ['1'], 'auth_code': ['2']}>
form.cleaned_data {'username': '1', 'password': 'aec495598b5ed93526fa794ddde1c873', 'auth_code': '2'}
<QueryDict: {'csrfmiddlewaretoken': ['gfrxgl8RGAdqG56nk3x6hL0ejrx0mEjzOqsrzeOi10XS6UqHP9XLgSK45Yd9C4YW'], 'username': ['1'], 'password': ['1'], 'auth_code': ['1gm1']}>
form.cleaned_data {'username': '1', 'password': 'aec495598b5ed93526fa794ddde1c873', 'auth_code': '1gm1'}
<QueryDict: {'csrfmiddlewaretoken': ['aYYkBeygml1geymeeGfKpkFhHkUQNT0DI9ZeU7eHHLLIEnGyJMFporp7tRAZ3jF0'], 'username': ['1'], 'password': ['1'], 'auth_code': ['1olq']}>
form.cleaned_data {'username': '1', 'password': 'aec495598b5ed93526fa794ddde1c873', 'auth_code': '1olq'}
<QueryDict: {'csrfmiddlewaretoken': ['TwFo68xyA0hdzXNq91Aja3IfYTUuxkhSrHGip1dZVq1FZM7KE70Y9as5KqADNKWf'], 'username': ['1'], 'password': ['1'], 'auth_code': ['h782']}>
form.cleaned_data {'username': '1', 'password': 'aec495598b5ed93526fa794ddde1c873', 'auth_code': 'h782'}
request <WSGIRequest: GET '/admin/'>
request.session <django.contrib.sessions.backends.db.SessionStore object at 0x7f5659b73df0>
Watching for file changes with StatReloader
[15/Feb/2023 15:16:10] "GET /logout/ HTTP/1.1" 302 0
[15/Feb/2023 15:16:10] "GET /login/ HTTP/1.1" 200 5223
[15/Feb/2023 15:16:10] "GET /static/bootstrap/css/bootstrap.min.css HTTP/1.1" 200 194901
[15/Feb/2023 15:16:10] "GET /static/jquery-3.5.1/jquery.min.js HTTP/1.1" 200 89476
[15/Feb/2023 15:16:10] "GET /static/bootstrap/js/bootstrap.min.js HTTP/1.1" 200 60404
[15/Feb/2023 15:16:10] "GET /static/img/%E6%9D%BE%E6%A0%91.svg HTTP/1.1" 200 4799
[15/Feb/2023 15:16:10] "GET /static/bootstrap/js/bootstrap.min.js.map HTTP/1.1" 200 216913
[15/Feb/2023 15:16:10] "GET /static/bootstrap/css/bootstrap.min.css.map HTTP/1.1" 200 522639
[15/Feb/2023 15:16:11] "GET /auth/code/ HTTP/1.1" 200 4906
/www/django_www/app01/views/login.py changed, reloading.
Performing system checks...

System check identified no issues (0 silenced).
February 15, 2023 - 15:16:07
Django version 3.2, using settings 'django_www.settings'
Starting development server at http://0.0.0.0:80/
Quit the server with CONTROL-C.
Watching for file changes with StatReloader
[15/Feb/2023 15:16:49] "POST /login/ HTTP/1.1" 200 5258
[15/Feb/2023 15:16:49] "GET /static/jquery-3.5.1/jquery.min.js HTTP/1.1" 200 89476
[15/Feb/2023 15:16:49] "GET /static/bootstrap/css/bootstrap.min.css HTTP/1.1" 200 194901
[15/Feb/2023 15:16:49] "GET /static/bootstrap/js/bootstrap.min.js HTTP/1.1" 200 60404
[15/Feb/2023 15:16:49] "GET /static/img/%E6%9D%BE%E6%A0%91.svg HTTP/1.1" 200 4799
[15/Feb/2023 15:16:49] "GET /static/bootstrap/js/bootstrap.min.js.map HTTP/1.1" 200 216913
[15/Feb/2023 15:16:49] "GET /static/bootstrap/css/bootstrap.min.css.map HTTP/1.1" 200 522639
[15/Feb/2023 15:16:49] "GET /auth/code/ HTTP/1.1" 200 4698
[15/Feb/2023 15:16:51] "POST /login/ HTTP/1.1" 200 5258
[15/Feb/2023 15:16:51] "GET /static/jquery-3.5.1/jquery.min.js HTTP/1.1" 200 89476
[15/Feb/2023 15:16:51] "GET /static/bootstrap/css/bootstrap.min.css HTTP/1.1" 200 194901
[15/Feb/2023 15:16:51] "GET /static/bootstrap/js/bootstrap.min.js HTTP/1.1" 200 60404
[15/Feb/2023 15:16:51] "GET /static/img/%E6%9D%BE%E6%A0%91.svg HTTP/1.1" 200 4799
[15/Feb/2023 15:16:51] "GET /static/bootstrap/css/bootstrap.min.css.map HTTP/1.1" 200 522639
[15/Feb/2023 15:16:51] "GET /static/bootstrap/js/bootstrap.min.js.map HTTP/1.1" 200 216913
[15/Feb/2023 15:16:51] "GET /auth/code/ HTTP/1.1" 200 5111
[15/Feb/2023 15:16:53] "POST /login/ HTTP/1.1" 200 5258
[15/Feb/2023 15:16:53] "GET /static/jquery-3.5.1/jquery.min.js HTTP/1.1" 200 89476
[15/Feb/2023 15:16:53] "GET /static/bootstrap/css/bootstrap.min.css HTTP/1.1" 200 194901
[15/Feb/2023 15:16:53] "GET /static/bootstrap/js/bootstrap.min.js HTTP/1.1" 200 60404
[15/Feb/2023 15:16:54] "GET /static/img/%E6%9D%BE%E6%A0%91.svg HTTP/1.1" 200 4799
[15/Feb/2023 15:16:54] "GET /static/bootstrap/js/bootstrap.min.js.map HTTP/1.1" 200 216913
[15/Feb/2023 15:16:54] "GET /static/bootstrap/css/bootstrap.min.css.map HTTP/1.1" 200 522639
[15/Feb/2023 15:16:54] "GET /auth/code/ HTTP/1.1" 200 4391
[15/Feb/2023 15:16:54] "POST /login/ HTTP/1.1" 200 5258
[15/Feb/2023 15:16:55] "GET /static/jquery-3.5.1/jquery.min.js HTTP/1.1" 200 89476
[15/Feb/2023 15:16:55] "GET /static/bootstrap/css/bootstrap.min.css HTTP/1.1" 200 194901
[15/Feb/2023 15:16:55] "GET /static/bootstrap/js/bootstrap.min.js HTTP/1.1" 200 60404
[15/Feb/2023 15:16:55] "GET /static/img/%E6%9D%BE%E6%A0%91.svg HTTP/1.1" 200 4799
[15/Feb/2023 15:16:55] "GET /static/bootstrap/js/bootstrap.min.js.map HTTP/1.1" 200 216913
[15/Feb/2023 15:16:55] "GET /static/bootstrap/css/bootstrap.min.css.map HTTP/1.1" 200 522639
[15/Feb/2023 15:16:55] "GET /auth/code/ HTTP/1.1" 200 5066
/www/django_www/app01/views/login.py changed, reloading.
Performing system checks...

System check identified no issues (0 silenced).
February 15, 2023 - 15:16:49
Django version 3.2, using settings 'django_www.settings'
Starting development server at http://0.0.0.0:80/
Quit the server with CONTROL-C.
<QueryDict: {'csrfmiddlewaretoken': ['YPzEb9eqs9dKA3hrlcz4czAlgpMtrChDw0Ayu2URNzXc0SBLQiZJbGkb2WsCH2W0'], 'username': ['1'], 'password': ['1'], 'auth_code': ['1']}>
form.cleaned_data {'username': '1', 'password': 'aec495598b5ed93526fa794ddde1c873', 'auth_code': '1'}
<QueryDict: {'csrfmiddlewaretoken': ['3e3Ey09EamAm3wYLZcb2tn4RnF2X6GQ8Bp4yRTP5vMkOtli5uiBHsuOH9cI6m6vv'], 'username': ['1'], 'password': ['1'], 'auth_code': ['1']}>
form.cleaned_data {'username': '1', 'password': 'aec495598b5ed93526fa794ddde1c873', 'auth_code': '1'}
<QueryDict: {'csrfmiddlewaretoken': ['jN9oGTFLrp97XBftgdD5m7ng7a1zN5SBRYaiZMlcMPTznqzNLj3Kle76THHI3vxY'], 'username': ['1'], 'password': ['1'], 'auth_code': ['1']}>
form.cleaned_data {'username': '1', 'password': 'aec495598b5ed93526fa794ddde1c873', 'auth_code': '1'}
<QueryDict: {'csrfmiddlewaretoken': ['jN9oGTFLrp97XBftgdD5m7ng7a1zN5SBRYaiZMlcMPTznqzNLj3Kle76THHI3vxY'], 'username': ['1'], 'password': ['1'], 'auth_code': ['1']}>
form.cleaned_data {'username': '1', 'password': 'aec495598b5ed93526fa794ddde1c873', 'auth_code': '1'}
Watching for file changes with StatReloader
[15/Feb/2023 15:17:06] "POST /login/ HTTP/1.1" 200 5258
[15/Feb/2023 15:17:06] "GET /static/jquery-3.5.1/jquery.min.js HTTP/1.1" 200 89476
[15/Feb/2023 15:17:06] "GET /static/bootstrap/css/bootstrap.min.css HTTP/1.1" 200 194901
[15/Feb/2023 15:17:06] "GET /static/bootstrap/js/bootstrap.min.js HTTP/1.1" 200 60404
[15/Feb/2023 15:17:06] "GET /static/img/%E6%9D%BE%E6%A0%91.svg HTTP/1.1" 200 4799
[15/Feb/2023 15:17:06] "GET /static/bootstrap/js/bootstrap.min.js.map HTTP/1.1" 200 216913
[15/Feb/2023 15:17:06] "GET /static/bootstrap/css/bootstrap.min.css.map HTTP/1.1" 200 522639
[15/Feb/2023 15:17:06] "GET /auth/code/ HTTP/1.1" 200 4780
[15/Feb/2023 15:17:08] "POST /login/ HTTP/1.1" 200 5258
[15/Feb/2023 15:17:08] "GET /static/jquery-3.5.1/jquery.min.js HTTP/1.1" 200 89476
[15/Feb/2023 15:17:08] "GET /static/bootstrap/css/bootstrap.min.css HTTP/1.1" 200 194901
[15/Feb/2023 15:17:08] "GET /static/bootstrap/js/bootstrap.min.js HTTP/1.1" 200 60404
[15/Feb/2023 15:17:08] "GET /static/img/%E6%9D%BE%E6%A0%91.svg HTTP/1.1" 200 4799
[15/Feb/2023 15:17:08] "GET /static/bootstrap/js/bootstrap.min.js.map HTTP/1.1" 200 216913
[15/Feb/2023 15:17:08] "GET /static/bootstrap/css/bootstrap.min.css.map HTTP/1.1" 200 522639
[15/Feb/2023 15:17:08] "GET /auth/code/ HTTP/1.1" 200 4725
[15/Feb/2023 15:17:10] "POST /login/ HTTP/1.1" 200 5259
[15/Feb/2023 15:17:10] "GET /static/jquery-3.5.1/jquery.min.js HTTP/1.1" 200 89476
[15/Feb/2023 15:17:10] "GET /static/bootstrap/css/bootstrap.min.css HTTP/1.1" 200 194901
[15/Feb/2023 15:17:10] "GET /static/bootstrap/js/bootstrap.min.js HTTP/1.1" 200 60404
[15/Feb/2023 15:17:10] "GET /static/img/%E6%9D%BE%E6%A0%91.svg HTTP/1.1" 200 4799
[15/Feb/2023 15:17:10] "GET /static/bootstrap/js/bootstrap.min.js.map HTTP/1.1" 200 216913
[15/Feb/2023 15:17:10] "GET /static/bootstrap/css/bootstrap.min.css.map HTTP/1.1" 200 522639
[15/Feb/2023 15:17:10] "GET /auth/code/ HTTP/1.1" 200 4769
[15/Feb/2023 15:17:13] "POST /login/ HTTP/1.1" 200 5258
[15/Feb/2023 15:17:13] "GET /static/jquery-3.5.1/jquery.min.js HTTP/1.1" 200 89476
[15/Feb/2023 15:17:13] "GET /static/bootstrap/css/bootstrap.min.css HTTP/1.1" 200 194901
[15/Feb/2023 15:17:13] "GET /static/bootstrap/js/bootstrap.min.js HTTP/1.1" 200 60404
[15/Feb/2023 15:17:13] "GET /static/img/%E6%9D%BE%E6%A0%91.svg HTTP/1.1" 200 4799
[15/Feb/2023 15:17:13] "GET /static/bootstrap/js/bootstrap.min.js.map HTTP/1.1" 200 216913
[15/Feb/2023 15:17:13] "GET /static/bootstrap/css/bootstrap.min.css.map HTTP/1.1" 200 522639
[15/Feb/2023 15:17:13] "GET /auth/code/ HTTP/1.1" 200 4346
/www/django_www/app01/views/login.py changed, reloading.
Performing system checks...

System check identified no issues (0 silenced).
February 15, 2023 - 15:17:05
Django version 3.2, using settings 'django_www.settings'
Starting development server at http://0.0.0.0:80/
Quit the server with CONTROL-C.
<QueryDict: {'csrfmiddlewaretoken': ['W5ygfluYDv62M4d9oYz97tY97QGfUIGFugzayeapYVQucTxtT4ZO6AIZTnmoa8l2'], 'username': ['1'], 'password': ['1'], 'auth_code': ['1']}>
form.cleaned_data {'username': '1', 'password': 'aec495598b5ed93526fa794ddde1c873', 'auth_code': '1'}
<QueryDict: {'csrfmiddlewaretoken': ['zc9GaPJcPVEukoJVL6jD7DUmJuM8ahkj7naAtIpDaloWKd3fgcJi6KEcv1shqHZG'], 'username': ['1'], 'password': ['1'], 'auth_code': ['1']}>
form.cleaned_data {'username': '1', 'password': 'aec495598b5ed93526fa794ddde1c873', 'auth_code': '1'}
<QueryDict: {'csrfmiddlewaretoken': ['VMkYMPL4JpaOwc8W0dfvn62ZLMem6dgptXlS5Irv4PUgW1sgvjFamdMPxjUvmDVM'], 'username': ['1'], 'password': ['1'], 'auth_code': ['11']}>
form.cleaned_data {'username': '1', 'password': 'aec495598b5ed93526fa794ddde1c873', 'auth_code': '11'}
<QueryDict: {'csrfmiddlewaretoken': ['ci6vQ417bnbIcpwouXGcZNzEe4u9Ax6jKt7p9XHywNVaCeQIZ36RYUju0BaiQXLG'], 'username': ['1'], 'password': ['1'], 'auth_code': ['1']}>
form.cleaned_data {'username': '1', 'password': 'aec495598b5ed93526fa794ddde1c873', 'auth_code': '1'}
Watching for file changes with StatReloader
[15/Feb/2023 15:17:24] "POST /login/ HTTP/1.1" 200 5258
[15/Feb/2023 15:17:24] "GET /static/bootstrap/css/bootstrap.min.css HTTP/1.1" 200 194901
[15/Feb/2023 15:17:24] "GET /static/jquery-3.5.1/jquery.min.js HTTP/1.1" 200 89476
[15/Feb/2023 15:17:24] "GET /static/bootstrap/js/bootstrap.min.js HTTP/1.1" 200 60404
[15/Feb/2023 15:17:24] "GET /static/img/%E6%9D%BE%E6%A0%91.svg HTTP/1.1" 200 4799
[15/Feb/2023 15:17:24] "GET /static/bootstrap/css/bootstrap.min.css.map HTTP/1.1" 200 522639
[15/Feb/2023 15:17:24] "GET /static/bootstrap/js/bootstrap.min.js.map HTTP/1.1" 200 216913
[15/Feb/2023 15:17:24] "GET /auth/code/ HTTP/1.1" 200 4806
[15/Feb/2023 15:17:26] "POST /login/ HTTP/1.1" 200 5258
[15/Feb/2023 15:17:26] "GET /static/jquery-3.5.1/jquery.min.js HTTP/1.1" 200 89476
[15/Feb/2023 15:17:26] "GET /static/bootstrap/css/bootstrap.min.css HTTP/1.1" 200 194901
[15/Feb/2023 15:17:26] "GET /static/bootstrap/js/bootstrap.min.js HTTP/1.1" 200 60404
[15/Feb/2023 15:17:26] "GET /static/bootstrap/css/bootstrap.min.css.map HTTP/1.1" 200 522639
[15/Feb/2023 15:17:26] "GET /static/bootstrap/js/bootstrap.min.js.map HTTP/1.1" 200 216913
[15/Feb/2023 15:17:26] "GET /static/img/%E6%9D%BE%E6%A0%91.svg HTTP/1.1" 200 4799
[15/Feb/2023 15:17:26] "GET /auth/code/ HTTP/1.1" 200 4244
[15/Feb/2023 15:17:27] "POST /login/ HTTP/1.1" 200 5258
[15/Feb/2023 15:17:27] "GET /static/jquery-3.5.1/jquery.min.js HTTP/1.1" 200 89476
[15/Feb/2023 15:17:27] "GET /static/bootstrap/css/bootstrap.min.css HTTP/1.1" 200 194901
[15/Feb/2023 15:17:27] "GET /static/bootstrap/js/bootstrap.min.js HTTP/1.1" 200 60404
[15/Feb/2023 15:17:27] "GET /static/img/%E6%9D%BE%E6%A0%91.svg HTTP/1.1" 200 4799
[15/Feb/2023 15:17:27] "GET /static/bootstrap/js/bootstrap.min.js.map HTTP/1.1" 200 216913
[15/Feb/2023 15:17:27] "GET /static/bootstrap/css/bootstrap.min.css.map HTTP/1.1" 200 522639
[15/Feb/2023 15:17:27] "GET /auth/code/ HTTP/1.1" 200 4819
/www/django_www/app01/views/login.py changed, reloading.
Performing system checks...

System check identified no issues (0 silenced).
February 15, 2023 - 15:17:23
Django version 3.2, using settings 'django_www.settings'
Starting development server at http://0.0.0.0:80/
Quit the server with CONTROL-C.
<QueryDict: {'csrfmiddlewaretoken': ['4Fxu4KZopupvA3GK4nIUTpXVGe9oAeITCQyonDFPKU9X0S04zt8zSwHLsLPxQEng'], 'username': ['1'], 'password': ['1'], 'auth_code': ['1']}>
form.cleaned_data {'username': '1', 'password': 'aec495598b5ed93526fa794ddde1c873', 'auth_code': '1'}
<QueryDict: {'csrfmiddlewaretoken': ['CfqqUsL2XG4wdKk3iU5yxIAVLLe2ufxmaqrkdlrti6OYDzEnN0vdwPkLxiUbKFcJ'], 'username': ['1'], 'password': ['1'], 'auth_code': ['1']}>
form.cleaned_data {'username': '1', 'password': 'aec495598b5ed93526fa794ddde1c873', 'auth_code': '1'}
<QueryDict: {'csrfmiddlewaretoken': ['G7Fn7sXQJAnNBFxbMmBPbg7iGADkkrLSeiGhqlDh407f1uRvhs1uanR8s7jtARqf'], 'username': ['1'], 'password': ['1'], 'auth_code': ['1']}>
form.cleaned_data {'username': '1', 'password': 'aec495598b5ed93526fa794ddde1c873', 'auth_code': '1'}
Watching for file changes with StatReloader
/www/django_www/app01/views/login.py changed, reloading.
Performing system checks...

System check identified no issues (0 silenced).
February 15, 2023 - 15:17:43
Django version 3.2, using settings 'django_www.settings'
Starting development server at http://0.0.0.0:80/
Quit the server with CONTROL-C.
Watching for file changes with StatReloader
/www/django_www/app01/views/login.py changed, reloading.
Performing system checks...

System check identified no issues (0 silenced).
February 15, 2023 - 15:17:50
Django version 3.2, using settings 'django_www.settings'
Starting development server at http://0.0.0.0:80/
Quit the server with CONTROL-C.
Watching for file changes with StatReloader
[15/Feb/2023 15:19:53] "POST /login/ HTTP/1.1" 200 5258
[15/Feb/2023 15:19:53] "GET /static/jquery-3.5.1/jquery.min.js HTTP/1.1" 200 89476
[15/Feb/2023 15:19:53] "GET /static/bootstrap/css/bootstrap.min.css HTTP/1.1" 200 194901
[15/Feb/2023 15:19:53] "GET /static/bootstrap/js/bootstrap.min.js HTTP/1.1" 200 60404
[15/Feb/2023 15:19:53] "GET /static/img/%E6%9D%BE%E6%A0%91.svg HTTP/1.1" 200 4799
[15/Feb/2023 15:19:53] "GET /static/bootstrap/js/bootstrap.min.js.map HTTP/1.1" 200 216913
[15/Feb/2023 15:19:53] "GET /static/bootstrap/css/bootstrap.min.css.map HTTP/1.1" 200 522639
[15/Feb/2023 15:19:54] "GET /auth/code/ HTTP/1.1" 200 4783
[15/Feb/2023 15:19:54] "POST /login/ HTTP/1.1" 200 5258
[15/Feb/2023 15:19:54] "GET /static/bootstrap/css/bootstrap.min.css HTTP/1.1" 200 194901
[15/Feb/2023 15:19:54] "GET /static/jquery-3.5.1/jquery.min.js HTTP/1.1" 200 89476
[15/Feb/2023 15:19:54] "GET /static/bootstrap/js/bootstrap.min.js HTTP/1.1" 200 60404
[15/Feb/2023 15:19:54] "GET /static/img/%E6%9D%BE%E6%A0%91.svg HTTP/1.1" 200 4799
[15/Feb/2023 15:19:54] "GET /static/bootstrap/css/bootstrap.min.css.map HTTP/1.1" 200 522639
[15/Feb/2023 15:19:54] "GET /static/bootstrap/js/bootstrap.min.js.map HTTP/1.1" 200 216913
[15/Feb/2023 15:19:54] "GET /auth/code/ HTTP/1.1" 200 4875
/www/django_www/app01/views/login.py changed, reloading.
Performing system checks...

System check identified no issues (0 silenced).
February 15, 2023 - 15:19:51
Django version 3.2, using settings 'django_www.settings'
Starting development server at http://0.0.0.0:80/
Quit the server with CONTROL-C.
<QueryDict: {'csrfmiddlewaretoken': ['QzLDcqs6QP48TnUrbzUfLpqW3he5pvmYoKMxvj8xbfOAjceLGFkUKwaMPOUeFV1l'], 'username': ['1'], 'password': ['1'], 'auth_code': ['1']}>
form.cleaned_data {'username': '1', 'password': 'aec495598b5ed93526fa794ddde1c873', 'auth_code': '1'}
<QueryDict: {'csrfmiddlewaretoken': ['opuTBnAWpP2BwZhWR7VRsUwOkkviV5diWAvNUggnKfM3WOBgmdlwr1gE6RbrbvSF'], 'username': ['1'], 'password': ['1'], 'auth_code': ['1']}>
form.cleaned_data {'username': '1', 'password': 'aec495598b5ed93526fa794ddde1c873', 'auth_code': '1'}
Watching for file changes with StatReloader
Internal Server Error: /login/
Traceback (most recent call last):
  File "/usr/local/lib/python3.8/dist-packages/django/core/handlers/exception.py", line 47, in inner
    response = get_response(request)
  File "/usr/local/lib/python3.8/dist-packages/django/core/handlers/base.py", line 188, in _get_response
    self.check_response(response, callback)
  File "/usr/local/lib/python3.8/dist-packages/django/core/handlers/base.py", line 309, in check_response
    raise ValueError(
ValueError: The view app01.views.login.login didn't return an HttpResponse object. It returned None instead.
[15/Feb/2023 15:20:04] "POST /login/ HTTP/1.1" 500 58331
Internal Server Error: /login/
Traceback (most recent call last):
  File "/usr/local/lib/python3.8/dist-packages/django/core/handlers/exception.py", line 47, in inner
    response = get_response(request)
  File "/usr/local/lib/python3.8/dist-packages/django/core/handlers/base.py", line 188, in _get_response
    self.check_response(response, callback)
  File "/usr/local/lib/python3.8/dist-packages/django/core/handlers/base.py", line 309, in check_response
    raise ValueError(
ValueError: The view app01.views.login.login didn't return an HttpResponse object. It returned None instead.
[15/Feb/2023 15:20:07] "POST /login/ HTTP/1.1" 500 58331
Internal Server Error: /login/
Traceback (most recent call last):
  File "/usr/local/lib/python3.8/dist-packages/django/core/handlers/exception.py", line 47, in inner
    response = get_response(request)
  File "/usr/local/lib/python3.8/dist-packages/django/core/handlers/base.py", line 188, in _get_response
    self.check_response(response, callback)
  File "/usr/local/lib/python3.8/dist-packages/django/core/handlers/base.py", line 309, in check_response
    raise ValueError(
ValueError: The view app01.views.login.login didn't return an HttpResponse object. It returned None instead.
[15/Feb/2023 15:20:10] "POST /login/ HTTP/1.1" 500 58331
Internal Server Error: /login/
Traceback (most recent call last):
  File "/usr/local/lib/python3.8/dist-packages/django/core/handlers/exception.py", line 47, in inner
    response = get_response(request)
  File "/usr/local/lib/python3.8/dist-packages/django/core/handlers/base.py", line 188, in _get_response
    self.check_response(response, callback)
  File "/usr/local/lib/python3.8/dist-packages/django/core/handlers/base.py", line 309, in check_response
    raise ValueError(
ValueError: The view app01.views.login.login didn't return an HttpResponse object. It returned None instead.
[15/Feb/2023 15:20:10] "POST /login/ HTTP/1.1" 500 58331
Internal Server Error: /login/
Traceback (most recent call last):
  File "/usr/local/lib/python3.8/dist-packages/django/core/handlers/exception.py", line 47, in inner
    response = get_response(request)
  File "/usr/local/lib/python3.8/dist-packages/django/core/handlers/base.py", line 188, in _get_response
    self.check_response(response, callback)
  File "/usr/local/lib/python3.8/dist-packages/django/core/handlers/base.py", line 309, in check_response
    raise ValueError(
ValueError: The view app01.views.login.login didn't return an HttpResponse object. It returned None instead.
[15/Feb/2023 15:20:11] "POST /login/ HTTP/1.1" 500 58331
Internal Server Error: /login/
Traceback (most recent call last):
  File "/usr/local/lib/python3.8/dist-packages/django/core/handlers/exception.py", line 47, in inner
    response = get_response(request)
  File "/usr/local/lib/python3.8/dist-packages/django/core/handlers/base.py", line 188, in _get_response
    self.check_response(response, callback)
  File "/usr/local/lib/python3.8/dist-packages/django/core/handlers/base.py", line 309, in check_response
    raise ValueError(
ValueError: The view app01.views.login.login didn't return an HttpResponse object. It returned None instead.
[15/Feb/2023 15:20:11] "POST /login/ HTTP/1.1" 500 58331
Internal Server Error: /login/
Traceback (most recent call last):
  File "/usr/local/lib/python3.8/dist-packages/django/core/handlers/exception.py", line 47, in inner
    response = get_response(request)
  File "/usr/local/lib/python3.8/dist-packages/django/core/handlers/base.py", line 188, in _get_response
    self.check_response(response, callback)
  File "/usr/local/lib/python3.8/dist-packages/django/core/handlers/base.py", line 309, in check_response
    raise ValueError(
ValueError: The view app01.views.login.login didn't return an HttpResponse object. It returned None instead.
[15/Feb/2023 15:20:11] "POST /login/ HTTP/1.1" 500 58331
/www/django_www/app01/views/login.py changed, reloading.
Performing system checks...

System check identified no issues (0 silenced).
February 15, 2023 - 15:20:03
Django version 3.2, using settings 'django_www.settings'
Starting development server at http://0.0.0.0:80/
Quit the server with CONTROL-C.
<QueryDict: {'csrfmiddlewaretoken': ['x1tivYxi689Rz8RnURteC6ttxv1tQGCk5cucORdJryTjZXbHpXTTBddjj2HC66hH'], 'username': ['1'], 'password': ['1'], 'auth_code': ['1']}>
form.cleaned_data {'username': '1', 'password': 'aec495598b5ed93526fa794ddde1c873', 'auth_code': '1'}
<QueryDict: {'csrfmiddlewaretoken': ['opuTBnAWpP2BwZhWR7VRsUwOkkviV5diWAvNUggnKfM3WOBgmdlwr1gE6RbrbvSF'], 'username': ['1'], 'password': ['1'], 'auth_code': ['1']}>
form.cleaned_data {'username': '1', 'password': 'aec495598b5ed93526fa794ddde1c873', 'auth_code': '1'}
<QueryDict: {'csrfmiddlewaretoken': ['QzLDcqs6QP48TnUrbzUfLpqW3he5pvmYoKMxvj8xbfOAjceLGFkUKwaMPOUeFV1l'], 'username': ['1'], 'password': ['1'], 'auth_code': ['1']}>
form.cleaned_data {'username': '1', 'password': 'aec495598b5ed93526fa794ddde1c873', 'auth_code': '1'}
<QueryDict: {'csrfmiddlewaretoken': ['G7Fn7sXQJAnNBFxbMmBPbg7iGADkkrLSeiGhqlDh407f1uRvhs1uanR8s7jtARqf'], 'username': ['1'], 'password': ['1'], 'auth_code': ['1']}>
form.cleaned_data {'username': '1', 'password': 'aec495598b5ed93526fa794ddde1c873', 'auth_code': '1'}
<QueryDict: {'csrfmiddlewaretoken': ['CfqqUsL2XG4wdKk3iU5yxIAVLLe2ufxmaqrkdlrti6OYDzEnN0vdwPkLxiUbKFcJ'], 'username': ['1'], 'password': ['1'], 'auth_code': ['1']}>
form.cleaned_data {'username': '1', 'password': 'aec495598b5ed93526fa794ddde1c873', 'auth_code': '1'}
<QueryDict: {'csrfmiddlewaretoken': ['4Fxu4KZopupvA3GK4nIUTpXVGe9oAeITCQyonDFPKU9X0S04zt8zSwHLsLPxQEng'], 'username': ['1'], 'password': ['1'], 'auth_code': ['1']}>
form.cleaned_data {'username': '1', 'password': 'aec495598b5ed93526fa794ddde1c873', 'auth_code': '1'}
<QueryDict: {'csrfmiddlewaretoken': ['ci6vQ417bnbIcpwouXGcZNzEe4u9Ax6jKt7p9XHywNVaCeQIZ36RYUju0BaiQXLG'], 'username': ['1'], 'password': ['1'], 'auth_code': ['1']}>
form.cleaned_data {'username': '1', 'password': 'aec495598b5ed93526fa794ddde1c873', 'auth_code': '1'}
Watching for file changes with StatReloader
[15/Feb/2023 15:20:16] "POST /login/ HTTP/1.1" 200 5259
[15/Feb/2023 15:20:16] "GET /static/jquery-3.5.1/jquery.min.js HTTP/1.1" 200 89476
[15/Feb/2023 15:20:16] "GET /static/bootstrap/css/bootstrap.min.css HTTP/1.1" 200 194901
[15/Feb/2023 15:20:17] "GET /static/bootstrap/js/bootstrap.min.js HTTP/1.1" 200 60404
[15/Feb/2023 15:20:17] "GET /static/img/%E6%9D%BE%E6%A0%91.svg HTTP/1.1" 200 4799
[15/Feb/2023 15:20:17] "GET /static/bootstrap/js/bootstrap.min.js.map HTTP/1.1" 200 216913
[15/Feb/2023 15:20:17] "GET /static/bootstrap/css/bootstrap.min.css.map HTTP/1.1" 200 522639
[15/Feb/2023 15:20:17] "GET /auth/code/ HTTP/1.1" 200 5137
[15/Feb/2023 15:20:25] "POST /login/ HTTP/1.1" 200 5261
[15/Feb/2023 15:20:25] "GET /static/jquery-3.5.1/jquery.min.js HTTP/1.1" 200 89476
[15/Feb/2023 15:20:25] "GET /static/bootstrap/css/bootstrap.min.css HTTP/1.1" 200 194901
[15/Feb/2023 15:20:25] "GET /static/bootstrap/js/bootstrap.min.js HTTP/1.1" 200 60404
[15/Feb/2023 15:20:25] "GET /static/img/%E6%9D%BE%E6%A0%91.svg HTTP/1.1" 200 4799
[15/Feb/2023 15:20:25] "GET /static/bootstrap/js/bootstrap.min.js.map HTTP/1.1" 200 216913
[15/Feb/2023 15:20:25] "GET /static/bootstrap/css/bootstrap.min.css.map HTTP/1.1" 200 522639
[15/Feb/2023 15:20:25] "GET /auth/code/ HTTP/1.1" 200 5473
[15/Feb/2023 15:20:30] "POST /login/ HTTP/1.1" 302 0
[15/Feb/2023 15:20:30] "GET /admin/ HTTP/1.1" 200 8588
[15/Feb/2023 15:20:30] "GET /static/jquery-3.5.1/jquery.min.js HTTP/1.1" 200 89476
[15/Feb/2023 15:20:30] "GET /static/bootstrap/css/bootstrap.min.css HTTP/1.1" 200 194901
[15/Feb/2023 15:20:30] "GET /static/bootstrap/js/bootstrap.min.js HTTP/1.1" 200 60404
[15/Feb/2023 15:20:30] "GET /static/bootstrap/js/bootstrap.min.js.map HTTP/1.1" 200 216913
[15/Feb/2023 15:20:30] "GET /static/bootstrap/css/bootstrap.min.css.map HTTP/1.1" 200 522639
[15/Feb/2023 15:20:53] "GET /logout/ HTTP/1.1" 302 0
[15/Feb/2023 15:20:53] "GET /login/ HTTP/1.1" 200 5223
[15/Feb/2023 15:20:53] "GET /static/jquery-3.5.1/jquery.min.js HTTP/1.1" 200 89476
[15/Feb/2023 15:20:53] "GET /static/bootstrap/css/bootstrap.min.css HTTP/1.1" 200 194901
[15/Feb/2023 15:20:53] "GET /static/bootstrap/js/bootstrap.min.js HTTP/1.1" 200 60404
[15/Feb/2023 15:20:53] "GET /static/img/%E6%9D%BE%E6%A0%91.svg HTTP/1.1" 200 4799
[15/Feb/2023 15:20:53] "GET /static/bootstrap/js/bootstrap.min.js.map HTTP/1.1" 200 216913
[15/Feb/2023 15:20:53] "GET /static/bootstrap/css/bootstrap.min.css.map HTTP/1.1" 200 522639
[15/Feb/2023 15:20:53] "GET /auth/code/ HTTP/1.1" 200 4346
[15/Feb/2023 15:22:31] "GET /login/ HTTP/1.1" 200 5223
[15/Feb/2023 15:22:31] "GET /auth/code/ HTTP/1.1" 200 4651
[15/Feb/2023 15:22:33] "GET /admin/ HTTP/1.1" 302 0
[15/Feb/2023 15:22:33] "GET /login/ HTTP/1.1" 200 5223
[15/Feb/2023 15:22:33] "GET /auth/code/ HTTP/1.1" 200 4919
[15/Feb/2023 15:22:34] "GET /lifelog/ HTTP/1.1" 302 0
[15/Feb/2023 15:22:34] "GET /login/ HTTP/1.1" 200 5223
[15/Feb/2023 15:22:34] "GET /auth/code/ HTTP/1.1" 200 4980
[15/Feb/2023 15:22:44] "POST /login/ HTTP/1.1" 200 5261
[15/Feb/2023 15:22:44] "GET /auth/code/ HTTP/1.1" 200 4759
[15/Feb/2023 15:22:52] "POST /login/ HTTP/1.1" 200 5261
[15/Feb/2023 15:22:52] "GET /auth/code/ HTTP/1.1" 200 4808
[15/Feb/2023 15:22:56] "POST /login/ HTTP/1.1" 200 5261
[15/Feb/2023 15:22:56] "GET /auth/code/ HTTP/1.1" 200 4826
[15/Feb/2023 15:23:00] "POST /login/ HTTP/1.1" 302 0
[15/Feb/2023 15:23:00] "GET /admin/ HTTP/1.1" 200 8588
/www/django_www/app01/views/login.py changed, reloading.
Performing system checks...

System check identified no issues (0 silenced).
February 15, 2023 - 15:20:16
Django version 3.2, using settings 'django_www.settings'
Starting development server at http://0.0.0.0:80/
Quit the server with CONTROL-C.
<QueryDict: {'csrfmiddlewaretoken': ['VMkYMPL4JpaOwc8W0dfvn62ZLMem6dgptXlS5Irv4PUgW1sgvjFamdMPxjUvmDVM'], 'username': ['1'], 'password': ['1'], 'auth_code': ['11']}>
form.cleaned_data {'username': '1', 'password': 'aec495598b5ed93526fa794ddde1c873', 'auth_code': '11'}
<QueryDict: {'csrfmiddlewaretoken': ['CqDbO0btGjQcz0KroMfcFy0J5xAsj0CaaBE57TRU1JAEZP4LTSFREFKzR4gBzqhx'], 'username': ['1'], 'password': ['1'], 'auth_code': ['vcyr']}>
form.cleaned_data {'username': '1', 'password': 'aec495598b5ed93526fa794ddde1c873', 'auth_code': 'vcyr'}
<QueryDict: {'csrfmiddlewaretoken': ['rFTei1mxHqUCfkbO7hyCuHrg99bw1WtvZQU8BU2Y2QE4F9v8CnYhtOb6VGRFhm8S'], 'username': ['1'], 'password': ['1'], 'auth_code': ['crym']}>
form.cleaned_data {'username': '1', 'password': 'aec495598b5ed93526fa794ddde1c873', 'auth_code': 'crym'}
request <WSGIRequest: GET '/admin/'>
request.session <django.contrib.sessions.backends.db.SessionStore object at 0x7fb64c43bdf0>
<QueryDict: {'csrfmiddlewaretoken': ['hZ77MVtuhKyeD88FtHgT51Yw3nfYcMWxPa815O9VCaiG3XsZYNGy48ImPUV7scBU'], 'username': ['1'], 'password': ['1'], 'auth_code': ['ukrx']}>
form.cleaned_data {'username': '1', 'password': 'aec495598b5ed93526fa794ddde1c873', 'auth_code': 'ukrx'}
<QueryDict: {'csrfmiddlewaretoken': ['hZ77MVtuhKyeD88FtHgT51Yw3nfYcMWxPa815O9VCaiG3XsZYNGy48ImPUV7scBU'], 'username': ['1'], 'password': ['1'], 'auth_code': ['ukrx']}>
form.cleaned_data {'username': '1', 'password': 'aec495598b5ed93526fa794ddde1c873', 'auth_code': 'ukrx'}
<QueryDict: {'csrfmiddlewaretoken': ['Hfcgr57fL5xCTJT0WgkOzDeseY86LEY1fqdaKYNG6vh4jydkrmKtyKYi0vOf14Do'], 'username': ['1'], 'password': ['1'], 'auth_code': ['ukrx']}>
form.cleaned_data {'username': '1', 'password': 'aec495598b5ed93526fa794ddde1c873', 'auth_code': 'ukrx'}
<QueryDict: {'csrfmiddlewaretoken': ['fory4CJwgD75WuRbbqQyp198F1BAHtGmNzssnvpXB3RxmjbvGwgdo8TYryhJXTlJ'], 'username': ['1'], 'password': ['1'], 'auth_code': ['kene']}>
form.cleaned_data {'username': '1', 'password': 'aec495598b5ed93526fa794ddde1c873', 'auth_code': 'kene'}
request <WSGIRequest: GET '/admin/'>
request.session <django.contrib.sessions.backends.db.SessionStore object at 0x7fb64dd307c0>
Watching for file changes with StatReloader
/www/django_www/app01/views/login.py changed, reloading.
Performing system checks...

System check identified no issues (0 silenced).
February 15, 2023 - 15:25:59
Django version 3.2, using settings 'django_www.settings'
Starting development server at http://0.0.0.0:80/
Quit the server with CONTROL-C.
Watching for file changes with StatReloader
